{"C:\\Users\\glenl\\.zenflow\\worktrees\\jan-28-review-3d6f\\frontend\\src\\components\\AppHeader.vue": {"path":"C:\\Users\\glenl\\.zenflow\\worktrees\\jan-28-review-3d6f\\frontend\\src\\components\\AppHeader.vue","statementMap":{"0":{"start":{"line":54,"column":6},"end":{"line":54,"column":26}},"1":{"start":{"line":55,"column":6},"end":{"line":55,"column":24}},"2":{"start":{"line":56,"column":6},"end":{"line":56,"column":32}},"3":{"start":{"line":57,"column":8},"end":{"line":57,"column":23}},"4":{"start":{"line":59,"column":6},"end":{"line":59,"column":33}},"5":{"start":{"line":60,"column":6},"end":{"line":60,"column":27}},"6":{"start":{"line":63,"column":6},"end":{"line":64,"column":null}},"7":{"start":{"line":64,"column":2},"end":{"line":64,"column":null}},"8":{"start":{"line":67,"column":0},"end":{"line":67,"column":null}},"9":{"start":{"line":68,"column":0},"end":{"line":68,"column":null}},"10":{"start":{"line":70,"column":6},"end":{"line":70,"column":64}},"11":{"start":{"line":70,"column":36},"end":{"line":70,"column":62}},"12":{"start":{"line":72,"column":6},"end":{"line":80,"column":null}},"13":{"start":{"line":73,"column":43},"end":{"line":77,"column":null}},"14":{"start":{"line":79,"column":2},"end":{"line":79,"column":null}},"15":{"start":{"line":83,"column":2},"end":{"line":90,"column":null}},"16":{"start":{"line":84,"column":4},"end":{"line":84,"column":null}},"17":{"start":{"line":85,"column":4},"end":{"line":85,"column":null}},"18":{"start":{"line":86,"column":4},"end":{"line":86,"column":null}},"19":{"start":{"line":87,"column":13},"end":{"line":90,"column":null}},"20":{"start":{"line":88,"column":4},"end":{"line":88,"column":null}},"21":{"start":{"line":89,"column":13},"end":{"line":90,"column":null}},"22":{"start":{"line":90,"column":4},"end":{"line":90,"column":null}},"23":{"start":{"line":95,"column":2},"end":{"line":95,"column":null}},"24":{"start":{"line":3,"column":9},"end":{"line":3,"column":28}},"25":{"start":{"line":14,"column":10},"end":{"line":14,"column":28}},"26":{"start":{"line":21,"column":16},"end":{"line":21,"column":32}},"27":{"start":{"line":2,"column":2},"end":{"line":22,"column":61}},"28":{"start":{"line":11,"column":25},"end":{"line":11,"column":35}},"29":{"start":{"line":38,"column":29},"end":{"line":36,"column":null}},"30":{"start":{"line":29,"column":31},"end":{"line":36,"column":null}},"31":{"start":{"line":27,"column":41},"end":{"line":28,"column":null}},"32":{"start":{"line":27,"column":31},"end":{"line":27,"column":41}},"33":{"start":{"line":31,"column":44},"end":{"line":32,"column":null}},"34":{"start":{"line":31,"column":34},"end":{"line":31,"column":44}},"35":{"start":{"line":35,"column":49},"end":{"line":36,"column":null}},"36":{"start":{"line":35,"column":39},"end":{"line":35,"column":49}},"37":{"start":{"line":23,"column":17},"end":{"line":22,"column":61}},"38":{"start":{"line":22,"column":51},"end":{"line":22,"column":61}}},"fnMap":{"0":{"name":"(anonymous_0)","decl":{"start":{"line":63,"column":6},"end":{"line":63,"column":26}},"loc":{"start":{"line":63,"column":26},"end":{"line":64,"column":null}},"line":63},"1":{"name":"(anonymous_1)","decl":{"start":{"line":70,"column":20},"end":{"line":70,"column":36}},"loc":{"start":{"line":70,"column":36},"end":{"line":70,"column":62}},"line":70},"2":{"name":"(anonymous_2)","decl":{"start":{"line":72,"column":25},"end":{"line":72,"column":40}},"loc":{"start":{"line":72,"column":40},"end":{"line":80,"column":null}},"line":72},"3":{"name":"handleCommand","decl":{"start":{"line":82,"column":9},"end":{"line":82,"column":23}},"loc":{"start":{"line":82,"column":40},"end":{"line":90,"column":null}},"line":82},"4":{"name":"toggleMobileMenu","decl":{"start":{"line":94,"column":9},"end":{"line":94,"column":28}},"loc":{"start":{"line":94,"column":28},"end":{"line":95,"column":null}},"line":94},"5":{"name":"(anonymous_5)","decl":{"start":{"line":11,"column":25},"end":{"line":11,"column":35}},"loc":{"start":{"line":11,"column":25},"end":{"line":11,"column":35}},"line":11},"6":{"name":"(anonymous_6)","decl":{"start":{"line":24,"column":27},"end":{"line":24,"column":null}},"loc":{"start":{"line":38,"column":29},"end":{"line":36,"column":null}},"line":38},"7":{"name":"(anonymous_7)","decl":{"start":{"line":29,"column":31},"end":{"line":29,"column":null}},"loc":{"start":{"line":29,"column":31},"end":{"line":36,"column":null}},"line":29},"8":{"name":"(anonymous_8)","decl":{"start":{"line":27,"column":41},"end":{"line":27,"column":null}},"loc":{"start":{"line":27,"column":41},"end":{"line":28,"column":null}},"line":27},"9":{"name":"(anonymous_9)","decl":{"start":{"line":27,"column":31},"end":{"line":27,"column":41}},"loc":{"start":{"line":27,"column":31},"end":{"line":27,"column":41}},"line":27},"10":{"name":"(anonymous_10)","decl":{"start":{"line":31,"column":44},"end":{"line":31,"column":null}},"loc":{"start":{"line":31,"column":44},"end":{"line":32,"column":null}},"line":31},"11":{"name":"(anonymous_11)","decl":{"start":{"line":31,"column":34},"end":{"line":31,"column":44}},"loc":{"start":{"line":31,"column":34},"end":{"line":31,"column":44}},"line":31},"12":{"name":"(anonymous_12)","decl":{"start":{"line":35,"column":49},"end":{"line":35,"column":null}},"loc":{"start":{"line":35,"column":49},"end":{"line":36,"column":null}},"line":35},"13":{"name":"(anonymous_13)","decl":{"start":{"line":35,"column":39},"end":{"line":35,"column":49}},"loc":{"start":{"line":35,"column":39},"end":{"line":35,"column":49}},"line":35},"14":{"name":"(anonymous_14)","decl":{"start":{"line":23,"column":17},"end":{"line":23,"column":null}},"loc":{"start":{"line":23,"column":17},"end":{"line":22,"column":61}},"line":23},"15":{"name":"(anonymous_15)","decl":{"start":{"line":22,"column":51},"end":{"line":22,"column":61}},"loc":{"start":{"line":22,"column":51},"end":{"line":22,"column":61}},"line":22}},"branchMap":{"0":{"loc":{"start":{"line":79,"column":9},"end":{"line":79,"column":null}},"type":"binary-expr","locations":[{"start":{"line":79,"column":9},"end":{"line":79,"column":33}},{"start":{"line":79,"column":33},"end":{"line":79,"column":63}},{"start":{"line":79,"column":63},"end":{"line":79,"column":null}}],"line":79},"1":{"loc":{"start":{"line":83,"column":2},"end":{"line":90,"column":null}},"type":"if","locations":[{"start":{"line":83,"column":2},"end":{"line":90,"column":null}},{"start":{"line":87,"column":13},"end":{"line":90,"column":null}}],"line":83},"2":{"loc":{"start":{"line":87,"column":13},"end":{"line":90,"column":null}},"type":"if","locations":[{"start":{"line":87,"column":13},"end":{"line":90,"column":null}},{"start":{"line":89,"column":13},"end":{"line":90,"column":null}}],"line":87},"3":{"loc":{"start":{"line":89,"column":13},"end":{"line":90,"column":null}},"type":"if","locations":[{"start":{"line":89,"column":13},"end":{"line":90,"column":null}},{"start":{},"end":{}}],"line":89},"4":{"loc":{"start":{"line":5,"column":14},"end":{"line":11,"column":35}},"type":"cond-expr","locations":[{"start":{"line":5,"column":14},"end":{"line":11,"column":35}}],"line":5},"5":{"loc":{"start":{"line":13,"column":6},"end":{"line":13,"column":68}},"type":"binary-expr","locations":[{"start":{"line":13,"column":6},"end":{"line":13,"column":10}},{"start":{"line":13,"column":6},"end":{"line":13,"column":68}}],"line":13},"6":{"loc":{"start":{"line":21,"column":36},"end":{"line":21,"column":74}},"type":"binary-expr","locations":[{"start":{"line":21,"column":36},"end":{"line":21,"column":54}},{"start":{"line":21,"column":54},"end":{"line":21,"column":74}}],"line":21}},"s":{"0":7,"1":7,"2":7,"3":7,"4":7,"5":7,"6":7,"7":7,"8":7,"9":7,"10":7,"11":7,"12":7,"13":12,"14":12,"15":2,"16":1,"17":1,"18":1,"19":1,"20":1,"21":0,"22":0,"23":0,"24":1,"25":1,"26":1,"27":9,"28":0,"29":0,"30":0,"31":0,"32":0,"33":0,"34":0,"35":0,"36":0,"37":9,"38":9},"f":{"0":7,"1":7,"2":12,"3":2,"4":0,"5":0,"6":0,"7":0,"8":0,"9":0,"10":0,"11":0,"12":0,"13":0,"14":9,"15":9},"b":{"0":[12,8,8],"1":[1,1],"2":[1,0],"3":[0,0],"4":[0,null],"5":[9,7],"6":[9,0]},"meta":{"lastBranch":0,"lastFunction":0,"lastStatement":0,"seen":{}}}
,"C:\\Users\\glenl\\.zenflow\\worktrees\\jan-28-review-3d6f\\frontend\\src\\components\\common\\ErrorBoundary.vue": {"path":"C:\\Users\\glenl\\.zenflow\\worktrees\\jan-28-review-3d6f\\frontend\\src\\components\\common\\ErrorBoundary.vue","statementMap":{"0":{"start":{"line":33,"column":6},"end":{"line":33,"column":26}},"1":{"start":{"line":35,"column":6},"end":{"line":35,"column":27}},"2":{"start":{"line":36,"column":6},"end":{"line":36,"column":28}},"3":{"start":{"line":37,"column":6},"end":{"line":37,"column":44}},"4":{"start":{"line":40,"column":2},"end":{"line":40,"column":null}},"5":{"start":{"line":41,"column":2},"end":{"line":41,"column":null}},"6":{"start":{"line":42,"column":2},"end":{"line":42,"column":null}},"7":{"start":{"line":46,"column":2},"end":{"line":46,"column":null}},"8":{"start":{"line":49,"column":0},"end":{"line":58,"column":null}},"9":{"start":{"line":50,"column":2},"end":{"line":50,"column":null}},"10":{"start":{"line":51,"column":2},"end":{"line":51,"column":null}},"11":{"start":{"line":54,"column":2},"end":{"line":54,"column":null}},"12":{"start":{"line":57,"column":2},"end":{"line":57,"column":null}},"13":{"start":{"line":5,"column":11},"end":{"line":5,"column":32}},"14":{"start":{"line":9,"column":12},"end":{"line":9,"column":30}},"15":{"start":{"line":11,"column":13},"end":{"line":11,"column":34}},"16":{"start":{"line":20,"column":19},"end":{"line":20,"column":40}},"17":{"start":{"line":2,"column":2},"end":{"line":21,"column":77}},"18":{"start":{"line":7,"column":21},"end":{"line":7,"column":null}},"19":{"start":{"line":13,"column":38},"end":{"line":13,"column":38}},"20":{"start":{"line":16,"column":36},"end":{"line":16,"column":36}}},"fnMap":{"0":{"name":"retry","decl":{"start":{"line":39,"column":9},"end":{"line":39,"column":17}},"loc":{"start":{"line":39,"column":17},"end":{"line":42,"column":null}},"line":39},"1":{"name":"goHome","decl":{"start":{"line":45,"column":9},"end":{"line":45,"column":18}},"loc":{"start":{"line":45,"column":18},"end":{"line":46,"column":null}},"line":45},"2":{"name":"(anonymous_2)","decl":{"start":{"line":49,"column":0},"end":{"line":49,"column":17}},"loc":{"start":{"line":49,"column":43},"end":{"line":58,"column":null}},"line":49},"3":{"name":"(anonymous_3)","decl":{"start":{"line":7,"column":21},"end":{"line":7,"column":null}},"loc":{"start":{"line":7,"column":21},"end":{"line":7,"column":null}},"line":7},"4":{"name":"(anonymous_4)","decl":{"start":{"line":13,"column":38},"end":{"line":13,"column":null}},"loc":{"start":{"line":13,"column":38},"end":{"line":13,"column":38}},"line":13},"5":{"name":"(anonymous_5)","decl":{"start":{"line":16,"column":36},"end":{"line":16,"column":null}},"loc":{"start":{"line":16,"column":36},"end":{"line":16,"column":36}},"line":16}},"branchMap":{"0":{"loc":{"start":{"line":51,"column":49},"end":{"line":51,"column":86}},"type":"binary-expr","locations":[{"start":{"line":51,"column":49},"end":{"line":51,"column":76}},{"start":{"line":51,"column":76},"end":{"line":51,"column":86}}],"line":51},"1":{"loc":{"start":{"line":25,"column":8},"end":{"line":21,"column":77}},"type":"cond-expr","locations":[{"start":{"line":3,"column":17},"end":{"line":3,"column":null}},{"start":{"line":3,"column":29},"end":{"line":21,"column":77}}],"line":25},"2":{"loc":{"start":{"line":19,"column":23},"end":{"line":21,"column":77}},"type":"cond-expr","locations":[{"start":{"line":19,"column":23},"end":{"line":21,"column":77}},{"start":{"line":21,"column":68},"end":{"line":21,"column":77}}],"line":19}},"s":{"0":6,"1":6,"2":6,"3":6,"4":0,"5":0,"6":0,"7":0,"8":6,"9":5,"10":5,"11":5,"12":5,"13":1,"14":1,"15":1,"16":1,"17":11,"18":5,"19":5,"20":5},"f":{"0":0,"1":0,"2":5,"3":5,"4":5,"5":5},"b":{"0":[5,5],"1":[6,5],"2":[4,1]},"meta":{"lastBranch":0,"lastFunction":0,"lastStatement":0,"seen":{}}}
,"C:\\Users\\glenl\\.zenflow\\worktrees\\jan-28-review-3d6f\\frontend\\src\\components\\common\\LanguageSelector.vue": {"path":"C:\\Users\\glenl\\.zenflow\\worktrees\\jan-28-review-3d6f\\frontend\\src\\components\\common\\LanguageSelector.vue","statementMap":{"0":{"start":{"line":5,"column":16},"end":{"line":5,"column":31}},"1":{"start":{"line":7,"column":18},"end":{"line":9,"column":null}},"2":{"start":{"line":12,"column":6},"end":{"line":14,"column":null}},"3":{"start":{"line":13,"column":2},"end":{"line":13,"column":null}},"4":{"start":{"line":14,"column":2},"end":{"line":14,"column":null}},"5":{"start":{"line":19,"column":7},"end":{"line":19,"column":32}},"6":{"start":{"line":19,"column":2},"end":{"line":33,"column":null}},"7":{"start":{"line":30,"column":33},"end":{"line":33,"column":null}},"8":{"start":{"line":29,"column":6},"end":{"line":33,"column":null}}},"fnMap":{"0":{"name":"(anonymous_0)","decl":{"start":{"line":12,"column":6},"end":{"line":12,"column":24}},"loc":{"start":{"line":12,"column":41},"end":{"line":14,"column":null}},"line":12},"1":{"name":"(anonymous_1)","decl":{"start":{"line":30,"column":33},"end":{"line":30,"column":null}},"loc":{"start":{"line":30,"column":33},"end":{"line":33,"column":null}},"line":30},"2":{"name":"(anonymous_2)","decl":{"start":{"line":30,"column":23},"end":{"line":30,"column":33}},"loc":{"start":{"line":30,"column":19},"end":{"line":33,"column":null}},"line":30}},"branchMap":{},"s":{"0":7,"1":7,"2":7,"3":0,"4":0,"5":1,"6":7,"7":21,"8":42},"f":{"0":0,"1":21,"2":42},"b":{},"meta":{"lastBranch":0,"lastFunction":3,"lastStatement":9,"seen":{"s:5:16:5:31":0,"s:7:18:9:Infinity":1,"s:12:6:14:Infinity":2,"f:12:6:12:24":0,"s:13:2:13:Infinity":3,"s:14:2:14:Infinity":4,"s:19:7:19:32":5,"s:19:2:33:Infinity":6,"f:30:33:30:Infinity":1,"s:30:33:33:Infinity":7,"f:30:23:30:33":2,"s:29:6:33:Infinity":8}}}
,"C:\\Users\\glenl\\.zenflow\\worktrees\\jan-28-review-3d6f\\frontend\\src\\components\\common\\LoadingSkeleton.vue": {"path":"C:\\Users\\glenl\\.zenflow\\worktrees\\jan-28-review-3d6f\\frontend\\src\\components\\common\\LoadingSkeleton.vue","statementMap":{"0":{"start":{"line":2,"column":2},"end":{"line":11,"column":59}}},"fnMap":{},"branchMap":{"0":{"loc":{"start":{"line":11,"column":4},"end":{"line":11,"column":59}},"type":"binary-expr","locations":[{"start":{"line":11,"column":4},"end":{"line":11,"column":9}},{"start":{"line":11,"column":4},"end":{"line":11,"column":59}}],"line":11}},"s":{"0":5},"f":{},"b":{"0":[5,5]},"meta":{"lastBranch":1,"lastFunction":0,"lastStatement":1,"seen":{"s:2:2:11:59":0,"b:11:4:11:9:11:4:11:59":0}}}
,"C:\\Users\\glenl\\.zenflow\\worktrees\\jan-28-review-3d6f\\frontend\\src\\pages\\DashboardPage.vue": {"path":"C:\\Users\\glenl\\.zenflow\\worktrees\\jan-28-review-3d6f\\frontend\\src\\pages\\DashboardPage.vue","statementMap":{"0":{"start":{"line":117,"column":6},"end":{"line":117,"column":26}},"1":{"start":{"line":118,"column":6},"end":{"line":118,"column":40}},"2":{"start":{"line":120,"column":6},"end":{"line":120,"column":69}},"3":{"start":{"line":120,"column":33},"end":{"line":120,"column":68}},"4":{"start":{"line":121,"column":6},"end":{"line":121,"column":53}},"5":{"start":{"line":121,"column":31},"end":{"line":121,"column":53}},"6":{"start":{"line":123,"column":6},"end":{"line":128,"column":3}},"7":{"start":{"line":123,"column":35},"end":{"line":128,"column":3}},"8":{"start":{"line":126,"column":58},"end":{"line":126,"column":78}},"9":{"start":{"line":127,"column":59},"end":{"line":127,"column":80}},"10":{"start":{"line":130,"column":0},"end":{"line":132,"column":null}},"11":{"start":{"line":131,"column":2},"end":{"line":131,"column":null}},"12":{"start":{"line":135,"column":2},"end":{"line":139,"column":null}},"13":{"start":{"line":136,"column":4},"end":{"line":136,"column":null}},"14":{"start":{"line":137,"column":4},"end":{"line":137,"column":null}},"15":{"start":{"line":139,"column":4},"end":{"line":139,"column":null}},"16":{"start":{"line":144,"column":2},"end":{"line":144,"column":null}},"17":{"start":{"line":148,"column":2},"end":{"line":148,"column":null}},"18":{"start":{"line":152,"column":2},"end":{"line":152,"column":null}},"19":{"start":{"line":152,"column":13},"end":{"line":152,"column":null}},"20":{"start":{"line":153,"column":2},"end":{"line":153,"column":null}},"21":{"start":{"line":157,"column":39},"end":{"line":162,"column":null}},"22":{"start":{"line":163,"column":2},"end":{"line":163,"column":null}},"23":{"start":{"line":2,"column":8},"end":{"line":2,"column":30}},"24":{"start":{"line":5,"column":12},"end":{"line":5,"column":32}},"25":{"start":{"line":18,"column":17},"end":{"line":18,"column":37}},"26":{"start":{"line":20,"column":19},"end":{"line":20,"column":37}},"27":{"start":{"line":29,"column":17},"end":{"line":29,"column":37}},"28":{"start":{"line":31,"column":19},"end":{"line":31,"column":37}},"29":{"start":{"line":40,"column":17},"end":{"line":40,"column":37}},"30":{"start":{"line":42,"column":19},"end":{"line":42,"column":37}},"31":{"start":{"line":51,"column":17},"end":{"line":51,"column":37}},"32":{"start":{"line":53,"column":19},"end":{"line":53,"column":37}},"33":{"start":{"line":63,"column":15},"end":{"line":63,"column":34}},"34":{"start":{"line":64,"column":16},"end":{"line":64,"column":45}},"35":{"start":{"line":2,"column":2},"end":{"line":100,"column":41}},"36":{"start":{"line":5,"column":67},"end":{"line":6,"column":45}},"37":{"start":{"line":23,"column":17},"end":{"line":53,"column":78}},"38":{"start":{"line":22,"column":20},"end":{"line":20,"column":80}},"39":{"start":{"line":17,"column":18},"end":{"line":20,"column":80}},"40":{"start":{"line":16,"column":35},"end":{"line":16,"column":45}},"41":{"start":{"line":33,"column":20},"end":{"line":31,"column":81}},"42":{"start":{"line":28,"column":18},"end":{"line":31,"column":81}},"43":{"start":{"line":27,"column":38},"end":{"line":27,"column":48}},"44":{"start":{"line":44,"column":20},"end":{"line":42,"column":77}},"45":{"start":{"line":39,"column":18},"end":{"line":42,"column":77}},"46":{"start":{"line":38,"column":37},"end":{"line":38,"column":47}},"47":{"start":{"line":55,"column":20},"end":{"line":53,"column":78}},"48":{"start":{"line":50,"column":18},"end":{"line":53,"column":78}},"49":{"start":{"line":49,"column":34},"end":{"line":49,"column":44}},"50":{"start":{"line":69,"column":16},"end":{"line":67,"column":null}},"51":{"start":{"line":66,"column":60},"end":{"line":67,"column":null}},"52":{"start":{"line":66,"column":50},"end":{"line":66,"column":60}},"53":{"start":{"line":73,"column":14},"end":{"line":100,"column":41}},"54":{"start":{"line":78,"column":24},"end":{"line":77,"column":47}},"55":{"start":{"line":77,"column":47},"end":{"line":77,"column":47}},"56":{"start":{"line":83,"column":89},"end":{"line":100,"column":41}},"57":{"start":{"line":86,"column":39},"end":{"line":87,"column":108}},"58":{"start":{"line":91,"column":39},"end":{"line":93,"column":56}},"59":{"start":{"line":93,"column":56},"end":{"line":93,"column":56}},"60":{"start":{"line":98,"column":39},"end":{"line":100,"column":41}},"61":{"start":{"line":99,"column":48},"end":{"line":99,"column":83}},"62":{"start":{"line":100,"column":41},"end":{"line":100,"column":41}}},"fnMap":{"0":{"name":"(anonymous_0)","decl":{"start":{"line":120,"column":18},"end":{"line":120,"column":33}},"loc":{"start":{"line":120,"column":33},"end":{"line":120,"column":68}},"line":120},"1":{"name":"(anonymous_1)","decl":{"start":{"line":121,"column":16},"end":{"line":121,"column":31}},"loc":{"start":{"line":121,"column":31},"end":{"line":121,"column":53}},"line":121},"2":{"name":"(anonymous_2)","decl":{"start":{"line":123,"column":19},"end":{"line":123,"column":35}},"loc":{"start":{"line":123,"column":35},"end":{"line":128,"column":3}},"line":123},"3":{"name":"(anonymous_3)","decl":{"start":{"line":126,"column":39},"end":{"line":126,"column":47}},"loc":{"start":{"line":126,"column":58},"end":{"line":126,"column":78}},"line":126},"4":{"name":"(anonymous_4)","decl":{"start":{"line":127,"column":40},"end":{"line":127,"column":48}},"loc":{"start":{"line":127,"column":59},"end":{"line":127,"column":80}},"line":127},"5":{"name":"(anonymous_5)","decl":{"start":{"line":130,"column":10},"end":{"line":130,"column":22}},"loc":{"start":{"line":130,"column":22},"end":{"line":132,"column":null}},"line":130},"6":{"name":"loadDashboardData","decl":{"start":{"line":134,"column":15},"end":{"line":134,"column":35}},"loc":{"start":{"line":134,"column":35},"end":{"line":139,"column":null}},"line":134},"7":{"name":"createElection","decl":{"start":{"line":143,"column":9},"end":{"line":143,"column":26}},"loc":{"start":{"line":143,"column":26},"end":{"line":144,"column":null}},"line":143},"8":{"name":"viewElection","decl":{"start":{"line":147,"column":9},"end":{"line":147,"column":22}},"loc":{"start":{"line":147,"column":36},"end":{"line":148,"column":null}},"line":147},"9":{"name":"formatDate","decl":{"start":{"line":151,"column":9},"end":{"line":151,"column":20}},"loc":{"start":{"line":151,"column":34},"end":{"line":153,"column":null}},"line":151},"10":{"name":"getStatusType","decl":{"start":{"line":156,"column":9},"end":{"line":156,"column":23}},"loc":{"start":{"line":156,"column":39},"end":{"line":163,"column":null}},"line":156},"11":{"name":"(anonymous_11)","decl":{"start":{"line":5,"column":67},"end":{"line":5,"column":null}},"loc":{"start":{"line":5,"column":67},"end":{"line":6,"column":45}},"line":5},"12":{"name":"(anonymous_12)","decl":{"start":{"line":23,"column":17},"end":{"line":23,"column":null}},"loc":{"start":{"line":23,"column":17},"end":{"line":53,"column":78}},"line":23},"13":{"name":"(anonymous_13)","decl":{"start":{"line":22,"column":20},"end":{"line":22,"column":null}},"loc":{"start":{"line":22,"column":20},"end":{"line":20,"column":80}},"line":22},"14":{"name":"(anonymous_14)","decl":{"start":{"line":17,"column":18},"end":{"line":17,"column":null}},"loc":{"start":{"line":17,"column":18},"end":{"line":20,"column":80}},"line":17},"15":{"name":"(anonymous_15)","decl":{"start":{"line":16,"column":35},"end":{"line":16,"column":45}},"loc":{"start":{"line":16,"column":35},"end":{"line":16,"column":45}},"line":16},"16":{"name":"(anonymous_16)","decl":{"start":{"line":33,"column":20},"end":{"line":33,"column":null}},"loc":{"start":{"line":33,"column":20},"end":{"line":31,"column":81}},"line":33},"17":{"name":"(anonymous_17)","decl":{"start":{"line":28,"column":18},"end":{"line":28,"column":null}},"loc":{"start":{"line":28,"column":18},"end":{"line":31,"column":81}},"line":28},"18":{"name":"(anonymous_18)","decl":{"start":{"line":27,"column":38},"end":{"line":27,"column":48}},"loc":{"start":{"line":27,"column":38},"end":{"line":27,"column":48}},"line":27},"19":{"name":"(anonymous_19)","decl":{"start":{"line":44,"column":20},"end":{"line":44,"column":null}},"loc":{"start":{"line":44,"column":20},"end":{"line":42,"column":77}},"line":44},"20":{"name":"(anonymous_20)","decl":{"start":{"line":39,"column":18},"end":{"line":39,"column":null}},"loc":{"start":{"line":39,"column":18},"end":{"line":42,"column":77}},"line":39},"21":{"name":"(anonymous_21)","decl":{"start":{"line":38,"column":37},"end":{"line":38,"column":47}},"loc":{"start":{"line":38,"column":37},"end":{"line":38,"column":47}},"line":38},"22":{"name":"(anonymous_22)","decl":{"start":{"line":55,"column":20},"end":{"line":55,"column":null}},"loc":{"start":{"line":55,"column":20},"end":{"line":53,"column":78}},"line":55},"23":{"name":"(anonymous_23)","decl":{"start":{"line":50,"column":18},"end":{"line":50,"column":null}},"loc":{"start":{"line":50,"column":18},"end":{"line":53,"column":78}},"line":50},"24":{"name":"(anonymous_24)","decl":{"start":{"line":49,"column":34},"end":{"line":49,"column":44}},"loc":{"start":{"line":49,"column":34},"end":{"line":49,"column":44}},"line":49},"25":{"name":"(anonymous_25)","decl":{"start":{"line":62,"column":25},"end":{"line":62,"column":null}},"loc":{"start":{"line":69,"column":16},"end":{"line":67,"column":null}},"line":69},"26":{"name":"(anonymous_26)","decl":{"start":{"line":66,"column":60},"end":{"line":66,"column":null}},"loc":{"start":{"line":66,"column":60},"end":{"line":67,"column":null}},"line":66},"27":{"name":"(anonymous_27)","decl":{"start":{"line":66,"column":50},"end":{"line":66,"column":60}},"loc":{"start":{"line":66,"column":50},"end":{"line":66,"column":60}},"line":66},"28":{"name":"(anonymous_28)","decl":{"start":{"line":73,"column":14},"end":{"line":73,"column":null}},"loc":{"start":{"line":73,"column":14},"end":{"line":100,"column":41}},"line":73},"29":{"name":"(anonymous_29)","decl":{"start":{"line":78,"column":24},"end":{"line":78,"column":null}},"loc":{"start":{"line":78,"column":24},"end":{"line":77,"column":47}},"line":78},"30":{"name":"(anonymous_30)","decl":{"start":{"line":77,"column":47},"end":{"line":77,"column":null}},"loc":{"start":{"line":77,"column":47},"end":{"line":77,"column":47}},"line":77},"31":{"name":"(anonymous_31)","decl":{"start":{"line":83,"column":89},"end":{"line":83,"column":null}},"loc":{"start":{"line":83,"column":89},"end":{"line":100,"column":41}},"line":83},"32":{"name":"(anonymous_32)","decl":{"start":{"line":86,"column":32},"end":{"line":86,"column":39}},"loc":{"start":{"line":86,"column":39},"end":{"line":87,"column":108}},"line":86},"33":{"name":"(anonymous_33)","decl":{"start":{"line":91,"column":32},"end":{"line":91,"column":39}},"loc":{"start":{"line":91,"column":39},"end":{"line":93,"column":56}},"line":91},"34":{"name":"(anonymous_34)","decl":{"start":{"line":93,"column":56},"end":{"line":93,"column":null}},"loc":{"start":{"line":93,"column":56},"end":{"line":93,"column":56}},"line":93},"35":{"name":"(anonymous_35)","decl":{"start":{"line":98,"column":32},"end":{"line":98,"column":39}},"loc":{"start":{"line":98,"column":39},"end":{"line":100,"column":41}},"line":98},"36":{"name":"(anonymous_36)","decl":{"start":{"line":99,"column":41},"end":{"line":99,"column":46}},"loc":{"start":{"line":99,"column":48},"end":{"line":99,"column":83}},"line":99},"37":{"name":"(anonymous_37)","decl":{"start":{"line":100,"column":41},"end":{"line":100,"column":null}},"loc":{"start":{"line":100,"column":41},"end":{"line":100,"column":41}},"line":100}},"branchMap":{"0":{"loc":{"start":{"line":152,"column":2},"end":{"line":152,"column":null}},"type":"if","locations":[{"start":{"line":152,"column":2},"end":{"line":152,"column":null}},{"start":{},"end":{}}],"line":152},"1":{"loc":{"start":{"line":163,"column":9},"end":{"line":163,"column":null}},"type":"binary-expr","locations":[{"start":{"line":163,"column":9},"end":{"line":163,"column":28}},{"start":{"line":163,"column":28},"end":{"line":163,"column":null}}],"line":163},"2":{"loc":{"start":{"line":71,"column":19},"end":{"line":100,"column":41}},"type":"cond-expr","locations":[{"start":{"line":71,"column":19},"end":{"line":74,"column":34}},{"start":{"line":74,"column":24},"end":{"line":100,"column":41}}],"line":71},"3":{"loc":{"start":{"line":74,"column":24},"end":{"line":100,"column":41}},"type":"cond-expr","locations":[{"start":{"line":74,"column":40},"end":{"line":81,"column":20}},{"start":{"line":81,"column":8},"end":{"line":100,"column":41}}],"line":74},"4":{"loc":{"start":{"line":93,"column":21},"end":{"line":93,"column":56}},"type":"binary-expr","locations":[{"start":{"line":93,"column":21},"end":{"line":93,"column":42}},{"start":{"line":93,"column":42},"end":{"line":93,"column":56}}],"line":93}},"s":{"0":2,"1":2,"2":2,"3":0,"4":2,"5":0,"6":2,"7":0,"8":0,"9":0,"10":2,"11":2,"12":2,"13":2,"14":2,"15":0,"16":0,"17":0,"18":0,"19":0,"20":0,"21":0,"22":0,"23":1,"24":1,"25":1,"26":1,"27":1,"28":1,"29":1,"30":1,"31":1,"32":1,"33":1,"34":1,"35":2,"36":0,"37":0,"38":0,"39":0,"40":0,"41":0,"42":0,"43":0,"44":0,"45":0,"46":0,"47":0,"48":0,"49":0,"50":0,"51":0,"52":0,"53":0,"54":0,"55":0,"56":0,"57":0,"58":0,"59":0,"60":0,"61":0,"62":0},"f":{"0":0,"1":0,"2":0,"3":0,"4":0,"5":2,"6":2,"7":0,"8":0,"9":0,"10":0,"11":0,"12":0,"13":0,"14":0,"15":0,"16":0,"17":0,"18":0,"19":0,"20":0,"21":0,"22":0,"23":0,"24":0,"25":0,"26":0,"27":0,"28":0,"29":0,"30":0,"31":0,"32":0,"33":0,"34":0,"35":0,"36":0,"37":0},"b":{"0":[0,0],"1":[0,0],"2":[0,0],"3":[0,0],"4":[0,0]},"meta":{"lastBranch":0,"lastFunction":0,"lastStatement":0,"seen":{}}}
,"C:\\Users\\glenl\\.zenflow\\worktrees\\jan-28-review-3d6f\\frontend\\src\\pages\\LoginPage.vue": {"path":"C:\\Users\\glenl\\.zenflow\\worktrees\\jan-28-review-3d6f\\frontend\\src\\pages\\LoginPage.vue","statementMap":{"0":{"start":{"line":2,"column":2},"end":{"line":3,"column":18}}},"fnMap":{},"branchMap":{"0":{"loc":{"start":{"line":4,"column":8},"end":{"line":3,"column":18}},"type":"binary-expr","locations":[{"start":{"line":4,"column":8},"end":{"line":4,"column":null}},{"start":{"line":4,"column":8},"end":{"line":3,"column":18}}],"line":4}},"s":{"0":2},"f":{},"b":{"0":[2,2]},"meta":{"lastBranch":1,"lastFunction":0,"lastStatement":1,"seen":{"s:2:2:3:18":0,"b:4:8:4:Infinity:4:8:3:18":0}}}
,"C:\\Users\\glenl\\.zenflow\\worktrees\\jan-28-review-3d6f\\frontend\\src\\pages\\RegisterPage.vue": {"path":"C:\\Users\\glenl\\.zenflow\\worktrees\\jan-28-review-3d6f\\frontend\\src\\pages\\RegisterPage.vue","statementMap":{"0":{"start":{"line":2,"column":2},"end":{"line":3,"column":21}}},"fnMap":{},"branchMap":{"0":{"loc":{"start":{"line":4,"column":8},"end":{"line":3,"column":21}},"type":"binary-expr","locations":[{"start":{"line":4,"column":8},"end":{"line":4,"column":null}},{"start":{"line":4,"column":8},"end":{"line":3,"column":21}}],"line":4}},"s":{"0":2},"f":{},"b":{"0":[2,2]},"meta":{"lastBranch":1,"lastFunction":0,"lastStatement":1,"seen":{"s:2:2:3:21":0,"b:4:8:4:Infinity:4:8:3:21":0}}}
,"C:\\Users\\glenl\\.zenflow\\worktrees\\jan-28-review-3d6f\\frontend\\src\\services\\api.ts": {"path":"C:\\Users\\glenl\\.zenflow\\worktrees\\jan-28-review-3d6f\\frontend\\src\\services\\api.ts","statementMap":{"0":{"start":{"line":4,"column":12},"end":{"line":9,"column":2}},"1":{"start":{"line":12,"column":0},"end":{"line":40,"column":null}},"2":{"start":{"line":13,"column":16},"end":{"line":13,"column":50}},"3":{"start":{"line":14,"column":2},"end":{"line":15,"column":null}},"4":{"start":{"line":15,"column":4},"end":{"line":15,"column":null}},"5":{"start":{"line":19,"column":2},"end":{"line":36,"column":null}},"6":{"start":{"line":20,"column":21},"end":{"line":20,"column":53}},"7":{"start":{"line":21,"column":23},"end":{"line":21,"column":55}},"8":{"start":{"line":23,"column":4},"end":{"line":32,"column":null}},"9":{"start":{"line":25,"column":6},"end":{"line":32,"column":null}},"10":{"start":{"line":25,"column":29},"end":{"line":32,"column":15}},"11":{"start":{"line":36,"column":5},"end":{"line":36,"column":null}},"12":{"start":{"line":39,"column":2},"end":{"line":39,"column":null}},"13":{"start":{"line":43,"column":0},"end":{"line":77,"column":null}},"14":{"start":{"line":46,"column":4},"end":{"line":52,"column":null}},"15":{"start":{"line":47,"column":24},"end":{"line":47,"column":null}},"16":{"start":{"line":48,"column":6},"end":{"line":52,"column":null}},"17":{"start":{"line":50,"column":20},"end":{"line":51,"column":null}},"18":{"start":{"line":52,"column":8},"end":{"line":52,"column":null}},"19":{"start":{"line":55,"column":4},"end":{"line":55,"column":null}},"20":{"start":{"line":59,"column":4},"end":{"line":71,"column":null}},"21":{"start":{"line":60,"column":24},"end":{"line":60,"column":null}},"22":{"start":{"line":61,"column":6},"end":{"line":71,"column":null}},"23":{"start":{"line":62,"column":27},"end":{"line":62,"column":59}},"24":{"start":{"line":63,"column":8},"end":{"line":71,"column":null}},"25":{"start":{"line":64,"column":10},"end":{"line":71,"column":null}},"26":{"start":{"line":75,"column":4},"end":{"line":75,"column":null}}},"fnMap":{"0":{"name":"(anonymous_0)","decl":{"start":{"line":12,"column":29},"end":{"line":12,"column":36}},"loc":{"start":{"line":12,"column":47},"end":{"line":40,"column":null}},"line":12},"1":{"name":"(anonymous_1)","decl":{"start":{"line":25,"column":13},"end":{"line":25,"column":29}},"loc":{"start":{"line":25,"column":29},"end":{"line":32,"column":15}},"line":25},"2":{"name":"(anonymous_2)","decl":{"start":{"line":44,"column":2},"end":{"line":44,"column":9}},"loc":{"start":{"line":44,"column":22},"end":{"line":57,"column":9}},"line":44},"3":{"name":"(anonymous_3)","decl":{"start":{"line":57,"column":2},"end":{"line":57,"column":9}},"loc":{"start":{"line":57,"column":19},"end":{"line":77,"column":null}},"line":57}},"branchMap":{"0":{"loc":{"start":{"line":5,"column":11},"end":{"line":5,"column":null}},"type":"binary-expr","locations":[{"start":{"line":5,"column":11},"end":{"line":5,"column":43}},{"start":{"line":5,"column":43},"end":{"line":5,"column":null}}],"line":5},"1":{"loc":{"start":{"line":14,"column":2},"end":{"line":15,"column":null}},"type":"if","locations":[{"start":{"line":14,"column":2},"end":{"line":15,"column":null}},{"start":{},"end":{}}],"line":14},"2":{"loc":{"start":{"line":19,"column":2},"end":{"line":36,"column":null}},"type":"if","locations":[{"start":{"line":19,"column":2},"end":{"line":36,"column":null}},{"start":{},"end":{}}],"line":19},"3":{"loc":{"start":{"line":23,"column":4},"end":{"line":32,"column":null}},"type":"if","locations":[{"start":{"line":23,"column":4},"end":{"line":32,"column":null}},{"start":{},"end":{}}],"line":23},"4":{"loc":{"start":{"line":46,"column":4},"end":{"line":52,"column":null}},"type":"if","locations":[{"start":{"line":46,"column":4},"end":{"line":52,"column":null}},{"start":{},"end":{}}],"line":46},"5":{"loc":{"start":{"line":46,"column":8},"end":{"line":46,"column":84}},"type":"binary-expr","locations":[{"start":{"line":46,"column":8},"end":{"line":46,"column":59}},{"start":{"line":46,"column":59},"end":{"line":46,"column":84}}],"line":46},"6":{"loc":{"start":{"line":48,"column":6},"end":{"line":52,"column":null}},"type":"if","locations":[{"start":{"line":48,"column":6},"end":{"line":52,"column":null}},{"start":{},"end":{}}],"line":48},"7":{"loc":{"start":{"line":50,"column":20},"end":{"line":51,"column":null}},"type":"cond-expr","locations":[{"start":{"line":51,"column":63},"end":{"line":51,"column":71}},{"start":{"line":51,"column":71},"end":{"line":51,"column":null}}],"line":50},"8":{"loc":{"start":{"line":50,"column":20},"end":{"line":51,"column":60}},"type":"binary-expr","locations":[{"start":{"line":50,"column":20},"end":{"line":50,"column":62}},{"start":{"line":51,"column":19},"end":{"line":51,"column":60}}],"line":50},"9":{"loc":{"start":{"line":59,"column":4},"end":{"line":71,"column":null}},"type":"if","locations":[{"start":{"line":59,"column":4},"end":{"line":71,"column":null}},{"start":{},"end":{}}],"line":59},"10":{"loc":{"start":{"line":61,"column":6},"end":{"line":71,"column":null}},"type":"if","locations":[{"start":{"line":61,"column":6},"end":{"line":71,"column":null}},{"start":{},"end":{}}],"line":61},"11":{"loc":{"start":{"line":63,"column":8},"end":{"line":71,"column":null}},"type":"if","locations":[{"start":{"line":63,"column":8},"end":{"line":71,"column":null}},{"start":{},"end":{}}],"line":63}},"s":{"0":1,"1":1,"2":0,"3":0,"4":0,"5":0,"6":0,"7":0,"8":0,"9":0,"10":0,"11":0,"12":0,"13":1,"14":0,"15":0,"16":0,"17":0,"18":0,"19":0,"20":0,"21":0,"22":0,"23":0,"24":0,"25":0,"26":0},"f":{"0":0,"1":0,"2":0,"3":0},"b":{"0":[1,1],"1":[0,0],"2":[0,0],"3":[0,0],"4":[0,0],"5":[0,0],"6":[0,0],"7":[0,0],"8":[0,0],"9":[0,0],"10":[0,0],"11":[0,0]},"meta":{"lastBranch":12,"lastFunction":4,"lastStatement":27,"seen":{"s:4:12:9:2":0,"b:5:11:5:43:5:43:5:Infinity":0,"s:12:0:40:Infinity":1,"f:12:29:12:36":0,"s:13:16:13:50":2,"b:14:2:15:Infinity:undefined:undefined:undefined:undefined":1,"s:14:2:15:Infinity":3,"s:15:4:15:Infinity":4,"b:19:2:36:Infinity:undefined:undefined:undefined:undefined":2,"s:19:2:36:Infinity":5,"s:20:21:20:53":6,"s:21:23:21:55":7,"b:23:4:32:Infinity:undefined:undefined:undefined:undefined":3,"s:23:4:32:Infinity":8,"s:25:6:32:Infinity":9,"f:25:13:25:29":1,"s:25:29:32:15":10,"s:36:5:36:Infinity":11,"s:39:2:39:Infinity":12,"s:43:0:77:Infinity":13,"f:44:2:44:9":2,"b:46:4:52:Infinity:undefined:undefined:undefined:undefined":4,"s:46:4:52:Infinity":14,"b:46:8:46:59:46:59:46:84":5,"s:47:24:47:Infinity":15,"b:48:6:52:Infinity:undefined:undefined:undefined:undefined":6,"s:48:6:52:Infinity":16,"s:50:20:51:Infinity":17,"b:51:63:51:71:51:71:51:Infinity":7,"b:50:20:50:62:51:19:51:60":8,"s:52:8:52:Infinity":18,"s:55:4:55:Infinity":19,"f:57:2:57:9":3,"b:59:4:71:Infinity:undefined:undefined:undefined:undefined":9,"s:59:4:71:Infinity":20,"s:60:24:60:Infinity":21,"b:61:6:71:Infinity:undefined:undefined:undefined:undefined":10,"s:61:6:71:Infinity":22,"s:62:27:62:59":23,"b:63:8:71:Infinity:undefined:undefined:undefined:undefined":11,"s:63:8:71:Infinity":24,"s:64:10:71:Infinity":25,"s:75:4:75:Infinity":26}}}
,"C:\\Users\\glenl\\.zenflow\\worktrees\\jan-28-review-3d6f\\frontend\\src\\services\\cacheService.ts": {"path":"C:\\Users\\glenl\\.zenflow\\worktrees\\jan-28-review-3d6f\\frontend\\src\\services\\cacheService.ts","statementMap":{"0":{"start":{"line":13,"column":4},"end":{"line":16,"column":null}},"1":{"start":{"line":20,"column":4},"end":{"line":33,"column":null}},"2":{"start":{"line":21,"column":39},"end":{"line":21,"column":68}},"3":{"start":{"line":22,"column":6},"end":{"line":22,"column":null}},"4":{"start":{"line":22,"column":18},"end":{"line":22,"column":null}},"5":{"start":{"line":24,"column":18},"end":{"line":24,"column":28}},"6":{"start":{"line":25,"column":6},"end":{"line":27,"column":null}},"7":{"start":{"line":26,"column":8},"end":{"line":26,"column":null}},"8":{"start":{"line":27,"column":8},"end":{"line":27,"column":null}},"9":{"start":{"line":30,"column":6},"end":{"line":30,"column":null}},"10":{"start":{"line":32,"column":6},"end":{"line":32,"column":null}},"11":{"start":{"line":33,"column":6},"end":{"line":33,"column":null}},"12":{"start":{"line":38,"column":4},"end":{"line":46,"column":null}},"13":{"start":{"line":39,"column":32},"end":{"line":43,"column":null}},"14":{"start":{"line":44,"column":6},"end":{"line":44,"column":null}},"15":{"start":{"line":46,"column":6},"end":{"line":46,"column":null}},"16":{"start":{"line":51,"column":4},"end":{"line":54,"column":null}},"17":{"start":{"line":52,"column":6},"end":{"line":52,"column":null}},"18":{"start":{"line":54,"column":6},"end":{"line":54,"column":null}},"19":{"start":{"line":59,"column":4},"end":{"line":62,"column":null}},"20":{"start":{"line":60,"column":6},"end":{"line":60,"column":null}},"21":{"start":{"line":62,"column":6},"end":{"line":62,"column":null}},"22":{"start":{"line":68,"column":50},"end":{"line":68,"column":null}},"23":{"start":{"line":69,"column":21},"end":{"line":69,"column":48}},"24":{"start":{"line":71,"column":4},"end":{"line":72,"column":null}},"25":{"start":{"line":72,"column":6},"end":{"line":72,"column":null}},"26":{"start":{"line":75,"column":4},"end":{"line":76,"column":null}},"27":{"start":{"line":76,"column":6},"end":{"line":76,"column":null}},"28":{"start":{"line":79,"column":4},"end":{"line":79,"column":null}},"29":{"start":{"line":83,"column":28},"end":{"line":83,"column":46}}},"fnMap":{"0":{"name":"(anonymous_0)","decl":{"start":{"line":12,"column":2},"end":{"line":12,"column":16}},"loc":{"start":{"line":12,"column":16},"end":{"line":16,"column":null}},"line":12},"1":{"name":"(anonymous_1)","decl":{"start":{"line":19,"column":8},"end":{"line":19,"column":15}},"loc":{"start":{"line":19,"column":47},"end":{"line":33,"column":null}},"line":19},"2":{"name":"(anonymous_2)","decl":{"start":{"line":37,"column":8},"end":{"line":37,"column":12}},"loc":{"start":{"line":37,"column":80},"end":{"line":46,"column":null}},"line":37},"3":{"name":"(anonymous_3)","decl":{"start":{"line":50,"column":8},"end":{"line":50,"column":15}},"loc":{"start":{"line":50,"column":43},"end":{"line":54,"column":null}},"line":50},"4":{"name":"(anonymous_4)","decl":{"start":{"line":58,"column":8},"end":{"line":58,"column":31}},"loc":{"start":{"line":58,"column":31},"end":{"line":62,"column":null}},"line":58},"5":{"name":"(anonymous_5)","decl":{"start":{"line":67,"column":2},"end":{"line":67,"column":14}},"loc":{"start":{"line":67,"column":91},"end":{"line":79,"column":null}},"line":67}},"branchMap":{"0":{"loc":{"start":{"line":22,"column":6},"end":{"line":22,"column":null}},"type":"if","locations":[{"start":{"line":22,"column":6},"end":{"line":22,"column":null}},{"start":{},"end":{}}],"line":22},"1":{"loc":{"start":{"line":25,"column":6},"end":{"line":27,"column":null}},"type":"if","locations":[{"start":{"line":25,"column":6},"end":{"line":27,"column":null}},{"start":{},"end":{}}],"line":25},"2":{"loc":{"start":{"line":37,"column":36},"end":{"line":37,"column":80}},"type":"default-arg","locations":[{"start":{"line":37,"column":50},"end":{"line":37,"column":80}}],"line":37},"3":{"loc":{"start":{"line":68,"column":17},"end":{"line":68,"column":33}},"type":"default-arg","locations":[{"start":{"line":68,"column":26},"end":{"line":68,"column":33}}],"line":68},"4":{"loc":{"start":{"line":71,"column":4},"end":{"line":72,"column":null}},"type":"if","locations":[{"start":{"line":71,"column":4},"end":{"line":72,"column":null}},{"start":{},"end":{}}],"line":71},"5":{"loc":{"start":{"line":71,"column":8},"end":{"line":71,"column":50}},"type":"binary-expr","locations":[{"start":{"line":71,"column":8},"end":{"line":71,"column":18}},{"start":{"line":71,"column":18},"end":{"line":71,"column":50}}],"line":71},"6":{"loc":{"start":{"line":75,"column":4},"end":{"line":76,"column":null}},"type":"if","locations":[{"start":{"line":75,"column":4},"end":{"line":76,"column":null}},{"start":{},"end":{}}],"line":75},"7":{"loc":{"start":{"line":75,"column":8},"end":{"line":75,"column":48}},"type":"binary-expr","locations":[{"start":{"line":75,"column":8},"end":{"line":75,"column":16}},{"start":{"line":75,"column":16},"end":{"line":75,"column":48}}],"line":75}},"s":{"0":1,"1":0,"2":0,"3":0,"4":0,"5":0,"6":0,"7":0,"8":0,"9":0,"10":0,"11":0,"12":0,"13":0,"14":0,"15":0,"16":0,"17":0,"18":0,"19":0,"20":0,"21":0,"22":0,"23":0,"24":0,"25":0,"26":0,"27":0,"28":0,"29":1},"f":{"0":1,"1":0,"2":0,"3":0,"4":0,"5":0},"b":{"0":[0,0],"1":[0,0],"2":[0],"3":[0],"4":[0,0],"5":[0,0],"6":[0,0],"7":[0,0]},"meta":{"lastBranch":8,"lastFunction":6,"lastStatement":30,"seen":{"f:12:2:12:16":0,"s:13:4:16:Infinity":0,"f:19:8:19:15":1,"s:20:4:33:Infinity":1,"s:21:39:21:68":2,"b:22:6:22:Infinity:undefined:undefined:undefined:undefined":0,"s:22:6:22:Infinity":3,"s:22:18:22:Infinity":4,"s:24:18:24:28":5,"b:25:6:27:Infinity:undefined:undefined:undefined:undefined":1,"s:25:6:27:Infinity":6,"s:26:8:26:Infinity":7,"s:27:8:27:Infinity":8,"s:30:6:30:Infinity":9,"s:32:6:32:Infinity":10,"s:33:6:33:Infinity":11,"f:37:8:37:12":2,"b:37:50:37:80":2,"s:38:4:46:Infinity":12,"s:39:32:43:Infinity":13,"s:44:6:44:Infinity":14,"s:46:6:46:Infinity":15,"f:50:8:50:15":3,"s:51:4:54:Infinity":16,"s:52:6:52:Infinity":17,"s:54:6:54:Infinity":18,"f:58:8:58:31":4,"s:59:4:62:Infinity":19,"s:60:6:60:Infinity":20,"s:62:6:62:Infinity":21,"f:67:2:67:14":5,"s:68:50:68:Infinity":22,"b:68:26:68:33":3,"s:69:21:69:48":23,"b:71:4:72:Infinity:undefined:undefined:undefined:undefined":4,"s:71:4:72:Infinity":24,"b:71:8:71:18:71:18:71:50":5,"s:72:6:72:Infinity":25,"b:75:4:76:Infinity:undefined:undefined:undefined:undefined":6,"s:75:4:76:Infinity":26,"b:75:8:75:16:75:16:75:48":7,"s:76:6:76:Infinity":27,"s:79:4:79:Infinity":28,"s:83:28:83:46":29}}}
,"C:\\Users\\glenl\\.zenflow\\worktrees\\jan-28-review-3d6f\\frontend\\src\\services\\electionService.ts": {"path":"C:\\Users\\glenl\\.zenflow\\worktrees\\jan-28-review-3d6f\\frontend\\src\\services\\electionService.ts","statementMap":{"0":{"start":{"line":5,"column":31},"end":{"line":53,"column":null}},"1":{"start":{"line":7,"column":21},"end":{"line":7,"column":63}},"2":{"start":{"line":8,"column":4},"end":{"line":8,"column":null}},"3":{"start":{"line":12,"column":21},"end":{"line":12,"column":77}},"4":{"start":{"line":13,"column":4},"end":{"line":13,"column":null}},"5":{"start":{"line":17,"column":21},"end":{"line":17,"column":80}},"6":{"start":{"line":18,"column":4},"end":{"line":18,"column":null}},"7":{"start":{"line":22,"column":21},"end":{"line":22,"column":67}},"8":{"start":{"line":24,"column":4},"end":{"line":24,"column":null}},"9":{"start":{"line":25,"column":4},"end":{"line":25,"column":null}},"10":{"start":{"line":26,"column":4},"end":{"line":26,"column":null}},"11":{"start":{"line":30,"column":21},"end":{"line":30,"column":82}},"12":{"start":{"line":32,"column":4},"end":{"line":32,"column":null}},"13":{"start":{"line":33,"column":4},"end":{"line":33,"column":null}},"14":{"start":{"line":34,"column":4},"end":{"line":34,"column":null}},"15":{"start":{"line":35,"column":4},"end":{"line":35,"column":null}},"16":{"start":{"line":39,"column":4},"end":{"line":39,"column":null}},"17":{"start":{"line":41,"column":4},"end":{"line":41,"column":null}},"18":{"start":{"line":42,"column":4},"end":{"line":42,"column":null}},"19":{"start":{"line":46,"column":4},"end":{"line":50,"column":null}},"20":{"start":{"line":47,"column":23},"end":{"line":47,"column":71}},"21":{"start":{"line":48,"column":6},"end":{"line":48,"column":null}},"22":{"start":{"line":50,"column":6},"end":{"line":50,"column":null}}},"fnMap":{"0":{"name":"(anonymous_0)","decl":{"start":{"line":6,"column":8},"end":{"line":6,"column":41}},"loc":{"start":{"line":6,"column":41},"end":{"line":8,"column":null}},"line":6},"1":{"name":"(anonymous_1)","decl":{"start":{"line":11,"column":8},"end":{"line":11,"column":16}},"loc":{"start":{"line":11,"column":60},"end":{"line":13,"column":null}},"line":11},"2":{"name":"(anonymous_2)","decl":{"start":{"line":16,"column":8},"end":{"line":16,"column":54}},"loc":{"start":{"line":16,"column":54},"end":{"line":18,"column":null}},"line":16},"3":{"name":"(anonymous_3)","decl":{"start":{"line":21,"column":8},"end":{"line":21,"column":15}},"loc":{"start":{"line":21,"column":61},"end":{"line":26,"column":null}},"line":21},"4":{"name":"(anonymous_4)","decl":{"start":{"line":29,"column":8},"end":{"line":29,"column":15}},"loc":{"start":{"line":29,"column":83},"end":{"line":35,"column":null}},"line":29},"5":{"name":"(anonymous_5)","decl":{"start":{"line":38,"column":8},"end":{"line":38,"column":15}},"loc":{"start":{"line":38,"column":52},"end":{"line":42,"column":null}},"line":38},"6":{"name":"(anonymous_6)","decl":{"start":{"line":45,"column":8},"end":{"line":45,"column":58}},"loc":{"start":{"line":45,"column":58},"end":{"line":50,"column":null}},"line":45}},"branchMap":{},"s":{"0":1,"1":0,"2":0,"3":0,"4":0,"5":0,"6":0,"7":0,"8":0,"9":0,"10":0,"11":0,"12":0,"13":0,"14":0,"15":0,"16":0,"17":0,"18":0,"19":0,"20":0,"21":0,"22":0},"f":{"0":0,"1":0,"2":0,"3":0,"4":0,"5":0,"6":0},"b":{},"meta":{"lastBranch":0,"lastFunction":7,"lastStatement":23,"seen":{"s:5:31:53:Infinity":0,"f:6:8:6:41":0,"s:7:21:7:63":1,"s:8:4:8:Infinity":2,"f:11:8:11:16":1,"s:12:21:12:77":3,"s:13:4:13:Infinity":4,"f:16:8:16:54":2,"s:17:21:17:80":5,"s:18:4:18:Infinity":6,"f:21:8:21:15":3,"s:22:21:22:67":7,"s:24:4:24:Infinity":8,"s:25:4:25:Infinity":9,"s:26:4:26:Infinity":10,"f:29:8:29:15":4,"s:30:21:30:82":11,"s:32:4:32:Infinity":12,"s:33:4:33:Infinity":13,"s:34:4:34:Infinity":14,"s:35:4:35:Infinity":15,"f:38:8:38:15":5,"s:39:4:39:Infinity":16,"s:41:4:41:Infinity":17,"s:42:4:42:Infinity":18,"f:45:8:45:58":6,"s:46:4:50:Infinity":19,"s:47:23:47:71":20,"s:48:6:48:Infinity":21,"s:50:6:50:Infinity":22}}}
,"C:\\Users\\glenl\\.zenflow\\worktrees\\jan-28-review-3d6f\\frontend\\src\\services\\signalrService.ts": {"path":"C:\\Users\\glenl\\.zenflow\\worktrees\\jan-28-review-3d6f\\frontend\\src\\services\\signalrService.ts","statementMap":{"0":{"start":{"line":5,"column":60},"end":{"line":5,"column":69}},"1":{"start":{"line":6,"column":59},"end":{"line":6,"column":68}},"2":{"start":{"line":10,"column":19},"end":{"line":10,"column":null}},"3":{"start":{"line":11,"column":4},"end":{"line":11,"column":null}},"4":{"start":{"line":15,"column":31},"end":{"line":15,"column":60}},"5":{"start":{"line":16,"column":4},"end":{"line":17,"column":null}},"6":{"start":{"line":17,"column":6},"end":{"line":17,"column":null}},"7":{"start":{"line":20,"column":19},"end":{"line":20,"column":null}},"8":{"start":{"line":22,"column":23},"end":{"line":28,"column":14}},"9":{"start":{"line":24,"column":34},"end":{"line":24,"column":null}},"10":{"start":{"line":30,"column":4},"end":{"line":33,"column":null}},"11":{"start":{"line":31,"column":6},"end":{"line":31,"column":null}},"12":{"start":{"line":32,"column":6},"end":{"line":32,"column":null}},"13":{"start":{"line":35,"column":4},"end":{"line":38,"column":null}},"14":{"start":{"line":36,"column":6},"end":{"line":36,"column":null}},"15":{"start":{"line":37,"column":6},"end":{"line":37,"column":null}},"16":{"start":{"line":40,"column":4},"end":{"line":43,"column":null}},"17":{"start":{"line":41,"column":6},"end":{"line":41,"column":null}},"18":{"start":{"line":42,"column":6},"end":{"line":42,"column":null}},"19":{"start":{"line":45,"column":4},"end":{"line":45,"column":null}},"20":{"start":{"line":47,"column":4},"end":{"line":56,"column":null}},"21":{"start":{"line":48,"column":6},"end":{"line":48,"column":null}},"22":{"start":{"line":49,"column":6},"end":{"line":49,"column":null}},"23":{"start":{"line":50,"column":6},"end":{"line":50,"column":null}},"24":{"start":{"line":51,"column":6},"end":{"line":51,"column":null}},"25":{"start":{"line":52,"column":6},"end":{"line":52,"column":null}},"26":{"start":{"line":54,"column":6},"end":{"line":54,"column":null}},"27":{"start":{"line":55,"column":6},"end":{"line":55,"column":null}},"28":{"start":{"line":56,"column":6},"end":{"line":56,"column":null}},"29":{"start":{"line":61,"column":23},"end":{"line":61,"column":52}},"30":{"start":{"line":62,"column":4},"end":{"line":69,"column":null}},"31":{"start":{"line":63,"column":6},"end":{"line":69,"column":null}},"32":{"start":{"line":64,"column":8},"end":{"line":64,"column":null}},"33":{"start":{"line":65,"column":8},"end":{"line":65,"column":null}},"34":{"start":{"line":66,"column":8},"end":{"line":66,"column":null}},"35":{"start":{"line":67,"column":8},"end":{"line":67,"column":null}},"36":{"start":{"line":69,"column":8},"end":{"line":69,"column":null}},"37":{"start":{"line":75,"column":31},"end":{"line":76,"column":null}},"38":{"start":{"line":76,"column":6},"end":{"line":76,"column":30}},"39":{"start":{"line":78,"column":4},"end":{"line":78,"column":null}},"40":{"start":{"line":82,"column":4},"end":{"line":82,"column":null}},"41":{"start":{"line":86,"column":4},"end":{"line":86,"column":null}},"42":{"start":{"line":90,"column":4},"end":{"line":90,"column":null}},"43":{"start":{"line":94,"column":4},"end":{"line":94,"column":null}},"44":{"start":{"line":98,"column":4},"end":{"line":98,"column":null}},"45":{"start":{"line":102,"column":4},"end":{"line":102,"column":null}},"46":{"start":{"line":106,"column":4},"end":{"line":106,"column":null}},"47":{"start":{"line":110,"column":27},"end":{"line":110,"column":59}},"48":{"start":{"line":111,"column":4},"end":{"line":112,"column":null}},"49":{"start":{"line":112,"column":6},"end":{"line":112,"column":null}},"50":{"start":{"line":115,"column":32},"end":{"line":115,"column":70}},"51":{"start":{"line":116,"column":4},"end":{"line":117,"column":null}},"52":{"start":{"line":117,"column":6},"end":{"line":117,"column":null}},"53":{"start":{"line":122,"column":27},"end":{"line":122,"column":59}},"54":{"start":{"line":123,"column":4},"end":{"line":124,"column":null}},"55":{"start":{"line":124,"column":6},"end":{"line":124,"column":null}},"56":{"start":{"line":127,"column":32},"end":{"line":127,"column":70}},"57":{"start":{"line":128,"column":4},"end":{"line":129,"column":null}},"58":{"start":{"line":129,"column":6},"end":{"line":129,"column":null}},"59":{"start":{"line":134,"column":30},"end":{"line":134,"column":65}},"60":{"start":{"line":135,"column":4},"end":{"line":136,"column":null}},"61":{"start":{"line":136,"column":6},"end":{"line":136,"column":null}},"62":{"start":{"line":141,"column":30},"end":{"line":141,"column":65}},"63":{"start":{"line":142,"column":4},"end":{"line":143,"column":null}},"64":{"start":{"line":143,"column":6},"end":{"line":143,"column":null}},"65":{"start":{"line":148,"column":29},"end":{"line":148,"column":70}},"66":{"start":{"line":149,"column":4},"end":{"line":150,"column":null}},"67":{"start":{"line":150,"column":6},"end":{"line":150,"column":null}},"68":{"start":{"line":155,"column":29},"end":{"line":155,"column":70}},"69":{"start":{"line":156,"column":4},"end":{"line":157,"column":null}},"70":{"start":{"line":157,"column":6},"end":{"line":157,"column":null}},"71":{"start":{"line":162,"column":30},"end":{"line":162,"column":50}}},"fnMap":{"0":{"name":"(anonymous_0)","decl":{"start":{"line":9,"column":2},"end":{"line":9,"column":16}},"loc":{"start":{"line":9,"column":16},"end":{"line":11,"column":null}},"line":9},"1":{"name":"(anonymous_1)","decl":{"start":{"line":14,"column":8},"end":{"line":14,"column":16}},"loc":{"start":{"line":14,"column":87},"end":{"line":56,"column":null}},"line":14},"2":{"name":"(anonymous_2)","decl":{"start":{"line":24,"column":8},"end":{"line":24,"column":34}},"loc":{"start":{"line":24,"column":34},"end":{"line":24,"column":null}},"line":24},"3":{"name":"(anonymous_3)","decl":{"start":{"line":30,"column":15},"end":{"line":30,"column":24}},"loc":{"start":{"line":30,"column":34},"end":{"line":33,"column":null}},"line":30},"4":{"name":"(anonymous_4)","decl":{"start":{"line":35,"column":15},"end":{"line":35,"column":31}},"loc":{"start":{"line":35,"column":41},"end":{"line":38,"column":null}},"line":35},"5":{"name":"(anonymous_5)","decl":{"start":{"line":40,"column":15},"end":{"line":40,"column":30}},"loc":{"start":{"line":40,"column":47},"end":{"line":43,"column":null}},"line":40},"6":{"name":"(anonymous_6)","decl":{"start":{"line":60,"column":8},"end":{"line":60,"column":19}},"loc":{"start":{"line":60,"column":51},"end":{"line":69,"column":null}},"line":60},"7":{"name":"(anonymous_7)","decl":{"start":{"line":74,"column":8},"end":{"line":74,"column":39}},"loc":{"start":{"line":74,"column":39},"end":{"line":78,"column":null}},"line":74},"8":{"name":"(anonymous_8)","decl":{"start":{"line":75,"column":67},"end":{"line":75,"column":71}},"loc":{"start":{"line":76,"column":6},"end":{"line":76,"column":30}},"line":76},"9":{"name":"(anonymous_9)","decl":{"start":{"line":81,"column":2},"end":{"line":81,"column":16}},"loc":{"start":{"line":81,"column":68},"end":{"line":82,"column":null}},"line":81},"10":{"name":"(anonymous_10)","decl":{"start":{"line":85,"column":2},"end":{"line":85,"column":21}},"loc":{"start":{"line":85,"column":55},"end":{"line":86,"column":null}},"line":85},"11":{"name":"(anonymous_11)","decl":{"start":{"line":89,"column":8},"end":{"line":89,"column":25}},"loc":{"start":{"line":89,"column":79},"end":{"line":90,"column":null}},"line":89},"12":{"name":"(anonymous_12)","decl":{"start":{"line":93,"column":8},"end":{"line":93,"column":28}},"loc":{"start":{"line":93,"column":82},"end":{"line":94,"column":null}},"line":93},"13":{"name":"(anonymous_13)","decl":{"start":{"line":97,"column":8},"end":{"line":97,"column":33}},"loc":{"start":{"line":97,"column":87},"end":{"line":98,"column":null}},"line":97},"14":{"name":"(anonymous_14)","decl":{"start":{"line":101,"column":8},"end":{"line":101,"column":30}},"loc":{"start":{"line":101,"column":84},"end":{"line":102,"column":null}},"line":101},"15":{"name":"(anonymous_15)","decl":{"start":{"line":105,"column":8},"end":{"line":105,"column":61}},"loc":{"start":{"line":105,"column":61},"end":{"line":106,"column":null}},"line":105},"16":{"name":"(anonymous_16)","decl":{"start":{"line":109,"column":8},"end":{"line":109,"column":21}},"loc":{"start":{"line":109,"column":58},"end":{"line":117,"column":null}},"line":109},"17":{"name":"(anonymous_17)","decl":{"start":{"line":121,"column":8},"end":{"line":121,"column":22}},"loc":{"start":{"line":121,"column":59},"end":{"line":129,"column":null}},"line":121},"18":{"name":"(anonymous_18)","decl":{"start":{"line":133,"column":8},"end":{"line":133,"column":25}},"loc":{"start":{"line":133,"column":62},"end":{"line":136,"column":null}},"line":133},"19":{"name":"(anonymous_19)","decl":{"start":{"line":140,"column":8},"end":{"line":140,"column":26}},"loc":{"start":{"line":140,"column":63},"end":{"line":143,"column":null}},"line":140},"20":{"name":"(anonymous_20)","decl":{"start":{"line":147,"column":8},"end":{"line":147,"column":26}},"loc":{"start":{"line":147,"column":63},"end":{"line":150,"column":null}},"line":147},"21":{"name":"(anonymous_21)","decl":{"start":{"line":154,"column":8},"end":{"line":154,"column":27}},"loc":{"start":{"line":154,"column":64},"end":{"line":157,"column":null}},"line":154}},"branchMap":{"0":{"loc":{"start":{"line":10,"column":19},"end":{"line":10,"column":null}},"type":"binary-expr","locations":[{"start":{"line":10,"column":19},"end":{"line":10,"column":51}},{"start":{"line":10,"column":51},"end":{"line":10,"column":null}}],"line":10},"1":{"loc":{"start":{"line":16,"column":4},"end":{"line":17,"column":null}},"type":"if","locations":[{"start":{"line":16,"column":4},"end":{"line":17,"column":null}},{"start":{},"end":{}}],"line":16},"2":{"loc":{"start":{"line":16,"column":8},"end":{"line":16,"column":97}},"type":"binary-expr","locations":[{"start":{"line":16,"column":8},"end":{"line":16,"column":30}},{"start":{"line":16,"column":30},"end":{"line":16,"column":97}}],"line":16},"3":{"loc":{"start":{"line":24,"column":34},"end":{"line":24,"column":null}},"type":"binary-expr","locations":[{"start":{"line":24,"column":34},"end":{"line":24,"column":49}},{"start":{"line":24,"column":49},"end":{"line":24,"column":83}},{"start":{"line":24,"column":87},"end":{"line":24,"column":null}}],"line":24},"4":{"loc":{"start":{"line":62,"column":4},"end":{"line":69,"column":null}},"type":"if","locations":[{"start":{"line":62,"column":4},"end":{"line":69,"column":null}},{"start":{},"end":{}}],"line":62},"5":{"loc":{"start":{"line":86,"column":11},"end":{"line":86,"column":null}},"type":"binary-expr","locations":[{"start":{"line":86,"column":11},"end":{"line":86,"column":45}},{"start":{"line":86,"column":49},"end":{"line":86,"column":null}}],"line":86},"6":{"loc":{"start":{"line":111,"column":4},"end":{"line":112,"column":null}},"type":"if","locations":[{"start":{"line":111,"column":4},"end":{"line":112,"column":null}},{"start":{},"end":{}}],"line":111},"7":{"loc":{"start":{"line":116,"column":4},"end":{"line":117,"column":null}},"type":"if","locations":[{"start":{"line":116,"column":4},"end":{"line":117,"column":null}},{"start":{},"end":{}}],"line":116},"8":{"loc":{"start":{"line":123,"column":4},"end":{"line":124,"column":null}},"type":"if","locations":[{"start":{"line":123,"column":4},"end":{"line":124,"column":null}},{"start":{},"end":{}}],"line":123},"9":{"loc":{"start":{"line":128,"column":4},"end":{"line":129,"column":null}},"type":"if","locations":[{"start":{"line":128,"column":4},"end":{"line":129,"column":null}},{"start":{},"end":{}}],"line":128},"10":{"loc":{"start":{"line":135,"column":4},"end":{"line":136,"column":null}},"type":"if","locations":[{"start":{"line":135,"column":4},"end":{"line":136,"column":null}},{"start":{},"end":{}}],"line":135},"11":{"loc":{"start":{"line":142,"column":4},"end":{"line":143,"column":null}},"type":"if","locations":[{"start":{"line":142,"column":4},"end":{"line":143,"column":null}},{"start":{},"end":{}}],"line":142},"12":{"loc":{"start":{"line":149,"column":4},"end":{"line":150,"column":null}},"type":"if","locations":[{"start":{"line":149,"column":4},"end":{"line":150,"column":null}},{"start":{},"end":{}}],"line":149},"13":{"loc":{"start":{"line":156,"column":4},"end":{"line":157,"column":null}},"type":"if","locations":[{"start":{"line":156,"column":4},"end":{"line":157,"column":null}},{"start":{},"end":{}}],"line":156}},"s":{"0":1,"1":1,"2":1,"3":1,"4":0,"5":0,"6":0,"7":0,"8":0,"9":0,"10":0,"11":0,"12":0,"13":0,"14":0,"15":0,"16":0,"17":0,"18":0,"19":0,"20":0,"21":0,"22":0,"23":0,"24":0,"25":0,"26":0,"27":0,"28":0,"29":0,"30":0,"31":0,"32":0,"33":0,"34":0,"35":0,"36":0,"37":0,"38":0,"39":0,"40":0,"41":0,"42":0,"43":0,"44":0,"45":0,"46":0,"47":0,"48":0,"49":0,"50":0,"51":0,"52":0,"53":0,"54":0,"55":0,"56":0,"57":0,"58":0,"59":0,"60":0,"61":0,"62":0,"63":0,"64":0,"65":0,"66":0,"67":0,"68":0,"69":0,"70":0,"71":1},"f":{"0":1,"1":0,"2":0,"3":0,"4":0,"5":0,"6":0,"7":0,"8":0,"9":0,"10":0,"11":0,"12":0,"13":0,"14":0,"15":0,"16":0,"17":0,"18":0,"19":0,"20":0,"21":0},"b":{"0":[1,1],"1":[0,0],"2":[0,0],"3":[0,0,0],"4":[0,0],"5":[0,0],"6":[0,0],"7":[0,0],"8":[0,0],"9":[0,0],"10":[0,0],"11":[0,0],"12":[0,0],"13":[0,0]},"meta":{"lastBranch":14,"lastFunction":22,"lastStatement":72,"seen":{"s:5:60:5:69":0,"s:6:59:6:68":1,"f:9:2:9:16":0,"s:10:19:10:Infinity":2,"b:10:19:10:51:10:51:10:Infinity":0,"s:11:4:11:Infinity":3,"f:14:8:14:16":1,"s:15:31:15:60":4,"b:16:4:17:Infinity:undefined:undefined:undefined:undefined":1,"s:16:4:17:Infinity":5,"b:16:8:16:30:16:30:16:97":2,"s:17:6:17:Infinity":6,"s:20:19:20:Infinity":7,"s:22:23:28:14":8,"f:24:8:24:34":2,"s:24:34:24:Infinity":9,"b:24:34:24:49:24:49:24:83:24:87:24:Infinity":3,"s:30:4:33:Infinity":10,"f:30:15:30:24":3,"s:31:6:31:Infinity":11,"s:32:6:32:Infinity":12,"s:35:4:38:Infinity":13,"f:35:15:35:31":4,"s:36:6:36:Infinity":14,"s:37:6:37:Infinity":15,"s:40:4:43:Infinity":16,"f:40:15:40:30":5,"s:41:6:41:Infinity":17,"s:42:6:42:Infinity":18,"s:45:4:45:Infinity":19,"s:47:4:56:Infinity":20,"s:48:6:48:Infinity":21,"s:49:6:49:Infinity":22,"s:50:6:50:Infinity":23,"s:51:6:51:Infinity":24,"s:52:6:52:Infinity":25,"s:54:6:54:Infinity":26,"s:55:6:55:Infinity":27,"s:56:6:56:Infinity":28,"f:60:8:60:19":6,"s:61:23:61:52":29,"b:62:4:69:Infinity:undefined:undefined:undefined:undefined":4,"s:62:4:69:Infinity":30,"s:63:6:69:Infinity":31,"s:64:8:64:Infinity":32,"s:65:8:65:Infinity":33,"s:66:8:66:Infinity":34,"s:67:8:67:Infinity":35,"s:69:8:69:Infinity":36,"f:74:8:74:39":7,"s:75:31:76:Infinity":37,"f:75:67:75:71":8,"s:76:6:76:30":38,"s:78:4:78:Infinity":39,"f:81:2:81:16":9,"s:82:4:82:Infinity":40,"f:85:2:85:21":10,"s:86:4:86:Infinity":41,"b:86:11:86:45:86:49:86:Infinity":5,"f:89:8:89:25":11,"s:90:4:90:Infinity":42,"f:93:8:93:28":12,"s:94:4:94:Infinity":43,"f:97:8:97:33":13,"s:98:4:98:Infinity":44,"f:101:8:101:30":14,"s:102:4:102:Infinity":45,"f:105:8:105:61":15,"s:106:4:106:Infinity":46,"f:109:8:109:21":16,"s:110:27:110:59":47,"b:111:4:112:Infinity:undefined:undefined:undefined:undefined":6,"s:111:4:112:Infinity":48,"s:112:6:112:Infinity":49,"s:115:32:115:70":50,"b:116:4:117:Infinity:undefined:undefined:undefined:undefined":7,"s:116:4:117:Infinity":51,"s:117:6:117:Infinity":52,"f:121:8:121:22":17,"s:122:27:122:59":53,"b:123:4:124:Infinity:undefined:undefined:undefined:undefined":8,"s:123:4:124:Infinity":54,"s:124:6:124:Infinity":55,"s:127:32:127:70":56,"b:128:4:129:Infinity:undefined:undefined:undefined:undefined":9,"s:128:4:129:Infinity":57,"s:129:6:129:Infinity":58,"f:133:8:133:25":18,"s:134:30:134:65":59,"b:135:4:136:Infinity:undefined:undefined:undefined:undefined":10,"s:135:4:136:Infinity":60,"s:136:6:136:Infinity":61,"f:140:8:140:26":19,"s:141:30:141:65":62,"b:142:4:143:Infinity:undefined:undefined:undefined:undefined":11,"s:142:4:143:Infinity":63,"s:143:6:143:Infinity":64,"f:147:8:147:26":20,"s:148:29:148:70":65,"b:149:4:150:Infinity:undefined:undefined:undefined:undefined":12,"s:149:4:150:Infinity":66,"s:150:6:150:Infinity":67,"f:154:8:154:27":21,"s:155:29:155:70":68,"b:156:4:157:Infinity:undefined:undefined:undefined:undefined":13,"s:156:4:157:Infinity":69,"s:157:6:157:Infinity":70,"s:162:30:162:50":71}}}
,"C:\\Users\\glenl\\.zenflow\\worktrees\\jan-28-review-3d6f\\frontend\\src\\stores\\authStore.ts": {"path":"C:\\Users\\glenl\\.zenflow\\worktrees\\jan-28-review-3d6f\\frontend\\src\\stores\\authStore.ts","statementMap":{"0":{"start":{"line":6,"column":13},"end":{"line":79,"column":null}},"1":{"start":{"line":7,"column":10},"end":{"line":7,"column":49}},"2":{"start":{"line":9,"column":8},"end":{"line":9,"column":70}},"3":{"start":{"line":10,"column":8},"end":{"line":10,"column":70}},"4":{"start":{"line":11,"column":8},"end":{"line":11,"column":32}},"5":{"start":{"line":12,"column":8},"end":{"line":12,"column":50}},"6":{"start":{"line":14,"column":8},"end":{"line":14,"column":55}},"7":{"start":{"line":14,"column":41},"end":{"line":14,"column":55}},"8":{"start":{"line":17,"column":4},"end":{"line":33,"column":null}},"9":{"start":{"line":18,"column":23},"end":{"line":18,"column":55}},"10":{"start":{"line":20,"column":6},"end":{"line":27,"column":null}},"11":{"start":{"line":21,"column":8},"end":{"line":21,"column":null}},"12":{"start":{"line":22,"column":8},"end":{"line":22,"column":null}},"13":{"start":{"line":24,"column":8},"end":{"line":24,"column":null}},"14":{"start":{"line":25,"column":8},"end":{"line":25,"column":null}},"15":{"start":{"line":26,"column":8},"end":{"line":26,"column":null}},"16":{"start":{"line":27,"column":8},"end":{"line":27,"column":null}},"17":{"start":{"line":30,"column":6},"end":{"line":30,"column":null}},"18":{"start":{"line":32,"column":6},"end":{"line":32,"column":null}},"19":{"start":{"line":33,"column":6},"end":{"line":33,"column":null}},"20":{"start":{"line":38,"column":4},"end":{"line":56,"column":null}},"21":{"start":{"line":39,"column":23},"end":{"line":39,"column":52}},"22":{"start":{"line":41,"column":6},"end":{"line":50,"column":null}},"23":{"start":{"line":42,"column":8},"end":{"line":42,"column":null}},"24":{"start":{"line":43,"column":8},"end":{"line":43,"column":null}},"25":{"start":{"line":45,"column":8},"end":{"line":45,"column":null}},"26":{"start":{"line":46,"column":8},"end":{"line":46,"column":null}},"27":{"start":{"line":47,"column":8},"end":{"line":47,"column":null}},"28":{"start":{"line":48,"column":8},"end":{"line":48,"column":null}},"29":{"start":{"line":49,"column":8},"end":{"line":49,"column":null}},"30":{"start":{"line":50,"column":8},"end":{"line":50,"column":null}},"31":{"start":{"line":53,"column":6},"end":{"line":53,"column":null}},"32":{"start":{"line":55,"column":6},"end":{"line":55,"column":null}},"33":{"start":{"line":56,"column":6},"end":{"line":56,"column":null}},"34":{"start":{"line":61,"column":4},"end":{"line":61,"column":null}},"35":{"start":{"line":62,"column":4},"end":{"line":62,"column":null}},"36":{"start":{"line":63,"column":4},"end":{"line":63,"column":null}},"37":{"start":{"line":64,"column":4},"end":{"line":64,"column":null}},"38":{"start":{"line":65,"column":4},"end":{"line":65,"column":null}},"39":{"start":{"line":66,"column":4},"end":{"line":66,"column":null}},"40":{"start":{"line":69,"column":2},"end":{"line":78,"column":null}}},"fnMap":{"0":{"name":"(anonymous_0)","decl":{"start":{"line":6,"column":40},"end":{"line":6,"column":54}},"loc":{"start":{"line":6,"column":54},"end":{"line":79,"column":null}},"line":6},"1":{"name":"(anonymous_1)","decl":{"start":{"line":14,"column":26},"end":{"line":14,"column":41}},"loc":{"start":{"line":14,"column":41},"end":{"line":14,"column":55}},"line":14},"2":{"name":"register","decl":{"start":{"line":16,"column":17},"end":{"line":16,"column":26}},"loc":{"start":{"line":16,"column":49},"end":{"line":33,"column":null}},"line":16},"3":{"name":"login","decl":{"start":{"line":37,"column":17},"end":{"line":37,"column":23}},"loc":{"start":{"line":37,"column":43},"end":{"line":56,"column":null}},"line":37},"4":{"name":"logout","decl":{"start":{"line":60,"column":11},"end":{"line":60,"column":20}},"loc":{"start":{"line":60,"column":20},"end":{"line":66,"column":null}},"line":60}},"branchMap":{"0":{"loc":{"start":{"line":20,"column":6},"end":{"line":27,"column":null}},"type":"if","locations":[{"start":{"line":20,"column":6},"end":{"line":27,"column":null}},{"start":{"line":23,"column":13},"end":{"line":27,"column":null}}],"line":20},"1":{"loc":{"start":{"line":41,"column":6},"end":{"line":50,"column":null}},"type":"if","locations":[{"start":{"line":41,"column":6},"end":{"line":50,"column":null}},{"start":{"line":44,"column":13},"end":{"line":50,"column":null}}],"line":41}},"s":{"0":1,"1":11,"2":11,"3":11,"4":11,"5":11,"6":11,"7":5,"8":3,"9":3,"10":2,"11":1,"12":1,"13":1,"14":1,"15":1,"16":1,"17":2,"18":1,"19":1,"20":3,"21":3,"22":2,"23":1,"24":1,"25":1,"26":1,"27":1,"28":1,"29":1,"30":1,"31":2,"32":1,"33":1,"34":1,"35":1,"36":1,"37":1,"38":1,"39":1,"40":11},"f":{"0":11,"1":5,"2":3,"3":3,"4":1},"b":{"0":[1,1],"1":[1,1]},"meta":{"lastBranch":2,"lastFunction":5,"lastStatement":41,"seen":{"s:6:13:79:Infinity":0,"f:6:40:6:54":0,"s:7:10:7:49":1,"s:9:8:9:70":2,"s:10:8:10:70":3,"s:11:8:11:32":4,"s:12:8:12:50":5,"s:14:8:14:55":6,"f:14:26:14:41":1,"s:14:41:14:55":7,"f:16:17:16:26":2,"s:17:4:33:Infinity":8,"s:18:23:18:55":9,"b:20:6:27:Infinity:23:13:27:Infinity":0,"s:20:6:27:Infinity":10,"s:21:8:21:Infinity":11,"s:22:8:22:Infinity":12,"s:24:8:24:Infinity":13,"s:25:8:25:Infinity":14,"s:26:8:26:Infinity":15,"s:27:8:27:Infinity":16,"s:30:6:30:Infinity":17,"s:32:6:32:Infinity":18,"s:33:6:33:Infinity":19,"f:37:17:37:23":3,"s:38:4:56:Infinity":20,"s:39:23:39:52":21,"b:41:6:50:Infinity:44:13:50:Infinity":1,"s:41:6:50:Infinity":22,"s:42:8:42:Infinity":23,"s:43:8:43:Infinity":24,"s:45:8:45:Infinity":25,"s:46:8:46:Infinity":26,"s:47:8:47:Infinity":27,"s:48:8:48:Infinity":28,"s:49:8:49:Infinity":29,"s:50:8:50:Infinity":30,"s:53:6:53:Infinity":31,"s:55:6:55:Infinity":32,"s:56:6:56:Infinity":33,"f:60:11:60:20":4,"s:61:4:61:Infinity":34,"s:62:4:62:Infinity":35,"s:63:4:63:Infinity":36,"s:64:4:64:Infinity":37,"s:65:4:65:Infinity":38,"s:66:4:66:Infinity":39,"s:69:2:78:Infinity":40}}}
,"C:\\Users\\glenl\\.zenflow\\worktrees\\jan-28-review-3d6f\\frontend\\src\\stores\\electionStore.ts": {"path":"C:\\Users\\glenl\\.zenflow\\worktrees\\jan-28-review-3d6f\\frontend\\src\\stores\\electionStore.ts","statementMap":{"0":{"start":{"line":9,"column":13},"end":{"line":255,"column":null}},"1":{"start":{"line":10,"column":8},"end":{"line":10,"column":42}},"2":{"start":{"line":11,"column":8},"end":{"line":11,"column":55}},"3":{"start":{"line":12,"column":8},"end":{"line":12,"column":28}},"4":{"start":{"line":13,"column":8},"end":{"line":13,"column":40}},"5":{"start":{"line":14,"column":8},"end":{"line":14,"column":39}},"6":{"start":{"line":16,"column":8},"end":{"line":17,"column":null}},"7":{"start":{"line":17,"column":4},"end":{"line":17,"column":94}},"8":{"start":{"line":17,"column":32},"end":{"line":17,"column":94}},"9":{"start":{"line":20,"column":8},"end":{"line":21,"column":null}},"10":{"start":{"line":21,"column":4},"end":{"line":21,"column":62}},"11":{"start":{"line":21,"column":32},"end":{"line":21,"column":62}},"12":{"start":{"line":25,"column":4},"end":{"line":25,"column":null}},"13":{"start":{"line":26,"column":4},"end":{"line":26,"column":null}},"14":{"start":{"line":27,"column":4},"end":{"line":33,"column":null}},"15":{"start":{"line":28,"column":6},"end":{"line":28,"column":null}},"16":{"start":{"line":30,"column":6},"end":{"line":30,"column":null}},"17":{"start":{"line":31,"column":6},"end":{"line":31,"column":null}},"18":{"start":{"line":33,"column":6},"end":{"line":33,"column":null}},"19":{"start":{"line":38,"column":4},"end":{"line":38,"column":null}},"20":{"start":{"line":39,"column":4},"end":{"line":39,"column":null}},"21":{"start":{"line":40,"column":4},"end":{"line":56,"column":null}},"22":{"start":{"line":41,"column":23},"end":{"line":41,"column":66}},"23":{"start":{"line":42,"column":6},"end":{"line":42,"column":null}},"24":{"start":{"line":44,"column":20},"end":{"line":44,"column":83}},"25":{"start":{"line":44,"column":51},"end":{"line":44,"column":83}},"26":{"start":{"line":45,"column":6},"end":{"line":48,"column":null}},"27":{"start":{"line":46,"column":8},"end":{"line":46,"column":null}},"28":{"start":{"line":48,"column":8},"end":{"line":48,"column":null}},"29":{"start":{"line":51,"column":6},"end":{"line":51,"column":null}},"30":{"start":{"line":53,"column":6},"end":{"line":53,"column":null}},"31":{"start":{"line":54,"column":6},"end":{"line":54,"column":null}},"32":{"start":{"line":56,"column":6},"end":{"line":56,"column":null}},"33":{"start":{"line":61,"column":4},"end":{"line":61,"column":null}},"34":{"start":{"line":62,"column":4},"end":{"line":62,"column":null}},"35":{"start":{"line":63,"column":4},"end":{"line":72,"column":null}},"36":{"start":{"line":64,"column":23},"end":{"line":64,"column":56}},"37":{"start":{"line":65,"column":6},"end":{"line":65,"column":null}},"38":{"start":{"line":66,"column":6},"end":{"line":66,"column":null}},"39":{"start":{"line":67,"column":6},"end":{"line":67,"column":null}},"40":{"start":{"line":69,"column":6},"end":{"line":69,"column":null}},"41":{"start":{"line":70,"column":6},"end":{"line":70,"column":null}},"42":{"start":{"line":72,"column":6},"end":{"line":72,"column":null}},"43":{"start":{"line":77,"column":4},"end":{"line":77,"column":null}},"44":{"start":{"line":78,"column":4},"end":{"line":78,"column":null}},"45":{"start":{"line":79,"column":4},"end":{"line":96,"column":null}},"46":{"start":{"line":80,"column":23},"end":{"line":80,"column":70}},"47":{"start":{"line":82,"column":20},"end":{"line":82,"column":83}},"48":{"start":{"line":82,"column":51},"end":{"line":82,"column":83}},"49":{"start":{"line":83,"column":6},"end":{"line":84,"column":null}},"50":{"start":{"line":84,"column":8},"end":{"line":84,"column":null}},"51":{"start":{"line":87,"column":6},"end":{"line":88,"column":null}},"52":{"start":{"line":88,"column":8},"end":{"line":88,"column":null}},"53":{"start":{"line":91,"column":6},"end":{"line":91,"column":null}},"54":{"start":{"line":93,"column":6},"end":{"line":93,"column":null}},"55":{"start":{"line":94,"column":6},"end":{"line":94,"column":null}},"56":{"start":{"line":96,"column":6},"end":{"line":96,"column":null}},"57":{"start":{"line":101,"column":4},"end":{"line":101,"column":null}},"58":{"start":{"line":102,"column":4},"end":{"line":102,"column":null}},"59":{"start":{"line":103,"column":4},"end":{"line":115,"column":null}},"60":{"start":{"line":104,"column":6},"end":{"line":104,"column":null}},"61":{"start":{"line":106,"column":6},"end":{"line":106,"column":null}},"62":{"start":{"line":106,"column":52},"end":{"line":106,"column":84}},"63":{"start":{"line":108,"column":6},"end":{"line":109,"column":null}},"64":{"start":{"line":109,"column":8},"end":{"line":109,"column":null}},"65":{"start":{"line":112,"column":6},"end":{"line":112,"column":null}},"66":{"start":{"line":113,"column":6},"end":{"line":113,"column":null}},"67":{"start":{"line":115,"column":6},"end":{"line":115,"column":null}},"68":{"start":{"line":120,"column":4},"end":{"line":120,"column":null}},"69":{"start":{"line":124,"column":4},"end":{"line":124,"column":null}},"70":{"start":{"line":128,"column":4},"end":{"line":128,"column":null}},"71":{"start":{"line":128,"column":34},"end":{"line":128,"column":null}},"72":{"start":{"line":130,"column":4},"end":{"line":160,"column":null}},"73":{"start":{"line":131,"column":25},"end":{"line":131,"column":64}},"74":{"start":{"line":133,"column":6},"end":{"line":146,"column":null}},"75":{"start":{"line":136,"column":8},"end":{"line":144,"column":null}},"76":{"start":{"line":137,"column":51},"end":{"line":143,"column":null}},"77":{"start":{"line":144,"column":10},"end":{"line":144,"column":null}},"78":{"start":{"line":148,"column":6},"end":{"line":156,"column":null}},"79":{"start":{"line":150,"column":49},"end":{"line":154,"column":null}},"80":{"start":{"line":155,"column":8},"end":{"line":155,"column":null}},"81":{"start":{"line":158,"column":6},"end":{"line":158,"column":null}},"82":{"start":{"line":160,"column":6},"end":{"line":160,"column":null}},"83":{"start":{"line":165,"column":18},"end":{"line":165,"column":86}},"84":{"start":{"line":165,"column":49},"end":{"line":165,"column":86}},"85":{"start":{"line":166,"column":4},"end":{"line":183,"column":null}},"86":{"start":{"line":167,"column":31},"end":{"line":167,"column":null}},"87":{"start":{"line":168,"column":29},"end":{"line":168,"column":null}},"88":{"start":{"line":169,"column":32},"end":{"line":169,"column":null}},"89":{"start":{"line":171,"column":6},"end":{"line":176,"column":null}},"90":{"start":{"line":179,"column":6},"end":{"line":180,"column":null}},"91":{"start":{"line":180,"column":8},"end":{"line":180,"column":null}},"92":{"start":{"line":182,"column":6},"end":{"line":183,"column":null}},"93":{"start":{"line":183,"column":8},"end":{"line":183,"column":null}},"94":{"start":{"line":187,"column":4},"end":{"line":204,"column":null}},"95":{"start":{"line":188,"column":38},"end":{"line":188,"column":null}},"96":{"start":{"line":189,"column":29},"end":{"line":189,"column":null}},"97":{"start":{"line":190,"column":32},"end":{"line":190,"column":null}},"98":{"start":{"line":192,"column":6},"end":{"line":197,"column":null}},"99":{"start":{"line":200,"column":6},"end":{"line":201,"column":null}},"100":{"start":{"line":201,"column":8},"end":{"line":201,"column":null}},"101":{"start":{"line":203,"column":6},"end":{"line":204,"column":null}},"102":{"start":{"line":204,"column":8},"end":{"line":204,"column":null}},"103":{"start":{"line":210,"column":20},"end":{"line":210,"column":null}},"104":{"start":{"line":212,"column":4},"end":{"line":217,"column":null}},"105":{"start":{"line":213,"column":6},"end":{"line":213,"column":null}},"106":{"start":{"line":214,"column":15},"end":{"line":217,"column":null}},"107":{"start":{"line":215,"column":6},"end":{"line":215,"column":null}},"108":{"start":{"line":217,"column":6},"end":{"line":217,"column":null}},"109":{"start":{"line":222,"column":4},"end":{"line":225,"column":null}},"110":{"start":{"line":223,"column":6},"end":{"line":223,"column":null}},"111":{"start":{"line":225,"column":6},"end":{"line":225,"column":null}},"112":{"start":{"line":230,"column":4},"end":{"line":233,"column":null}},"113":{"start":{"line":231,"column":6},"end":{"line":231,"column":null}},"114":{"start":{"line":233,"column":6},"end":{"line":233,"column":null}},"115":{"start":{"line":237,"column":2},"end":{"line":254,"column":null}}},"fnMap":{"0":{"name":"(anonymous_0)","decl":{"start":{"line":9,"column":44},"end":{"line":9,"column":62}},"loc":{"start":{"line":9,"column":62},"end":{"line":255,"column":null}},"line":9},"1":{"name":"(anonymous_1)","decl":{"start":{"line":16,"column":26},"end":{"line":16,"column":null}},"loc":{"start":{"line":17,"column":4},"end":{"line":17,"column":94}},"line":17},"2":{"name":"(anonymous_2)","decl":{"start":{"line":17,"column":20},"end":{"line":17,"column":27}},"loc":{"start":{"line":17,"column":32},"end":{"line":17,"column":94}},"line":17},"3":{"name":"(anonymous_3)","decl":{"start":{"line":20,"column":29},"end":{"line":20,"column":null}},"loc":{"start":{"line":21,"column":4},"end":{"line":21,"column":62}},"line":21},"4":{"name":"(anonymous_4)","decl":{"start":{"line":21,"column":20},"end":{"line":21,"column":27}},"loc":{"start":{"line":21,"column":32},"end":{"line":21,"column":62}},"line":21},"5":{"name":"fetchElections","decl":{"start":{"line":24,"column":17},"end":{"line":24,"column":34}},"loc":{"start":{"line":24,"column":34},"end":{"line":33,"column":null}},"line":24},"6":{"name":"fetchElectionById","decl":{"start":{"line":37,"column":17},"end":{"line":37,"column":35}},"loc":{"start":{"line":37,"column":57},"end":{"line":56,"column":null}},"line":37},"7":{"name":"(anonymous_7)","decl":{"start":{"line":44,"column":36},"end":{"line":44,"column":46}},"loc":{"start":{"line":44,"column":51},"end":{"line":44,"column":83}},"line":44},"8":{"name":"createElection","decl":{"start":{"line":60,"column":17},"end":{"line":60,"column":32}},"loc":{"start":{"line":60,"column":56},"end":{"line":72,"column":null}},"line":60},"9":{"name":"updateElection","decl":{"start":{"line":76,"column":17},"end":{"line":76,"column":32}},"loc":{"start":{"line":76,"column":78},"end":{"line":96,"column":null}},"line":76},"10":{"name":"(anonymous_10)","decl":{"start":{"line":82,"column":36},"end":{"line":82,"column":46}},"loc":{"start":{"line":82,"column":51},"end":{"line":82,"column":83}},"line":82},"11":{"name":"deleteElection","decl":{"start":{"line":100,"column":17},"end":{"line":100,"column":32}},"loc":{"start":{"line":100,"column":54},"end":{"line":115,"column":null}},"line":100},"12":{"name":"(anonymous_12)","decl":{"start":{"line":106,"column":40},"end":{"line":106,"column":47}},"loc":{"start":{"line":106,"column":52},"end":{"line":106,"column":84}},"line":106},"13":{"name":"setCurrentElection","decl":{"start":{"line":119,"column":11},"end":{"line":119,"column":30}},"loc":{"start":{"line":119,"column":60},"end":{"line":120,"column":null}},"line":119},"14":{"name":"clearError","decl":{"start":{"line":123,"column":11},"end":{"line":123,"column":24}},"loc":{"start":{"line":123,"column":24},"end":{"line":124,"column":null}},"line":123},"15":{"name":"initializeSignalR","decl":{"start":{"line":127,"column":17},"end":{"line":127,"column":37}},"loc":{"start":{"line":127,"column":37},"end":{"line":160,"column":null}},"line":127},"16":{"name":"(anonymous_16)","decl":{"start":{"line":133,"column":20},"end":{"line":133,"column":38}},"loc":{"start":{"line":133,"column":52},"end":{"line":146,"column":null}},"line":133},"17":{"name":"(anonymous_17)","decl":{"start":{"line":148,"column":20},"end":{"line":148,"column":39}},"loc":{"start":{"line":148,"column":64},"end":{"line":156,"column":null}},"line":148},"18":{"name":"handleElectionUpdate","decl":{"start":{"line":164,"column":11},"end":{"line":164,"column":32}},"loc":{"start":{"line":164,"column":59},"end":{"line":204,"column":null}},"line":164},"19":{"name":"(anonymous_19)","decl":{"start":{"line":165,"column":34},"end":{"line":165,"column":44}},"loc":{"start":{"line":165,"column":49},"end":{"line":165,"column":86}},"line":165},"20":{"name":"showElectionStatusNotification","decl":{"start":{"line":209,"column":11},"end":{"line":209,"column":42}},"loc":{"start":{"line":209,"column":117},"end":{"line":217,"column":null}},"line":209},"21":{"name":"joinElection","decl":{"start":{"line":221,"column":17},"end":{"line":221,"column":30}},"loc":{"start":{"line":221,"column":52},"end":{"line":225,"column":null}},"line":221},"22":{"name":"leaveElection","decl":{"start":{"line":229,"column":17},"end":{"line":229,"column":31}},"loc":{"start":{"line":229,"column":53},"end":{"line":233,"column":null}},"line":229}},"branchMap":{"0":{"loc":{"start":{"line":17,"column":32},"end":{"line":17,"column":94}},"type":"binary-expr","locations":[{"start":{"line":17,"column":32},"end":{"line":17,"column":65}},{"start":{"line":17,"column":65},"end":{"line":17,"column":94}}],"line":17},"1":{"loc":{"start":{"line":30,"column":20},"end":{"line":30,"column":null}},"type":"binary-expr","locations":[{"start":{"line":30,"column":20},"end":{"line":30,"column":33}},{"start":{"line":30,"column":33},"end":{"line":30,"column":null}}],"line":30},"2":{"loc":{"start":{"line":45,"column":6},"end":{"line":48,"column":null}},"type":"if","locations":[{"start":{"line":45,"column":6},"end":{"line":48,"column":null}},{"start":{"line":47,"column":13},"end":{"line":48,"column":null}}],"line":45},"3":{"loc":{"start":{"line":53,"column":20},"end":{"line":53,"column":null}},"type":"binary-expr","locations":[{"start":{"line":53,"column":20},"end":{"line":53,"column":33}},{"start":{"line":53,"column":33},"end":{"line":53,"column":null}}],"line":53},"4":{"loc":{"start":{"line":69,"column":20},"end":{"line":69,"column":null}},"type":"binary-expr","locations":[{"start":{"line":69,"column":20},"end":{"line":69,"column":33}},{"start":{"line":69,"column":33},"end":{"line":69,"column":null}}],"line":69},"5":{"loc":{"start":{"line":83,"column":6},"end":{"line":84,"column":null}},"type":"if","locations":[{"start":{"line":83,"column":6},"end":{"line":84,"column":null}},{"start":{},"end":{}}],"line":83},"6":{"loc":{"start":{"line":87,"column":6},"end":{"line":88,"column":null}},"type":"if","locations":[{"start":{"line":87,"column":6},"end":{"line":88,"column":null}},{"start":{},"end":{}}],"line":87},"7":{"loc":{"start":{"line":93,"column":20},"end":{"line":93,"column":null}},"type":"binary-expr","locations":[{"start":{"line":93,"column":20},"end":{"line":93,"column":33}},{"start":{"line":93,"column":33},"end":{"line":93,"column":null}}],"line":93},"8":{"loc":{"start":{"line":108,"column":6},"end":{"line":109,"column":null}},"type":"if","locations":[{"start":{"line":108,"column":6},"end":{"line":109,"column":null}},{"start":{},"end":{}}],"line":108},"9":{"loc":{"start":{"line":112,"column":20},"end":{"line":112,"column":null}},"type":"binary-expr","locations":[{"start":{"line":112,"column":20},"end":{"line":112,"column":33}},{"start":{"line":112,"column":33},"end":{"line":112,"column":null}}],"line":112},"10":{"loc":{"start":{"line":128,"column":4},"end":{"line":128,"column":null}},"type":"if","locations":[{"start":{"line":128,"column":4},"end":{"line":128,"column":null}},{"start":{},"end":{}}],"line":128},"11":{"loc":{"start":{"line":136,"column":8},"end":{"line":144,"column":null}},"type":"if","locations":[{"start":{"line":136,"column":8},"end":{"line":144,"column":null}},{"start":{},"end":{}}],"line":136},"12":{"loc":{"start":{"line":136,"column":12},"end":{"line":136,"column":46}},"type":"binary-expr","locations":[{"start":{"line":136,"column":12},"end":{"line":136,"column":20}},{"start":{"line":136,"column":20},"end":{"line":136,"column":46}}],"line":136},"13":{"loc":{"start":{"line":138,"column":26},"end":{"line":138,"column":null}},"type":"binary-expr","locations":[{"start":{"line":138,"column":26},"end":{"line":138,"column":47}},{"start":{"line":138,"column":47},"end":{"line":138,"column":null}}],"line":138},"14":{"loc":{"start":{"line":142,"column":23},"end":{"line":142,"column":null}},"type":"binary-expr","locations":[{"start":{"line":142,"column":23},"end":{"line":142,"column":41}},{"start":{"line":142,"column":41},"end":{"line":142,"column":null}}],"line":142},"15":{"loc":{"start":{"line":166,"column":4},"end":{"line":183,"column":null}},"type":"if","locations":[{"start":{"line":166,"column":4},"end":{"line":183,"column":null}},{"start":{},"end":{}}],"line":166},"16":{"loc":{"start":{"line":173,"column":14},"end":{"line":173,"column":null}},"type":"binary-expr","locations":[{"start":{"line":173,"column":14},"end":{"line":173,"column":27}},{"start":{"line":173,"column":27},"end":{"line":173,"column":null}}],"line":173},"17":{"loc":{"start":{"line":174,"column":21},"end":{"line":174,"column":null}},"type":"binary-expr","locations":[{"start":{"line":174,"column":21},"end":{"line":174,"column":41}},{"start":{"line":174,"column":41},"end":{"line":174,"column":null}}],"line":174},"18":{"loc":{"start":{"line":175,"column":24},"end":{"line":175,"column":null}},"type":"binary-expr","locations":[{"start":{"line":175,"column":24},"end":{"line":175,"column":47}},{"start":{"line":175,"column":47},"end":{"line":175,"column":null}}],"line":175},"19":{"loc":{"start":{"line":179,"column":6},"end":{"line":180,"column":null}},"type":"if","locations":[{"start":{"line":179,"column":6},"end":{"line":180,"column":null}},{"start":{},"end":{}}],"line":179},"20":{"loc":{"start":{"line":179,"column":10},"end":{"line":179,"column":67}},"type":"binary-expr","locations":[{"start":{"line":179,"column":10},"end":{"line":179,"column":30}},{"start":{"line":179,"column":30},"end":{"line":179,"column":67}}],"line":179},"21":{"loc":{"start":{"line":180,"column":39},"end":{"line":180,"column":64}},"type":"binary-expr","locations":[{"start":{"line":180,"column":39},"end":{"line":180,"column":52}},{"start":{"line":180,"column":52},"end":{"line":180,"column":64}}],"line":180},"22":{"loc":{"start":{"line":182,"column":6},"end":{"line":183,"column":null}},"type":"if","locations":[{"start":{"line":182,"column":6},"end":{"line":183,"column":null}},{"start":{},"end":{}}],"line":182},"23":{"loc":{"start":{"line":182,"column":10},"end":{"line":182,"column":76}},"type":"binary-expr","locations":[{"start":{"line":182,"column":10},"end":{"line":182,"column":33}},{"start":{"line":182,"column":33},"end":{"line":182,"column":76}}],"line":182},"24":{"loc":{"start":{"line":183,"column":39},"end":{"line":183,"column":64}},"type":"binary-expr","locations":[{"start":{"line":183,"column":39},"end":{"line":183,"column":52}},{"start":{"line":183,"column":52},"end":{"line":183,"column":64}}],"line":183},"25":{"loc":{"start":{"line":187,"column":4},"end":{"line":204,"column":null}},"type":"if","locations":[{"start":{"line":187,"column":4},"end":{"line":204,"column":null}},{"start":{},"end":{}}],"line":187},"26":{"loc":{"start":{"line":194,"column":14},"end":{"line":194,"column":null}},"type":"binary-expr","locations":[{"start":{"line":194,"column":14},"end":{"line":194,"column":27}},{"start":{"line":194,"column":27},"end":{"line":194,"column":null}}],"line":194},"27":{"loc":{"start":{"line":195,"column":21},"end":{"line":195,"column":null}},"type":"binary-expr","locations":[{"start":{"line":195,"column":21},"end":{"line":195,"column":41}},{"start":{"line":195,"column":41},"end":{"line":195,"column":null}}],"line":195},"28":{"loc":{"start":{"line":196,"column":24},"end":{"line":196,"column":null}},"type":"binary-expr","locations":[{"start":{"line":196,"column":24},"end":{"line":196,"column":47}},{"start":{"line":196,"column":47},"end":{"line":196,"column":null}}],"line":196},"29":{"loc":{"start":{"line":200,"column":6},"end":{"line":201,"column":null}},"type":"if","locations":[{"start":{"line":200,"column":6},"end":{"line":201,"column":null}},{"start":{},"end":{}}],"line":200},"30":{"loc":{"start":{"line":200,"column":10},"end":{"line":200,"column":67}},"type":"binary-expr","locations":[{"start":{"line":200,"column":10},"end":{"line":200,"column":30}},{"start":{"line":200,"column":30},"end":{"line":200,"column":67}}],"line":200},"31":{"loc":{"start":{"line":201,"column":39},"end":{"line":201,"column":64}},"type":"binary-expr","locations":[{"start":{"line":201,"column":39},"end":{"line":201,"column":52}},{"start":{"line":201,"column":52},"end":{"line":201,"column":64}}],"line":201},"32":{"loc":{"start":{"line":203,"column":6},"end":{"line":204,"column":null}},"type":"if","locations":[{"start":{"line":203,"column":6},"end":{"line":204,"column":null}},{"start":{},"end":{}}],"line":203},"33":{"loc":{"start":{"line":203,"column":10},"end":{"line":203,"column":76}},"type":"binary-expr","locations":[{"start":{"line":203,"column":10},"end":{"line":203,"column":33}},{"start":{"line":203,"column":33},"end":{"line":203,"column":76}}],"line":203},"34":{"loc":{"start":{"line":204,"column":39},"end":{"line":204,"column":64}},"type":"binary-expr","locations":[{"start":{"line":204,"column":39},"end":{"line":204,"column":52}},{"start":{"line":204,"column":52},"end":{"line":204,"column":64}}],"line":204},"35":{"loc":{"start":{"line":212,"column":4},"end":{"line":217,"column":null}},"type":"if","locations":[{"start":{"line":212,"column":4},"end":{"line":217,"column":null}},{"start":{"line":214,"column":15},"end":{"line":217,"column":null}}],"line":212},"36":{"loc":{"start":{"line":212,"column":8},"end":{"line":212,"column":61}},"type":"binary-expr","locations":[{"start":{"line":212,"column":8},"end":{"line":212,"column":37}},{"start":{"line":212,"column":37},"end":{"line":212,"column":61}}],"line":212},"37":{"loc":{"start":{"line":214,"column":15},"end":{"line":217,"column":null}},"type":"if","locations":[{"start":{"line":214,"column":15},"end":{"line":217,"column":null}},{"start":{"line":216,"column":11},"end":{"line":217,"column":null}}],"line":214},"38":{"loc":{"start":{"line":214,"column":15},"end":{"line":214,"column":67}},"type":"binary-expr","locations":[{"start":{"line":214,"column":15},"end":{"line":214,"column":43}},{"start":{"line":214,"column":43},"end":{"line":214,"column":67}}],"line":214}},"s":{"0":2,"1":19,"2":19,"3":19,"4":19,"5":19,"6":19,"7":1,"8":4,"9":19,"10":1,"11":3,"12":2,"13":2,"14":2,"15":2,"16":1,"17":1,"18":2,"19":2,"20":2,"21":2,"22":2,"23":2,"24":2,"25":2,"26":2,"27":1,"28":1,"29":2,"30":0,"31":0,"32":2,"33":1,"34":1,"35":1,"36":1,"37":1,"38":1,"39":1,"40":0,"41":0,"42":1,"43":1,"44":1,"45":1,"46":1,"47":1,"48":1,"49":1,"50":1,"51":1,"52":1,"53":1,"54":0,"55":0,"56":1,"57":1,"58":1,"59":1,"60":1,"61":1,"62":2,"63":1,"64":1,"65":0,"66":0,"67":1,"68":2,"69":1,"70":2,"71":0,"72":2,"73":2,"74":1,"75":0,"76":0,"77":0,"78":1,"79":0,"80":0,"81":1,"82":1,"83":0,"84":0,"85":0,"86":0,"87":0,"88":0,"89":0,"90":0,"91":0,"92":0,"93":0,"94":0,"95":0,"96":0,"97":0,"98":0,"99":0,"100":0,"101":0,"102":0,"103":0,"104":0,"105":0,"106":0,"107":0,"108":0,"109":1,"110":1,"111":0,"112":1,"113":1,"114":0,"115":19},"f":{"0":19,"1":1,"2":4,"3":1,"4":3,"5":2,"6":2,"7":2,"8":1,"9":1,"10":1,"11":1,"12":2,"13":2,"14":1,"15":2,"16":0,"17":0,"18":0,"19":0,"20":0,"21":1,"22":1},"b":{"0":[4,3],"1":[1,0],"2":[1,1],"3":[0,0],"4":[0,0],"5":[1,0],"6":[1,0],"7":[0,0],"8":[1,0],"9":[0,0],"10":[0,2],"11":[0,0],"12":[0,0],"13":[0,0],"14":[0,0],"15":[0,0],"16":[0,0],"17":[0,0],"18":[0,0],"19":[0,0],"20":[0,0],"21":[0,0],"22":[0,0],"23":[0,0],"24":[0,0],"25":[0,0],"26":[0,0],"27":[0,0],"28":[0,0],"29":[0,0],"30":[0,0],"31":[0,0],"32":[0,0],"33":[0,0],"34":[0,0],"35":[0,0],"36":[0,0],"37":[0,0],"38":[0,0]},"meta":{"lastBranch":39,"lastFunction":23,"lastStatement":116,"seen":{"s:9:13:255:Infinity":0,"f:9:44:9:62":0,"s:10:8:10:42":1,"s:11:8:11:55":2,"s:12:8:12:28":3,"s:13:8:13:40":4,"s:14:8:14:39":5,"s:16:8:17:Infinity":6,"f:16:26:16:Infinity":1,"s:17:4:17:94":7,"f:17:20:17:27":2,"s:17:32:17:94":8,"b:17:32:17:65:17:65:17:94":0,"s:20:8:21:Infinity":9,"f:20:29:20:Infinity":3,"s:21:4:21:62":10,"f:21:20:21:27":4,"s:21:32:21:62":11,"f:24:17:24:34":5,"s:25:4:25:Infinity":12,"s:26:4:26:Infinity":13,"s:27:4:33:Infinity":14,"s:28:6:28:Infinity":15,"s:30:6:30:Infinity":16,"b:30:20:30:33:30:33:30:Infinity":1,"s:31:6:31:Infinity":17,"s:33:6:33:Infinity":18,"f:37:17:37:35":6,"s:38:4:38:Infinity":19,"s:39:4:39:Infinity":20,"s:40:4:56:Infinity":21,"s:41:23:41:66":22,"s:42:6:42:Infinity":23,"s:44:20:44:83":24,"f:44:36:44:46":7,"s:44:51:44:83":25,"b:45:6:48:Infinity:47:13:48:Infinity":2,"s:45:6:48:Infinity":26,"s:46:8:46:Infinity":27,"s:48:8:48:Infinity":28,"s:51:6:51:Infinity":29,"s:53:6:53:Infinity":30,"b:53:20:53:33:53:33:53:Infinity":3,"s:54:6:54:Infinity":31,"s:56:6:56:Infinity":32,"f:60:17:60:32":8,"s:61:4:61:Infinity":33,"s:62:4:62:Infinity":34,"s:63:4:72:Infinity":35,"s:64:23:64:56":36,"s:65:6:65:Infinity":37,"s:66:6:66:Infinity":38,"s:67:6:67:Infinity":39,"s:69:6:69:Infinity":40,"b:69:20:69:33:69:33:69:Infinity":4,"s:70:6:70:Infinity":41,"s:72:6:72:Infinity":42,"f:76:17:76:32":9,"s:77:4:77:Infinity":43,"s:78:4:78:Infinity":44,"s:79:4:96:Infinity":45,"s:80:23:80:70":46,"s:82:20:82:83":47,"f:82:36:82:46":10,"s:82:51:82:83":48,"b:83:6:84:Infinity:undefined:undefined:undefined:undefined":5,"s:83:6:84:Infinity":49,"s:84:8:84:Infinity":50,"b:87:6:88:Infinity:undefined:undefined:undefined:undefined":6,"s:87:6:88:Infinity":51,"s:88:8:88:Infinity":52,"s:91:6:91:Infinity":53,"s:93:6:93:Infinity":54,"b:93:20:93:33:93:33:93:Infinity":7,"s:94:6:94:Infinity":55,"s:96:6:96:Infinity":56,"f:100:17:100:32":11,"s:101:4:101:Infinity":57,"s:102:4:102:Infinity":58,"s:103:4:115:Infinity":59,"s:104:6:104:Infinity":60,"s:106:6:106:Infinity":61,"f:106:40:106:47":12,"s:106:52:106:84":62,"b:108:6:109:Infinity:undefined:undefined:undefined:undefined":8,"s:108:6:109:Infinity":63,"s:109:8:109:Infinity":64,"s:112:6:112:Infinity":65,"b:112:20:112:33:112:33:112:Infinity":9,"s:113:6:113:Infinity":66,"s:115:6:115:Infinity":67,"f:119:11:119:30":13,"s:120:4:120:Infinity":68,"f:123:11:123:24":14,"s:124:4:124:Infinity":69,"f:127:17:127:37":15,"b:128:4:128:Infinity:undefined:undefined:undefined:undefined":10,"s:128:4:128:Infinity":70,"s:128:34:128:Infinity":71,"s:130:4:160:Infinity":72,"s:131:25:131:64":73,"s:133:6:146:Infinity":74,"f:133:20:133:38":16,"b:136:8:144:Infinity:undefined:undefined:undefined:undefined":11,"s:136:8:144:Infinity":75,"b:136:12:136:20:136:20:136:46":12,"s:137:51:143:Infinity":76,"b:138:26:138:47:138:47:138:Infinity":13,"b:142:23:142:41:142:41:142:Infinity":14,"s:144:10:144:Infinity":77,"s:148:6:156:Infinity":78,"f:148:20:148:39":17,"s:150:49:154:Infinity":79,"s:155:8:155:Infinity":80,"s:158:6:158:Infinity":81,"s:160:6:160:Infinity":82,"f:164:11:164:32":18,"s:165:18:165:86":83,"f:165:34:165:44":19,"s:165:49:165:86":84,"b:166:4:183:Infinity:undefined:undefined:undefined:undefined":15,"s:166:4:183:Infinity":85,"s:167:31:167:Infinity":86,"s:168:29:168:Infinity":87,"s:169:32:169:Infinity":88,"s:171:6:176:Infinity":89,"b:173:14:173:27:173:27:173:Infinity":16,"b:174:21:174:41:174:41:174:Infinity":17,"b:175:24:175:47:175:47:175:Infinity":18,"b:179:6:180:Infinity:undefined:undefined:undefined:undefined":19,"s:179:6:180:Infinity":90,"b:179:10:179:30:179:30:179:67":20,"s:180:8:180:Infinity":91,"b:180:39:180:52:180:52:180:64":21,"b:182:6:183:Infinity:undefined:undefined:undefined:undefined":22,"s:182:6:183:Infinity":92,"b:182:10:182:33:182:33:182:76":23,"s:183:8:183:Infinity":93,"b:183:39:183:52:183:52:183:64":24,"b:187:4:204:Infinity:undefined:undefined:undefined:undefined":25,"s:187:4:204:Infinity":94,"s:188:38:188:Infinity":95,"s:189:29:189:Infinity":96,"s:190:32:190:Infinity":97,"s:192:6:197:Infinity":98,"b:194:14:194:27:194:27:194:Infinity":26,"b:195:21:195:41:195:41:195:Infinity":27,"b:196:24:196:47:196:47:196:Infinity":28,"b:200:6:201:Infinity:undefined:undefined:undefined:undefined":29,"s:200:6:201:Infinity":99,"b:200:10:200:30:200:30:200:67":30,"s:201:8:201:Infinity":100,"b:201:39:201:52:201:52:201:64":31,"b:203:6:204:Infinity:undefined:undefined:undefined:undefined":32,"s:203:6:204:Infinity":101,"b:203:10:203:33:203:33:203:76":33,"s:204:8:204:Infinity":102,"b:204:39:204:52:204:52:204:64":34,"f:209:11:209:42":20,"s:210:20:210:Infinity":103,"b:212:4:217:Infinity:214:15:217:Infinity":35,"s:212:4:217:Infinity":104,"b:212:8:212:37:212:37:212:61":36,"s:213:6:213:Infinity":105,"b:214:15:217:Infinity:216:11:217:Infinity":37,"s:214:15:217:Infinity":106,"b:214:15:214:43:214:43:214:67":38,"s:215:6:215:Infinity":107,"s:217:6:217:Infinity":108,"f:221:17:221:30":21,"s:222:4:225:Infinity":109,"s:223:6:223:Infinity":110,"s:225:6:225:Infinity":111,"f:229:17:229:31":22,"s:230:4:233:Infinity":112,"s:231:6:231:Infinity":113,"s:233:6:233:Infinity":114,"s:237:2:254:Infinity":115}}}
,"C:\\Users\\glenl\\.zenflow\\worktrees\\jan-28-review-3d6f\\frontend\\src\\types\\SignalRConnection.ts": {"path":"C:\\Users\\glenl\\.zenflow\\worktrees\\jan-28-review-3d6f\\frontend\\src\\types\\SignalRConnection.ts","statementMap":{"0":{"start":{"line":1,"column":31},"end":{"line":6,"column":null}}},"fnMap":{},"branchMap":{},"s":{"0":1},"f":{},"b":{},"meta":{"lastBranch":0,"lastFunction":0,"lastStatement":1,"seen":{"s:1:31:6:Infinity":0}}}
}
