<?xml version="1.0" encoding="utf-8"?>
<TestRun id="8532e62a-93f6-43fb-8ba0-8055a8f17f79" name="glenl@GLEN16 2026-01-31 17:01:14" runUser="GLEN16\glenl" xmlns="http://microsoft.com/schemas/VisualStudio/TeamTest/2010">
  <Times creation="2026-01-31T17:01:14.9626357-07:00" queuing="2026-01-31T17:01:14.9626364-07:00" start="2026-01-31T17:01:12.4709738-07:00" finish="2026-01-31T17:01:20.2506122-07:00" />
  <TestSettings name="default" id="8cd170fb-0a2b-4034-a71f-b6e480e3abec">
    <Deployment runDeploymentRoot="glenl_GLEN16_2026-01-31_17_01_14" />
  </TestSettings>
  <Results>
    <UnitTestResult executionId="7c00ffbb-fb93-4020-b819-e1b4bb1af5a1" testId="578fa457-6bcf-8222-4863-8dfad97aa187" testName="TallyJ4.Tests.IntegrationTests.ResultsControllerTests.CalculateTally_WithValidElection_ReturnsOkWithResults" computerName="GLEN16" duration="00:00:00.2557610" startTime="2026-01-31T17:01:19.7417012-07:00" endTime="2026-01-31T17:01:19.9975030-07:00" testType="13cdc9d9-ddb5-4fa4-a97d-d965ccfc6d4b" outcome="Passed" testListId="8c84fa94-04c1-424b-9868-57a2d4851a1d" relativeResultsDirectory="7c00ffbb-fb93-4020-b819-e1b4bb1af5a1" />
    <UnitTestResult executionId="f9ef581f-39a5-408f-8207-258b79b4ff63" testId="8395a5cc-5807-928a-cc20-5780b1d6de5b" testName="TallyJ4.Tests.IntegrationTests.ProgramStartupTests.ProtectedEndpoint_RequiresAuthorization" computerName="GLEN16" duration="00:00:00.0283234" startTime="2026-01-31T17:01:17.7784959-07:00" endTime="2026-01-31T17:01:17.8068417-07:00" testType="13cdc9d9-ddb5-4fa4-a97d-d965ccfc6d4b" outcome="Passed" testListId="8c84fa94-04c1-424b-9868-57a2d4851a1d" relativeResultsDirectory="f9ef581f-39a5-408f-8207-258b79b4ff63" />
    <UnitTestResult executionId="957d7905-d0e8-40f9-9768-d278430737e7" testId="346d471e-8b7e-3a3f-8c1d-902357b5fb18" testName="TallyJ4.Tests.UnitTests.TallyServiceTests.CalculateNormalElectionAsync_Recalculation_ProducesIdenticalResults" computerName="GLEN16" duration="00:00:00.1060478" startTime="2026-01-31T17:01:16.5012248-07:00" endTime="2026-01-31T17:01:16.6072680-07:00" testType="13cdc9d9-ddb5-4fa4-a97d-d965ccfc6d4b" outcome="Passed" testListId="8c84fa94-04c1-424b-9868-57a2d4851a1d" relativeResultsDirectory="957d7905-d0e8-40f9-9768-d278430737e7" />
    <UnitTestResult executionId="bfa07140-d9b9-45de-a8ec-6715ae2d1eec" testId="b7469399-8fe8-f298-1363-edaa93afd14f" testName="TallyJ4.Tests.UnitTests.ReportExportServiceTests.GenerateExcelReportAsync_WithNoLocationStatistics_SkipsLocationSheet" computerName="GLEN16" duration="00:00:00.0206144" startTime="2026-01-31T17:01:15.6916111-07:00" endTime="2026-01-31T17:01:15.7122386-07:00" testType="13cdc9d9-ddb5-4fa4-a97d-d965ccfc6d4b" outcome="Passed" testListId="8c84fa94-04c1-424b-9868-57a2d4851a1d" relativeResultsDirectory="bfa07140-d9b9-45de-a8ec-6715ae2d1eec" />
    <UnitTestResult executionId="4b2d34c8-2c9d-4613-afc3-7f1d5a13b25c" testId="d722e962-53a2-088d-5cf7-b28972c63b0f" testName="TallyJ4.Tests.IntegrationTests.ElectionsControllerTests.CreateElection_WithValidData_ReturnsCreated" computerName="GLEN16" duration="00:00:00.1915774" startTime="2026-01-31T17:01:18.5672568-07:00" endTime="2026-01-31T17:01:18.7590867-07:00" testType="13cdc9d9-ddb5-4fa4-a97d-d965ccfc6d4b" outcome="Passed" testListId="8c84fa94-04c1-424b-9868-57a2d4851a1d" relativeResultsDirectory="4b2d34c8-2c9d-4613-afc3-7f1d5a13b25c" />
    <UnitTestResult executionId="f3fa2028-cd02-4627-8297-2f83200a55e4" testId="ebd17d41-92c9-6c18-1fc8-7512d979a448" testName="TallyJ4.Tests.IntegrationTests.ProgramStartupTests.Application_StartsSuccessfully" computerName="GLEN16" duration="00:00:00.0005921" startTime="2026-01-31T17:01:17.9127891-07:00" endTime="2026-01-31T17:01:17.9234391-07:00" testType="13cdc9d9-ddb5-4fa4-a97d-d965ccfc6d4b" outcome="Failed" testListId="8c84fa94-04c1-424b-9868-57a2d4851a1d" relativeResultsDirectory="f3fa2028-cd02-4627-8297-2f83200a55e4">
      <Output>
        <ErrorInfo>
          <Message>System.InvalidOperationException : The TestServer constructor was not called with a IWebHostBuilder so IWebHost is not available.</Message>
          <StackTrace>   at Microsoft.AspNetCore.TestHost.TestServer.get_Host()&#xD;
   at TallyJ4.Tests.IntegrationTests.ProgramStartupTests.Application_StartsSuccessfully() in C:\Users\glenl\.zenflow\worktrees\jan-31-review-f-cad9\TallyJ4.Tests\IntegrationTests\ProgramStartupTests.cs:line 16&#xD;
   at System.Reflection.MethodBaseInvoker.InterpretedInvoke_Method(Object obj, IntPtr* args)&#xD;
   at System.Reflection.MethodBaseInvoker.InvokeWithNoArgs(Object obj, BindingFlags invokeAttr)</StackTrace>
        </ErrorInfo>
      </Output>
    </UnitTestResult>
    <UnitTestResult executionId="00d13d7b-8c38-473f-a1be-fb825fe0b000" testId="92dd90e8-c487-f7f7-6465-93f3283ce7bd" testName="TallyJ4.Tests.UnitTests.ElectionServiceTests.UpdateElectionAsync_WithInvalidGuid_ReturnsNull" computerName="GLEN16" duration="00:00:00.0074639" startTime="2026-01-31T17:01:14.9266385-07:00" endTime="2026-01-31T17:01:14.9339679-07:00" testType="13cdc9d9-ddb5-4fa4-a97d-d965ccfc6d4b" outcome="Passed" testListId="8c84fa94-04c1-424b-9868-57a2d4851a1d" relativeResultsDirectory="00d13d7b-8c38-473f-a1be-fb825fe0b000" />
    <UnitTestResult executionId="df419b6f-38bc-44c0-b5d5-32e7157c6e50" testId="2cfd40df-6f7c-979c-ffd9-e47833bfa714" testName="TallyJ4.Tests.IntegrationTests.ElectionsControllerTests.GetElections_ReturnsPaginatedResponse" computerName="GLEN16" duration="00:00:00.1627884" startTime="2026-01-31T17:01:19.5663870-07:00" endTime="2026-01-31T17:01:19.7293143-07:00" testType="13cdc9d9-ddb5-4fa4-a97d-d965ccfc6d4b" outcome="Passed" testListId="8c84fa94-04c1-424b-9868-57a2d4851a1d" relativeResultsDirectory="df419b6f-38bc-44c0-b5d5-32e7157c6e50" />
    <UnitTestResult executionId="ad5b56d8-cc6d-4d3e-8a42-2774e499ea9b" testId="37c019a1-49c0-e7ef-58bf-0823449554e2" testName="TallyJ4.Tests.UnitTests.ReportExportServiceTests.GenerateExcelReportAsync_WithNoElectedCandidates_SkipsElectedSheet" computerName="GLEN16" duration="00:00:01.2829009" startTime="2026-01-31T17:01:13.0214994-07:00" endTime="2026-01-31T17:01:14.3123334-07:00" testType="13cdc9d9-ddb5-4fa4-a97d-d965ccfc6d4b" outcome="Passed" testListId="8c84fa94-04c1-424b-9868-57a2d4851a1d" relativeResultsDirectory="ad5b56d8-cc6d-4d3e-8a42-2774e499ea9b" />
    <UnitTestResult executionId="f7547eec-4327-400b-bd11-0bc18a1b7505" testId="530bd5b9-9213-2b8b-faa1-653c4b2a0d4f" testName="TallyJ4.Tests.IntegrationTests.MigrationTests.UserElectionRelationships_AreCorrect_AfterMigrations" computerName="GLEN16" duration="00:00:00.0589007" startTime="2026-01-31T17:01:17.7104060-07:00" endTime="2026-01-31T17:01:17.7704099-07:00" testType="13cdc9d9-ddb5-4fa4-a97d-d965ccfc6d4b" outcome="Passed" testListId="8c84fa94-04c1-424b-9868-57a2d4851a1d" relativeResultsDirectory="f7547eec-4327-400b-bd11-0bc18a1b7505" />
    <UnitTestResult executionId="8903a113-0eec-4085-923e-91dba626c347" testId="5fc738f9-50de-acc3-be0e-078a283b7b05" testName="TallyJ4.Tests.IntegrationTests.ProgramStartupTests.SignalRServices_AreRegistered" computerName="GLEN16" duration="00:00:00.0014940" startTime="2026-01-31T17:01:17.7780968-07:00" endTime="2026-01-31T17:01:17.7782232-07:00" testType="13cdc9d9-ddb5-4fa4-a97d-d965ccfc6d4b" outcome="Passed" testListId="8c84fa94-04c1-424b-9868-57a2d4851a1d" relativeResultsDirectory="8903a113-0eec-4085-923e-91dba626c347" />
    <UnitTestResult executionId="4d77aaf2-4f12-4ff9-877a-d2e513581278" testId="3e23e4bd-0a7b-4511-bc53-45b5570d3c0f" testName="TallyJ4.Tests.UnitTests.ElectionServiceTests.DeleteElectionAsync_WithValidGuid_DeletesElection" computerName="GLEN16" duration="00:00:00.0575319" startTime="2026-01-31T17:01:15.1604672-07:00" endTime="2026-01-31T17:01:15.2177765-07:00" testType="13cdc9d9-ddb5-4fa4-a97d-d965ccfc6d4b" outcome="Passed" testListId="8c84fa94-04c1-424b-9868-57a2d4851a1d" relativeResultsDirectory="4d77aaf2-4f12-4ff9-877a-d2e513581278" />
    <UnitTestResult executionId="bbb0010a-79a2-4dd1-a8b5-726b32f0dcd6" testId="ee8d5d2e-fce3-03ed-61b1-4d3681ce8647" testName="TallyJ4.Tests.UnitTests.ElectionServiceTests.GetElectionByGuidAsync_WithInvalidGuid_ReturnsNull" computerName="GLEN16" duration="00:00:00.0052626" startTime="2026-01-31T17:01:15.3196751-07:00" endTime="2026-01-31T17:01:15.3220737-07:00" testType="13cdc9d9-ddb5-4fa4-a97d-d965ccfc6d4b" outcome="Passed" testListId="8c84fa94-04c1-424b-9868-57a2d4851a1d" relativeResultsDirectory="bbb0010a-79a2-4dd1-a8b5-726b32f0dcd6" />
    <UnitTestResult executionId="d1c297d0-e94d-47fd-ad28-b9f498911c97" testId="e5012204-85dc-bd11-5af0-fff8e9a4539a" testName="TallyJ4.Tests.UnitTests.TallyServiceTests.CalculateNormalElectionAsync_TieSpanningExtraOtherBoundary_RequiresTieBreak" computerName="GLEN16" duration="00:00:00.0755961" startTime="2026-01-31T17:01:15.9036656-07:00" endTime="2026-01-31T17:01:15.9779449-07:00" testType="13cdc9d9-ddb5-4fa4-a97d-d965ccfc6d4b" outcome="Passed" testListId="8c84fa94-04c1-424b-9868-57a2d4851a1d" relativeResultsDirectory="d1c297d0-e94d-47fd-ad28-b9f498911c97" />
    <UnitTestResult executionId="63b0ebc8-c396-475f-a5a6-ec220f47adab" testId="bee952ea-b258-a603-a7ec-8e7a465ba659" testName="TallyJ4.Tests.IntegrationTests.ProgramStartupTests.Swagger_IsAvailableInDevelopment" computerName="GLEN16" duration="00:00:04.7520988" startTime="2026-01-31T17:01:13.0216015-07:00" endTime="2026-01-31T17:01:17.7760926-07:00" testType="13cdc9d9-ddb5-4fa4-a97d-d965ccfc6d4b" outcome="Passed" testListId="8c84fa94-04c1-424b-9868-57a2d4851a1d" relativeResultsDirectory="63b0ebc8-c396-475f-a5a6-ec220f47adab" />
    <UnitTestResult executionId="9fa20e4c-e3cd-4bc3-984c-76ca2b55190e" testId="94b00e65-83a4-2f22-d1e5-c9a735801339" testName="TallyJ4.Tests.UnitTests.ReportExportServiceTests.GeneratePdfReportAsync_WithNoElectedCandidates_ReturnsPdfBytes" computerName="GLEN16" duration="00:00:00.0165183" startTime="2026-01-31T17:01:15.6306085-07:00" endTime="2026-01-31T17:01:15.6469843-07:00" testType="13cdc9d9-ddb5-4fa4-a97d-d965ccfc6d4b" outcome="Passed" testListId="8c84fa94-04c1-424b-9868-57a2d4851a1d" relativeResultsDirectory="9fa20e4c-e3cd-4bc3-984c-76ca2b55190e" />
    <UnitTestResult executionId="5c1da74d-af56-44a3-93d5-2ecf673764d9" testId="030ae7bf-36b1-625b-431d-6f3668c956f8" testName="TallyJ4.Tests.IntegrationTests.MigrationTests.SeededData_IsPresent_AfterMigrations" computerName="GLEN16" duration="00:00:00.0223949" startTime="2026-01-31T17:01:17.7862220-07:00" endTime="2026-01-31T17:01:17.8088424-07:00" testType="13cdc9d9-ddb5-4fa4-a97d-d965ccfc6d4b" outcome="Passed" testListId="8c84fa94-04c1-424b-9868-57a2d4851a1d" relativeResultsDirectory="5c1da74d-af56-44a3-93d5-2ecf673764d9" />
    <UnitTestResult executionId="a07149fd-8d11-4d4a-8737-b0c31bcde9cc" testId="8b5ebbeb-bb5e-6960-a167-0a38c524094c" testName="TallyJ4.Tests.UnitTests.ReportExportServiceTests.GeneratePdfReportAsync_WithFilters_PassesFiltersToTallyService" computerName="GLEN16" duration="00:00:00.5397824" startTime="2026-01-31T17:01:14.3732199-07:00" endTime="2026-01-31T17:01:14.8921617-07:00" testType="13cdc9d9-ddb5-4fa4-a97d-d965ccfc6d4b" outcome="Passed" testListId="8c84fa94-04c1-424b-9868-57a2d4851a1d" relativeResultsDirectory="a07149fd-8d11-4d4a-8737-b0c31bcde9cc" />
    <UnitTestResult executionId="e7087a33-f22b-4108-9d80-2d502e24d302" testId="7e312530-aeca-fb83-4318-6b40e6e67b8e" testName="TallyJ4.Tests.UnitTests.ReportExportServiceTests.GeneratePdfReportAsync_WhenTallyServiceThrows_LogsErrorAndRethrows" computerName="GLEN16" duration="00:00:00.0061532" startTime="2026-01-31T17:01:14.9809470-07:00" endTime="2026-01-31T17:01:14.9869048-07:00" testType="13cdc9d9-ddb5-4fa4-a97d-d965ccfc6d4b" outcome="Passed" testListId="8c84fa94-04c1-424b-9868-57a2d4851a1d" relativeResultsDirectory="e7087a33-f22b-4108-9d80-2d502e24d302" />
    <UnitTestResult executionId="1ad69f7a-5363-40d5-80d6-f36fc10eaabf" testId="4bcb3e12-97b6-d356-b48e-8f785fa2b478" testName="TallyJ4.Tests.UnitTests.ReportExportServiceTests.GenerateExcelReportAsync_WithNoCandidatePerformance_SkipsCandidateSheet" computerName="GLEN16" duration="00:00:00.0390796" startTime="2026-01-31T17:01:14.3718843-07:00" endTime="2026-01-31T17:01:14.3720480-07:00" testType="13cdc9d9-ddb5-4fa4-a97d-d965ccfc6d4b" outcome="Passed" testListId="8c84fa94-04c1-424b-9868-57a2d4851a1d" relativeResultsDirectory="1ad69f7a-5363-40d5-80d6-f36fc10eaabf" />
    <UnitTestResult executionId="74de1012-17f7-4538-a8a9-e49b8cdaf73f" testId="90a03f54-c66f-fbb9-0815-1a3e9d254137" testName="TallyJ4.Tests.IntegrationTests.ProgramStartupTests.CoreServices_AreRegistered" computerName="GLEN16" duration="00:00:00.1030055" startTime="2026-01-31T17:01:17.8074024-07:00" endTime="2026-01-31T17:01:17.9101212-07:00" testType="13cdc9d9-ddb5-4fa4-a97d-d965ccfc6d4b" outcome="Passed" testListId="8c84fa94-04c1-424b-9868-57a2d4851a1d" relativeResultsDirectory="74de1012-17f7-4538-a8a9-e49b8cdaf73f" />
    <UnitTestResult executionId="abbf2909-f373-4bbb-acfd-6a6e29e3d770" testId="e8f91599-56b2-983f-d78c-f5338dd362ad" testName="TallyJ4.Tests.UnitTests.ElectionServiceTests.UpdateElectionAsync_WithValidGuid_UpdatesElection" computerName="GLEN16" duration="00:00:00.0273175" startTime="2026-01-31T17:01:15.1330435-07:00" endTime="2026-01-31T17:01:15.1601428-07:00" testType="13cdc9d9-ddb5-4fa4-a97d-d965ccfc6d4b" outcome="Passed" testListId="8c84fa94-04c1-424b-9868-57a2d4851a1d" relativeResultsDirectory="abbf2909-f373-4bbb-acfd-6a6e29e3d770" />
    <UnitTestResult executionId="f67e1ca0-d9b0-4792-a78d-b5421cd9f155" testId="4600f4c2-3a43-bbba-3ec5-d7ec202b252e" testName="TallyJ4.Tests.UnitTests.TallyServiceTests.CalculateNormalElectionAsync_WithValidElection_CalculatesCorrectly" computerName="GLEN16" duration="00:00:00.0615549" startTime="2026-01-31T17:01:16.0989221-07:00" endTime="2026-01-31T17:01:16.1603560-07:00" testType="13cdc9d9-ddb5-4fa4-a97d-d965ccfc6d4b" outcome="Passed" testListId="8c84fa94-04c1-424b-9868-57a2d4851a1d" relativeResultsDirectory="f67e1ca0-d9b0-4792-a78d-b5421cd9f155" />
    <UnitTestResult executionId="cd0347f7-5d38-42cf-808c-7e7fe78db66f" testId="1a4d3ce3-7065-4e81-4a5e-f4e0aee0ad93" testName="TallyJ4.Tests.IntegrationTests.ProgramStartupTests.AuthServices_AreRegistered" computerName="GLEN16" duration="00:00:00.0021951" startTime="2026-01-31T17:01:17.9105116-07:00" endTime="2026-01-31T17:01:17.9124280-07:00" testType="13cdc9d9-ddb5-4fa4-a97d-d965ccfc6d4b" outcome="Passed" testListId="8c84fa94-04c1-424b-9868-57a2d4851a1d" relativeResultsDirectory="cd0347f7-5d38-42cf-808c-7e7fe78db66f" />
    <UnitTestResult executionId="687e9f4a-aaa3-4a78-b00e-924048ce39a7" testId="e99ed301-0cef-3bff-651b-18a9e42602f7" testName="TallyJ4.Tests.IntegrationTests.ResultsControllerTests.CalculateTally_WithoutAuthentication_ReturnsUnauthorized" computerName="GLEN16" duration="00:00:00.0027110" startTime="2026-01-31T17:01:20.1454594-07:00" endTime="2026-01-31T17:01:20.1482883-07:00" testType="13cdc9d9-ddb5-4fa4-a97d-d965ccfc6d4b" outcome="Passed" testListId="8c84fa94-04c1-424b-9868-57a2d4851a1d" relativeResultsDirectory="687e9f4a-aaa3-4a78-b00e-924048ce39a7" />
    <UnitTestResult executionId="6a1c7c67-c039-497b-b653-a470c5c46282" testId="bf992fa7-7df6-3d94-eeba-86d695993006" testName="TallyJ4.Tests.IntegrationTests.ResultsControllerTests.GetResults_WithExistingResults_ReturnsOk" computerName="GLEN16" duration="00:00:00.3272594" startTime="2026-01-31T17:01:19.4137956-07:00" endTime="2026-01-31T17:01:19.7413461-07:00" testType="13cdc9d9-ddb5-4fa4-a97d-d965ccfc6d4b" outcome="Passed" testListId="8c84fa94-04c1-424b-9868-57a2d4851a1d" relativeResultsDirectory="6a1c7c67-c039-497b-b653-a470c5c46282" />
    <UnitTestResult executionId="e9ea5dda-af92-45c0-9e04-e67787ae4d01" testId="40e248ef-c643-5232-7222-0d1c78a71f75" testName="TallyJ4.Tests.UnitTests.TallyServiceTests.CalculateNormalElectionAsync_WithAllCandidatesTied_MarksAllAsTied" computerName="GLEN16" duration="00:00:00.0411453" startTime="2026-01-31T17:01:16.0578118-07:00" endTime="2026-01-31T17:01:16.0985881-07:00" testType="13cdc9d9-ddb5-4fa4-a97d-d965ccfc6d4b" outcome="Passed" testListId="8c84fa94-04c1-424b-9868-57a2d4851a1d" relativeResultsDirectory="e9ea5dda-af92-45c0-9e04-e67787ae4d01" />
    <UnitTestResult executionId="bef50d9d-b73e-4aed-83a0-968638642db2" testId="c2437f95-383f-c0b1-1216-f50ba0abf699" testName="TallyJ4.Tests.UnitTests.TallyServiceTests.CalculateNormalElectionAsync_DetectsTies" computerName="GLEN16" duration="00:00:00.0495807" startTime="2026-01-31T17:01:16.6075563-07:00" endTime="2026-01-31T17:01:16.6572673-07:00" testType="13cdc9d9-ddb5-4fa4-a97d-d965ccfc6d4b" outcome="Passed" testListId="8c84fa94-04c1-424b-9868-57a2d4851a1d" relativeResultsDirectory="bef50d9d-b73e-4aed-83a0-968638642db2" />
    <UnitTestResult executionId="dfe9384a-fb85-422e-801a-aa9f12b1a27e" testId="44d52c8e-2595-6d8d-3f41-93da2e33163c" testName="TallyJ4.Tests.UnitTests.TallyServiceTests.CalculateNormalElectionAsync_CreateResultTieRecords_ForTiesSpanningSections" computerName="GLEN16" duration="00:00:00.0916501" startTime="2026-01-31T17:01:16.3568470-07:00" endTime="2026-01-31T17:01:16.4464722-07:00" testType="13cdc9d9-ddb5-4fa4-a97d-d965ccfc6d4b" outcome="Passed" testListId="8c84fa94-04c1-424b-9868-57a2d4851a1d" relativeResultsDirectory="dfe9384a-fb85-422e-801a-aa9f12b1a27e" />
    <UnitTestResult executionId="11e25a8d-a1ac-4458-8410-21c9c67d0d0b" testId="d8499d9d-e4a9-981a-b778-51bf5588491a" testName="TallyJ4.Tests.UnitTests.ElectionServiceTests.DeleteElectionAsync_WithInvalidGuid_ReturnsFalse" computerName="GLEN16" duration="00:00:01.3556640" startTime="2026-01-31T17:01:13.0214485-07:00" endTime="2026-01-31T17:01:14.3795291-07:00" testType="13cdc9d9-ddb5-4fa4-a97d-d965ccfc6d4b" outcome="Passed" testListId="8c84fa94-04c1-424b-9868-57a2d4851a1d" relativeResultsDirectory="11e25a8d-a1ac-4458-8410-21c9c67d0d0b" />
    <UnitTestResult executionId="bc8402c8-6951-4114-976c-2ab5ab4d48e7" testId="e4000839-4f47-15dd-6ce1-14c268e04edb" testName="TallyJ4.Tests.UnitTests.ElectionServiceTests.GetElectionsAsync_WithStatusFilter_ReturnsFilteredResults" computerName="GLEN16" duration="00:00:00.5466327" startTime="2026-01-31T17:01:14.3800356-07:00" endTime="2026-01-31T17:01:14.9263176-07:00" testType="13cdc9d9-ddb5-4fa4-a97d-d965ccfc6d4b" outcome="Passed" testListId="8c84fa94-04c1-424b-9868-57a2d4851a1d" relativeResultsDirectory="bc8402c8-6951-4114-976c-2ab5ab4d48e7" />
    <UnitTestResult executionId="279624b5-5add-4ce9-a014-a20ad660a071" testId="845aa3d8-3453-b2d0-0a45-3167db0741ce" testName="TallyJ4.Tests.UnitTests.ReportExportServiceTests.GeneratePdfReportAsync_WithValidData_ReturnsPdfBytes" computerName="GLEN16" duration="00:00:00.0884211" startTime="2026-01-31T17:01:14.8925358-07:00" endTime="2026-01-31T17:01:14.9806923-07:00" testType="13cdc9d9-ddb5-4fa4-a97d-d965ccfc6d4b" outcome="Passed" testListId="8c84fa94-04c1-424b-9868-57a2d4851a1d" relativeResultsDirectory="279624b5-5add-4ce9-a014-a20ad660a071" />
    <UnitTestResult executionId="928b3eb9-ad9f-41fd-b1cd-2800de32bdae" testId="31ae786b-f7a7-1742-a966-270013580645" testName="TallyJ4.Tests.IntegrationTests.MigrationTests.ComputedColumns_WorkCorrectly" computerName="GLEN16" duration="00:00:00.1620842" startTime="2026-01-31T17:01:17.8092526-07:00" endTime="2026-01-31T17:01:17.9718482-07:00" testType="13cdc9d9-ddb5-4fa4-a97d-d965ccfc6d4b" outcome="Passed" testListId="8c84fa94-04c1-424b-9868-57a2d4851a1d" relativeResultsDirectory="928b3eb9-ad9f-41fd-b1cd-2800de32bdae" />
    <UnitTestResult executionId="f79c8c1a-0e0e-447f-8935-4acc3a05454c" testId="8b22109d-5280-8260-6b42-b6002e9df145" testName="TallyJ4.Tests.UnitTests.TallyServiceTests.CalculateNormalElectionAsync_PerformanceTest_CompletesWithin1Second" computerName="GLEN16" duration="00:00:00.2440050" startTime="2026-01-31T17:01:15.6582814-07:00" endTime="2026-01-31T17:01:15.9021254-07:00" testType="13cdc9d9-ddb5-4fa4-a97d-d965ccfc6d4b" outcome="Passed" testListId="8c84fa94-04c1-424b-9868-57a2d4851a1d" relativeResultsDirectory="f79c8c1a-0e0e-447f-8935-4acc3a05454c" />
    <UnitTestResult executionId="6f6d295f-a9e9-436f-8d36-252ada788926" testId="2fd4fc4d-53ea-c581-0514-6f0938e88f76" testName="TallyJ4.Tests.IntegrationTests.MigrationTests.SeededElections_ArePresent_AfterMigrations" computerName="GLEN16" duration="00:00:00.0152033" startTime="2026-01-31T17:01:17.9722324-07:00" endTime="2026-01-31T17:01:17.9876687-07:00" testType="13cdc9d9-ddb5-4fa4-a97d-d965ccfc6d4b" outcome="Passed" testListId="8c84fa94-04c1-424b-9868-57a2d4851a1d" relativeResultsDirectory="6f6d295f-a9e9-436f-8d36-252ada788926" />
    <UnitTestResult executionId="6689d83a-f3a7-471b-9813-20b169142430" testId="695c9916-6d2a-da2a-9a72-2326b15592b7" testName="TallyJ4.Tests.UnitTests.TallyServiceTests.CalculateNormalElectionAsync_TieWithinSection_DoesNotRequireTieBreak" computerName="GLEN16" duration="00:00:00.0894836" startTime="2026-01-31T17:01:16.1607081-07:00" endTime="2026-01-31T17:01:16.2500708-07:00" testType="13cdc9d9-ddb5-4fa4-a97d-d965ccfc6d4b" outcome="Passed" testListId="8c84fa94-04c1-424b-9868-57a2d4851a1d" relativeResultsDirectory="6689d83a-f3a7-471b-9813-20b169142430" />
    <UnitTestResult executionId="d109231a-9244-44b9-a038-81e7a24e25ca" testId="286c170e-e81c-cb45-5be1-8c34a0b64fc8" testName="TallyJ4.Tests.UnitTests.ElectionServiceTests.CreateElectionAsync_CreatesElectionSuccessfully" computerName="GLEN16" duration="00:00:00.1983852" startTime="2026-01-31T17:01:14.9438342-07:00" endTime="2026-01-31T17:01:15.1326461-07:00" testType="13cdc9d9-ddb5-4fa4-a97d-d965ccfc6d4b" outcome="Passed" testListId="8c84fa94-04c1-424b-9868-57a2d4851a1d" relativeResultsDirectory="d109231a-9244-44b9-a038-81e7a24e25ca" />
    <UnitTestResult executionId="151c6811-1a1c-4b15-89c2-eb0af69d813b" testId="f4634b38-fe1d-09df-5baf-87526bc4c6f1" testName="TallyJ4.Tests.IntegrationTests.ElectionsControllerTests.GetElections_WithAuth_ReturnsOk" computerName="GLEN16" duration="00:00:00.2294581" startTime="2026-01-31T17:01:18.7593547-07:00" endTime="2026-01-31T17:01:18.9892724-07:00" testType="13cdc9d9-ddb5-4fa4-a97d-d965ccfc6d4b" outcome="Passed" testListId="8c84fa94-04c1-424b-9868-57a2d4851a1d" relativeResultsDirectory="151c6811-1a1c-4b15-89c2-eb0af69d813b" />
    <UnitTestResult executionId="c6082e91-51f2-449b-9ce9-77012a8df3bf" testId="65d97cb0-2027-c892-730e-ae101f9f9453" testName="TallyJ4.Tests.IntegrationTests.ElectionsControllerTests.UpdateElection_WithValidData_ReturnsOk" computerName="GLEN16" duration="00:00:05.5431514" startTime="2026-01-31T17:01:13.0215274-07:00" endTime="2026-01-31T17:01:18.5669427-07:00" testType="13cdc9d9-ddb5-4fa4-a97d-d965ccfc6d4b" outcome="Passed" testListId="8c84fa94-04c1-424b-9868-57a2d4851a1d" relativeResultsDirectory="c6082e91-51f2-449b-9ce9-77012a8df3bf" />
    <UnitTestResult executionId="a7f91589-f753-4f3d-9afc-64d71dec2d94" testId="3a07348c-2a00-f2f2-0b58-1b224300277c" testName="TallyJ4.Tests.IntegrationTests.MigrationTests.DatabaseSchema_IsCorrect_AfterMigrations" computerName="GLEN16" duration="00:00:00.0297798" startTime="2026-01-31T17:01:17.9895277-07:00" endTime="2026-01-31T17:01:18.0179961-07:00" testType="13cdc9d9-ddb5-4fa4-a97d-d965ccfc6d4b" outcome="Passed" testListId="8c84fa94-04c1-424b-9868-57a2d4851a1d" relativeResultsDirectory="a7f91589-f753-4f3d-9afc-64d71dec2d94" />
    <UnitTestResult executionId="6c6a03a8-1a20-47d3-b1d2-eda8f0ca5dd0" testId="e72cb196-a65d-ed27-a000-35a0341c00bd" testName="TallyJ4.Tests.IntegrationTests.ElectionsControllerTests.GetElectionById_WithInvalidGuid_ReturnsNotFound" computerName="GLEN16" duration="00:00:00.1559943" startTime="2026-01-31T17:01:19.2236558-07:00" endTime="2026-01-31T17:01:19.3787896-07:00" testType="13cdc9d9-ddb5-4fa4-a97d-d965ccfc6d4b" outcome="Passed" testListId="8c84fa94-04c1-424b-9868-57a2d4851a1d" relativeResultsDirectory="6c6a03a8-1a20-47d3-b1d2-eda8f0ca5dd0" />
    <UnitTestResult executionId="0b70ab83-0a53-491d-95fc-3ae81ba24849" testId="9444e398-63e7-ffcd-a7a7-311eb6f564a3" testName="TallyJ4.Tests.IntegrationTests.MigrationTests.Database_CanBeCreated_AndMigrated" computerName="GLEN16" duration="00:00:00.0144082" startTime="2026-01-31T17:01:17.7708626-07:00" endTime="2026-01-31T17:01:17.7857693-07:00" testType="13cdc9d9-ddb5-4fa4-a97d-d965ccfc6d4b" outcome="Passed" testListId="8c84fa94-04c1-424b-9868-57a2d4851a1d" relativeResultsDirectory="0b70ab83-0a53-491d-95fc-3ae81ba24849" />
    <UnitTestResult executionId="e8fc948e-ad45-4108-8a7f-6eca1982bfed" testId="141744b6-6144-ddbd-9d6a-a613c507243a" testName="TallyJ4.Tests.UnitTests.TallyServiceTests.CalculateNormalElectionAsync_WithInvalidElectionGuid_ThrowsArgumentException" computerName="GLEN16" duration="00:00:01.3539231" startTime="2026-01-31T17:01:13.0215818-07:00" endTime="2026-01-31T17:01:14.3794800-07:00" testType="13cdc9d9-ddb5-4fa4-a97d-d965ccfc6d4b" outcome="Passed" testListId="8c84fa94-04c1-424b-9868-57a2d4851a1d" relativeResultsDirectory="e8fc948e-ad45-4108-8a7f-6eca1982bfed" />
    <UnitTestResult executionId="aef62f03-a59b-4ac5-aab4-d110f5b2428d" testId="27a0c488-c92a-bc31-603b-b6f7d075b73e" testName="TallyJ4.Tests.UnitTests.ElectionServiceTests.GetElectionByGuidAsync_WithValidGuid_ReturnsElection" computerName="GLEN16" duration="00:00:00.0153931" startTime="2026-01-31T17:01:15.2180197-07:00" endTime="2026-01-31T17:01:15.2333669-07:00" testType="13cdc9d9-ddb5-4fa4-a97d-d965ccfc6d4b" outcome="Passed" testListId="8c84fa94-04c1-424b-9868-57a2d4851a1d" relativeResultsDirectory="aef62f03-a59b-4ac5-aab4-d110f5b2428d" />
    <UnitTestResult executionId="0a3e3654-128b-4386-b31a-b526d6507410" testId="24ecd7c8-621b-c54c-3515-aa25bd8d75e4" testName="TallyJ4.Tests.UnitTests.TallyServiceTests.CalculateNormalElectionAsync_WithBallotsHavingZeroValidVotes_CountsBallotsButNotVotes" computerName="GLEN16" duration="00:00:00.0213320" startTime="2026-01-31T17:01:16.0358112-07:00" endTime="2026-01-31T17:01:16.0572971-07:00" testType="13cdc9d9-ddb5-4fa4-a97d-d965ccfc6d4b" outcome="Passed" testListId="8c84fa94-04c1-424b-9868-57a2d4851a1d" relativeResultsDirectory="0a3e3654-128b-4386-b31a-b526d6507410" />
    <UnitTestResult executionId="6f97bbac-ee27-4c1d-9bbe-62301119750d" testId="8434453c-8aa5-b5d7-ab9b-388534aa9229" testName="TallyJ4.Tests.UnitTests.TallyServiceTests.CalculateNormalElectionAsync_CategorizesSections" computerName="GLEN16" duration="00:00:01.2781898" startTime="2026-01-31T17:01:14.3800154-07:00" endTime="2026-01-31T17:01:15.6579848-07:00" testType="13cdc9d9-ddb5-4fa4-a97d-d965ccfc6d4b" outcome="Passed" testListId="8c84fa94-04c1-424b-9868-57a2d4851a1d" relativeResultsDirectory="6f97bbac-ee27-4c1d-9bbe-62301119750d" />
    <UnitTestResult executionId="554cd7d8-b5bf-4224-a60a-8c1df7c8a12c" testId="569dbb74-4fba-7f88-946c-090be00af7a3" testName="TallyJ4.Tests.IntegrationTests.ResultsControllerTests.GetFinal_ReturnsOnlyElectedAndExtraSections" computerName="GLEN16" duration="00:00:06.0406243" startTime="2026-01-31T17:01:13.0215603-07:00" endTime="2026-01-31T17:01:19.0647689-07:00" testType="13cdc9d9-ddb5-4fa4-a97d-d965ccfc6d4b" outcome="Passed" testListId="8c84fa94-04c1-424b-9868-57a2d4851a1d" relativeResultsDirectory="554cd7d8-b5bf-4224-a60a-8c1df7c8a12c" />
    <UnitTestResult executionId="232feae8-8b5d-4644-9b78-ff686476ecd4" testId="32d92e2a-fe6a-3fa4-63c8-ceed87a33409" testName="TallyJ4.Tests.UnitTests.TallyServiceTests.CalculateSingleNameElectionAsync_WithValidElection_CalculatesCorrectly" computerName="GLEN16" duration="00:00:00.0373498" startTime="2026-01-31T17:01:16.4469556-07:00" endTime="2026-01-31T17:01:16.4839603-07:00" testType="13cdc9d9-ddb5-4fa4-a97d-d965ccfc6d4b" outcome="Passed" testListId="8c84fa94-04c1-424b-9868-57a2d4851a1d" relativeResultsDirectory="232feae8-8b5d-4644-9b78-ff686476ecd4" />
    <UnitTestResult executionId="8ccef6a6-e7ea-4854-ba07-9f7014ef55b8" testId="b7d58f5b-b8d0-6bed-d18f-1048043759c2" testName="TallyJ4.Tests.UnitTests.TallyServiceTests.GetTallyResultsAsync_WithExistingResults_ReturnsResults" computerName="GLEN16" duration="00:00:00.0391282" startTime="2026-01-31T17:01:15.9965735-07:00" endTime="2026-01-31T17:01:16.0355973-07:00" testType="13cdc9d9-ddb5-4fa4-a97d-d965ccfc6d4b" outcome="Passed" testListId="8c84fa94-04c1-424b-9868-57a2d4851a1d" relativeResultsDirectory="8ccef6a6-e7ea-4854-ba07-9f7014ef55b8" />
    <UnitTestResult executionId="31ee9392-a0c2-45e1-b0b9-20174732b974" testId="ab322be2-0130-ab65-77eb-ef09de1fd0e4" testName="TallyJ4.Tests.UnitTests.ReportExportServiceTests.GenerateExcelReportAsync_WhenTallyServiceThrows_LogsErrorAndRethrows" computerName="GLEN16" duration="00:00:00.0062256" startTime="2026-01-31T17:01:14.9871513-07:00" endTime="2026-01-31T17:01:14.9932773-07:00" testType="13cdc9d9-ddb5-4fa4-a97d-d965ccfc6d4b" outcome="Passed" testListId="8c84fa94-04c1-424b-9868-57a2d4851a1d" relativeResultsDirectory="31ee9392-a0c2-45e1-b0b9-20174732b974" />
    <UnitTestResult executionId="18a01ebe-b000-4d81-91c4-3bda1624ae7c" testId="29f6e9ab-4da8-4b43-e112-246d08357c4a" testName="TallyJ4.Tests.UnitTests.ReportExportServiceTests.GenerateExcelReportAsync_WithValidData_ReturnsExcelBytes" computerName="GLEN16" duration="00:00:00.6144866" startTime="2026-01-31T17:01:14.9935720-07:00" endTime="2026-01-31T17:01:15.6080786-07:00" testType="13cdc9d9-ddb5-4fa4-a97d-d965ccfc6d4b" outcome="Passed" testListId="8c84fa94-04c1-424b-9868-57a2d4851a1d" relativeResultsDirectory="18a01ebe-b000-4d81-91c4-3bda1624ae7c" />
    <UnitTestResult executionId="81192efb-1483-4364-8d6f-d9af97e2eb01" testId="114e7b5d-c7fc-31a6-7916-11cdc2efc306" testName="TallyJ4.Tests.IntegrationTests.MigrationTests.AllMigrations_AreApplied" computerName="GLEN16" duration="00:00:04.6806781" startTime="2026-01-31T17:01:13.0198751-07:00" endTime="2026-01-31T17:01:17.7081500-07:00" testType="13cdc9d9-ddb5-4fa4-a97d-d965ccfc6d4b" outcome="Passed" testListId="8c84fa94-04c1-424b-9868-57a2d4851a1d" relativeResultsDirectory="81192efb-1483-4364-8d6f-d9af97e2eb01" />
    <UnitTestResult executionId="6eb2394c-a800-4a10-a9e6-ae93d528a2b6" testId="8d25c5c5-903c-cc04-77c1-0e3c753e1bcf" testName="TallyJ4.Tests.UnitTests.ElectionServiceTests.GetElectionsAsync_ReturnsPaginatedResults" computerName="GLEN16" duration="00:00:00.0832352" startTime="2026-01-31T17:01:15.2337501-07:00" endTime="2026-01-31T17:01:15.3167896-07:00" testType="13cdc9d9-ddb5-4fa4-a97d-d965ccfc6d4b" outcome="Passed" testListId="8c84fa94-04c1-424b-9868-57a2d4851a1d" relativeResultsDirectory="6eb2394c-a800-4a10-a9e6-ae93d528a2b6" />
    <UnitTestResult executionId="5e7c2788-6bdc-4e6f-bbd9-80821a014020" testId="742ac7d3-2204-26f9-d2de-1a247b48c420" testName="TallyJ4.Tests.UnitTests.TallyServiceTests.GetTallyStatisticsAsync_ReturnsCorrectStatistics" computerName="GLEN16" duration="00:00:00.0570326" startTime="2026-01-31T17:01:16.2975957-07:00" endTime="2026-01-31T17:01:16.3546536-07:00" testType="13cdc9d9-ddb5-4fa4-a97d-d965ccfc6d4b" outcome="Passed" testListId="8c84fa94-04c1-424b-9868-57a2d4851a1d" relativeResultsDirectory="5e7c2788-6bdc-4e6f-bbd9-80821a014020" />
    <UnitTestResult executionId="ff9242f4-b1ad-480c-b591-d8ec8f4337b1" testId="2cd4a633-99ca-1fa4-da91-2df1b33b0e3c" testName="TallyJ4.Tests.UnitTests.ReportExportServiceTests.GenerateExcelReportAsync_WithFilters_PassesFiltersToTallyService" computerName="GLEN16" duration="00:00:00.0111577" startTime="2026-01-31T17:01:15.6802310-07:00" endTime="2026-01-31T17:01:15.6913482-07:00" testType="13cdc9d9-ddb5-4fa4-a97d-d965ccfc6d4b" outcome="Passed" testListId="8c84fa94-04c1-424b-9868-57a2d4851a1d" relativeResultsDirectory="ff9242f4-b1ad-480c-b591-d8ec8f4337b1" />
    <UnitTestResult executionId="85dc3ee8-2a12-4f9e-8063-ebc33d139224" testId="98d8e641-4496-7ae0-90b7-05a0a43e6095" testName="TallyJ4.Tests.IntegrationTests.ResultsControllerTests.GetSummary_WithCalculatedResults_ReturnsOkWithStatistics" computerName="GLEN16" duration="00:00:00.3481589" startTime="2026-01-31T17:01:19.0651192-07:00" endTime="2026-01-31T17:01:19.4135201-07:00" testType="13cdc9d9-ddb5-4fa4-a97d-d965ccfc6d4b" outcome="Passed" testListId="8c84fa94-04c1-424b-9868-57a2d4851a1d" relativeResultsDirectory="85dc3ee8-2a12-4f9e-8063-ebc33d139224" />
    <UnitTestResult executionId="56db8086-49a3-40de-9c1d-c9112bed4cca" testId="97a919cc-3e17-870b-eace-7694cf75cc1e" testName="TallyJ4.Tests.IntegrationTests.ElectionsControllerTests.GetElectionById_WithValidGuid_ReturnsElection" computerName="GLEN16" duration="00:00:00.1866688" startTime="2026-01-31T17:01:19.3790407-07:00" endTime="2026-01-31T17:01:19.5660992-07:00" testType="13cdc9d9-ddb5-4fa4-a97d-d965ccfc6d4b" outcome="Passed" testListId="8c84fa94-04c1-424b-9868-57a2d4851a1d" relativeResultsDirectory="56db8086-49a3-40de-9c1d-c9112bed4cca" />
    <UnitTestResult executionId="2d7f03a7-b758-413f-bd26-aad930d4b756" testId="75bb738d-454a-f7ca-7ab9-c502f43feb46" testName="TallyJ4.Tests.UnitTests.ReportExportServiceTests.GeneratePdfReportAsync_WithNullElectionDate_HandlesGracefully" computerName="GLEN16" duration="00:00:00.0220987" startTime="2026-01-31T17:01:15.6083665-07:00" endTime="2026-01-31T17:01:15.6303186-07:00" testType="13cdc9d9-ddb5-4fa4-a97d-d965ccfc6d4b" outcome="Passed" testListId="8c84fa94-04c1-424b-9868-57a2d4851a1d" relativeResultsDirectory="2d7f03a7-b758-413f-bd26-aad930d4b756" />
    <UnitTestResult executionId="ec224c13-4bb4-4a30-afdd-e5489e8be29c" testId="f6089778-f529-ec1e-4243-353b38df744b" testName="TallyJ4.Tests.UnitTests.TallyServiceTests.CalculateNormalElectionAsync_WithSingleCandidate_CompletesSuccessfully" computerName="GLEN16" duration="00:00:00.0182744" startTime="2026-01-31T17:01:15.9782238-07:00" endTime="2026-01-31T17:01:15.9963272-07:00" testType="13cdc9d9-ddb5-4fa4-a97d-d965ccfc6d4b" outcome="Passed" testListId="8c84fa94-04c1-424b-9868-57a2d4851a1d" relativeResultsDirectory="ec224c13-4bb4-4a30-afdd-e5489e8be29c" />
    <UnitTestResult executionId="49b132f8-c844-4e4c-a744-841c3a0d5a29" testId="255cb713-9ac4-5f68-75dc-96d03a3324b0" testName="TallyJ4.Tests.IntegrationTests.ElectionsControllerTests.GetElections_WithoutAuth_ReturnsUnauthorized" computerName="GLEN16" duration="00:00:00.0026160" startTime="2026-01-31T17:01:19.2193697-07:00" endTime="2026-01-31T17:01:19.2222505-07:00" testType="13cdc9d9-ddb5-4fa4-a97d-d965ccfc6d4b" outcome="Passed" testListId="8c84fa94-04c1-424b-9868-57a2d4851a1d" relativeResultsDirectory="49b132f8-c844-4e4c-a744-841c3a0d5a29" />
    <UnitTestResult executionId="0f8402cc-faf8-4404-9342-14d950cac05c" testId="95c7a796-29bb-3fe9-aeea-bb01ae6b007b" testName="TallyJ4.Tests.UnitTests.ReportExportServiceTests.GeneratePdfReportAsync_WithNoLocationStatistics_ReturnsPdfBytes" computerName="GLEN16" duration="00:00:00.0328855" startTime="2026-01-31T17:01:15.6472276-07:00" endTime="2026-01-31T17:01:15.6799947-07:00" testType="13cdc9d9-ddb5-4fa4-a97d-d965ccfc6d4b" outcome="Passed" testListId="8c84fa94-04c1-424b-9868-57a2d4851a1d" relativeResultsDirectory="0f8402cc-faf8-4404-9342-14d950cac05c" />
    <UnitTestResult executionId="f2a64bbd-2472-46ae-80d9-03101b157fb8" testId="fef89306-7b00-dcb0-9296-c4c266e119c8" testName="TallyJ4.Tests.UnitTests.TallyServiceTests.CalculateNormalElectionAsync_TieSpanningElectedExtraBoundary_RequiresTieBreak" computerName="GLEN16" duration="00:00:00.0471292" startTime="2026-01-31T17:01:16.2504058-07:00" endTime="2026-01-31T17:01:16.2972977-07:00" testType="13cdc9d9-ddb5-4fa4-a97d-d965ccfc6d4b" outcome="Passed" testListId="8c84fa94-04c1-424b-9868-57a2d4851a1d" relativeResultsDirectory="f2a64bbd-2472-46ae-80d9-03101b157fb8" />
    <UnitTestResult executionId="fb099e03-a9f9-4dd9-8cf0-ae6daa941ccc" testId="a29b1c4b-157d-8be9-00de-573571a406ac" testName="TallyJ4.Tests.UnitTests.TallyServiceTests.CalculateNormalElectionAsync_WithZeroBallots_ReturnsEmptyResults" computerName="GLEN16" duration="00:00:00.0168208" startTime="2026-01-31T17:01:16.4843137-07:00" endTime="2026-01-31T17:01:16.5009504-07:00" testType="13cdc9d9-ddb5-4fa4-a97d-d965ccfc6d4b" outcome="Passed" testListId="8c84fa94-04c1-424b-9868-57a2d4851a1d" relativeResultsDirectory="fb099e03-a9f9-4dd9-8cf0-ae6daa941ccc" />
    <UnitTestResult executionId="e64d1998-0131-4b7c-8939-671dd46f7454" testId="04e188a0-d689-7c39-5121-f1df8365a180" testName="TallyJ4.Tests.IntegrationTests.ElectionsControllerTests.DeleteElection_WithValidGuid_ReturnsNoContent" computerName="GLEN16" duration="00:00:00.2293467" startTime="2026-01-31T17:01:18.9896488-07:00" endTime="2026-01-31T17:01:19.2191348-07:00" testType="13cdc9d9-ddb5-4fa4-a97d-d965ccfc6d4b" outcome="Passed" testListId="8c84fa94-04c1-424b-9868-57a2d4851a1d" relativeResultsDirectory="e64d1998-0131-4b7c-8939-671dd46f7454" />
    <UnitTestResult executionId="a90b4735-55b6-4769-b956-580b587eac03" testId="c3260391-ef56-b228-a96f-2901e731db75" testName="TallyJ4.Tests.IntegrationTests.MigrationTests.DatabaseConstraints_AreEnforced" computerName="GLEN16" duration="00:00:00.0097178" startTime="2026-01-31T17:01:18.0182813-07:00" endTime="2026-01-31T17:01:18.0282811-07:00" testType="13cdc9d9-ddb5-4fa4-a97d-d965ccfc6d4b" outcome="Passed" testListId="8c84fa94-04c1-424b-9868-57a2d4851a1d" relativeResultsDirectory="a90b4735-55b6-4769-b956-580b587eac03" />
    <UnitTestResult executionId="18ba4103-35ee-4114-95ca-4416e5b0b907" testId="4a58d15d-47db-3dc9-9881-aacc5743a5e9" testName="TallyJ4.Tests.IntegrationTests.ElectionsControllerTests.CreateElection_WithInvalidData_ReturnsBadRequest" computerName="GLEN16" duration="00:00:00.1527532" startTime="2026-01-31T17:01:19.7295700-07:00" endTime="2026-01-31T17:01:19.8825325-07:00" testType="13cdc9d9-ddb5-4fa4-a97d-d965ccfc6d4b" outcome="Passed" testListId="8c84fa94-04c1-424b-9868-57a2d4851a1d" relativeResultsDirectory="18ba4103-35ee-4114-95ca-4416e5b0b907" />
    <UnitTestResult executionId="15842cb2-7aae-4eb5-89e1-5757a1abe086" testId="38ec3025-c43e-a6b6-3e3b-e55c0e72fcf4" testName="TallyJ4.Tests.IntegrationTests.ResultsControllerTests.CalculateTally_WithInvalidElectionGuid_ReturnsNotFound" computerName="GLEN16" duration="00:00:00.1471169" startTime="2026-01-31T17:01:19.9977170-07:00" endTime="2026-01-31T17:01:20.1452115-07:00" testType="13cdc9d9-ddb5-4fa4-a97d-d965ccfc6d4b" outcome="Passed" testListId="8c84fa94-04c1-424b-9868-57a2d4851a1d" relativeResultsDirectory="15842cb2-7aae-4eb5-89e1-5757a1abe086" />
  </Results>
  <TestDefinitions>
    <UnitTest name="TallyJ4.Tests.UnitTests.ElectionServiceTests.UpdateElectionAsync_WithInvalidGuid_ReturnsNull" storage="c:\users\glenl\.zenflow\worktrees\jan-31-review-f-cad9\tallyj4.tests\bin\debug\net10.0\tallyj4.tests.dll" id="92dd90e8-c487-f7f7-6465-93f3283ce7bd">
      <Execution id="00d13d7b-8c38-473f-a1be-fb825fe0b000" />
      <TestMethod codeBase="C:\Users\glenl\.zenflow\worktrees\jan-31-review-f-cad9\TallyJ4.Tests\bin\Debug\net10.0\TallyJ4.Tests.dll" adapterTypeName="executor://xunit/VsTestRunner3/netcore/" className="TallyJ4.Tests.UnitTests.ElectionServiceTests" name="UpdateElectionAsync_WithInvalidGuid_ReturnsNull" />
    </UnitTest>
    <UnitTest name="TallyJ4.Tests.UnitTests.TallyServiceTests.CalculateNormalElectionAsync_CategorizesSections" storage="c:\users\glenl\.zenflow\worktrees\jan-31-review-f-cad9\tallyj4.tests\bin\debug\net10.0\tallyj4.tests.dll" id="8434453c-8aa5-b5d7-ab9b-388534aa9229">
      <Execution id="6f97bbac-ee27-4c1d-9bbe-62301119750d" />
      <TestMethod codeBase="C:\Users\glenl\.zenflow\worktrees\jan-31-review-f-cad9\TallyJ4.Tests\bin\Debug\net10.0\TallyJ4.Tests.dll" adapterTypeName="executor://xunit/VsTestRunner3/netcore/" className="TallyJ4.Tests.UnitTests.TallyServiceTests" name="CalculateNormalElectionAsync_CategorizesSections" />
    </UnitTest>
    <UnitTest name="TallyJ4.Tests.IntegrationTests.ResultsControllerTests.CalculateTally_WithoutAuthentication_ReturnsUnauthorized" storage="c:\users\glenl\.zenflow\worktrees\jan-31-review-f-cad9\tallyj4.tests\bin\debug\net10.0\tallyj4.tests.dll" id="e99ed301-0cef-3bff-651b-18a9e42602f7">
      <Execution id="687e9f4a-aaa3-4a78-b00e-924048ce39a7" />
      <TestMethod codeBase="C:\Users\glenl\.zenflow\worktrees\jan-31-review-f-cad9\TallyJ4.Tests\bin\Debug\net10.0\TallyJ4.Tests.dll" adapterTypeName="executor://xunit/VsTestRunner3/netcore/" className="TallyJ4.Tests.IntegrationTests.ResultsControllerTests" name="CalculateTally_WithoutAuthentication_ReturnsUnauthorized" />
    </UnitTest>
    <UnitTest name="TallyJ4.Tests.IntegrationTests.ElectionsControllerTests.GetElectionById_WithInvalidGuid_ReturnsNotFound" storage="c:\users\glenl\.zenflow\worktrees\jan-31-review-f-cad9\tallyj4.tests\bin\debug\net10.0\tallyj4.tests.dll" id="e72cb196-a65d-ed27-a000-35a0341c00bd">
      <Execution id="6c6a03a8-1a20-47d3-b1d2-eda8f0ca5dd0" />
      <TestMethod codeBase="C:\Users\glenl\.zenflow\worktrees\jan-31-review-f-cad9\TallyJ4.Tests\bin\Debug\net10.0\TallyJ4.Tests.dll" adapterTypeName="executor://xunit/VsTestRunner3/netcore/" className="TallyJ4.Tests.IntegrationTests.ElectionsControllerTests" name="GetElectionById_WithInvalidGuid_ReturnsNotFound" />
    </UnitTest>
    <UnitTest name="TallyJ4.Tests.UnitTests.ElectionServiceTests.DeleteElectionAsync_WithValidGuid_DeletesElection" storage="c:\users\glenl\.zenflow\worktrees\jan-31-review-f-cad9\tallyj4.tests\bin\debug\net10.0\tallyj4.tests.dll" id="3e23e4bd-0a7b-4511-bc53-45b5570d3c0f">
      <Execution id="4d77aaf2-4f12-4ff9-877a-d2e513581278" />
      <TestMethod codeBase="C:\Users\glenl\.zenflow\worktrees\jan-31-review-f-cad9\TallyJ4.Tests\bin\Debug\net10.0\TallyJ4.Tests.dll" adapterTypeName="executor://xunit/VsTestRunner3/netcore/" className="TallyJ4.Tests.UnitTests.ElectionServiceTests" name="DeleteElectionAsync_WithValidGuid_DeletesElection" />
    </UnitTest>
    <UnitTest name="TallyJ4.Tests.IntegrationTests.MigrationTests.ComputedColumns_WorkCorrectly" storage="c:\users\glenl\.zenflow\worktrees\jan-31-review-f-cad9\tallyj4.tests\bin\debug\net10.0\tallyj4.tests.dll" id="31ae786b-f7a7-1742-a966-270013580645">
      <Execution id="928b3eb9-ad9f-41fd-b1cd-2800de32bdae" />
      <TestMethod codeBase="C:\Users\glenl\.zenflow\worktrees\jan-31-review-f-cad9\TallyJ4.Tests\bin\Debug\net10.0\TallyJ4.Tests.dll" adapterTypeName="executor://xunit/VsTestRunner3/netcore/" className="TallyJ4.Tests.IntegrationTests.MigrationTests" name="ComputedColumns_WorkCorrectly" />
    </UnitTest>
    <UnitTest name="TallyJ4.Tests.UnitTests.TallyServiceTests.CalculateNormalElectionAsync_WithAllCandidatesTied_MarksAllAsTied" storage="c:\users\glenl\.zenflow\worktrees\jan-31-review-f-cad9\tallyj4.tests\bin\debug\net10.0\tallyj4.tests.dll" id="40e248ef-c643-5232-7222-0d1c78a71f75">
      <Execution id="e9ea5dda-af92-45c0-9e04-e67787ae4d01" />
      <TestMethod codeBase="C:\Users\glenl\.zenflow\worktrees\jan-31-review-f-cad9\TallyJ4.Tests\bin\Debug\net10.0\TallyJ4.Tests.dll" adapterTypeName="executor://xunit/VsTestRunner3/netcore/" className="TallyJ4.Tests.UnitTests.TallyServiceTests" name="CalculateNormalElectionAsync_WithAllCandidatesTied_MarksAllAsTied" />
    </UnitTest>
    <UnitTest name="TallyJ4.Tests.IntegrationTests.ResultsControllerTests.GetSummary_WithCalculatedResults_ReturnsOkWithStatistics" storage="c:\users\glenl\.zenflow\worktrees\jan-31-review-f-cad9\tallyj4.tests\bin\debug\net10.0\tallyj4.tests.dll" id="98d8e641-4496-7ae0-90b7-05a0a43e6095">
      <Execution id="85dc3ee8-2a12-4f9e-8063-ebc33d139224" />
      <TestMethod codeBase="C:\Users\glenl\.zenflow\worktrees\jan-31-review-f-cad9\TallyJ4.Tests\bin\Debug\net10.0\TallyJ4.Tests.dll" adapterTypeName="executor://xunit/VsTestRunner3/netcore/" className="TallyJ4.Tests.IntegrationTests.ResultsControllerTests" name="GetSummary_WithCalculatedResults_ReturnsOkWithStatistics" />
    </UnitTest>
    <UnitTest name="TallyJ4.Tests.UnitTests.TallyServiceTests.CalculateNormalElectionAsync_PerformanceTest_CompletesWithin1Second" storage="c:\users\glenl\.zenflow\worktrees\jan-31-review-f-cad9\tallyj4.tests\bin\debug\net10.0\tallyj4.tests.dll" id="8b22109d-5280-8260-6b42-b6002e9df145">
      <Execution id="f79c8c1a-0e0e-447f-8935-4acc3a05454c" />
      <TestMethod codeBase="C:\Users\glenl\.zenflow\worktrees\jan-31-review-f-cad9\TallyJ4.Tests\bin\Debug\net10.0\TallyJ4.Tests.dll" adapterTypeName="executor://xunit/VsTestRunner3/netcore/" className="TallyJ4.Tests.UnitTests.TallyServiceTests" name="CalculateNormalElectionAsync_PerformanceTest_CompletesWithin1Second" />
    </UnitTest>
    <UnitTest name="TallyJ4.Tests.UnitTests.TallyServiceTests.CalculateNormalElectionAsync_TieWithinSection_DoesNotRequireTieBreak" storage="c:\users\glenl\.zenflow\worktrees\jan-31-review-f-cad9\tallyj4.tests\bin\debug\net10.0\tallyj4.tests.dll" id="695c9916-6d2a-da2a-9a72-2326b15592b7">
      <Execution id="6689d83a-f3a7-471b-9813-20b169142430" />
      <TestMethod codeBase="C:\Users\glenl\.zenflow\worktrees\jan-31-review-f-cad9\TallyJ4.Tests\bin\Debug\net10.0\TallyJ4.Tests.dll" adapterTypeName="executor://xunit/VsTestRunner3/netcore/" className="TallyJ4.Tests.UnitTests.TallyServiceTests" name="CalculateNormalElectionAsync_TieWithinSection_DoesNotRequireTieBreak" />
    </UnitTest>
    <UnitTest name="TallyJ4.Tests.UnitTests.ElectionServiceTests.UpdateElectionAsync_WithValidGuid_UpdatesElection" storage="c:\users\glenl\.zenflow\worktrees\jan-31-review-f-cad9\tallyj4.tests\bin\debug\net10.0\tallyj4.tests.dll" id="e8f91599-56b2-983f-d78c-f5338dd362ad">
      <Execution id="abbf2909-f373-4bbb-acfd-6a6e29e3d770" />
      <TestMethod codeBase="C:\Users\glenl\.zenflow\worktrees\jan-31-review-f-cad9\TallyJ4.Tests\bin\Debug\net10.0\TallyJ4.Tests.dll" adapterTypeName="executor://xunit/VsTestRunner3/netcore/" className="TallyJ4.Tests.UnitTests.ElectionServiceTests" name="UpdateElectionAsync_WithValidGuid_UpdatesElection" />
    </UnitTest>
    <UnitTest name="TallyJ4.Tests.IntegrationTests.ResultsControllerTests.GetFinal_ReturnsOnlyElectedAndExtraSections" storage="c:\users\glenl\.zenflow\worktrees\jan-31-review-f-cad9\tallyj4.tests\bin\debug\net10.0\tallyj4.tests.dll" id="569dbb74-4fba-7f88-946c-090be00af7a3">
      <Execution id="554cd7d8-b5bf-4224-a60a-8c1df7c8a12c" />
      <TestMethod codeBase="C:\Users\glenl\.zenflow\worktrees\jan-31-review-f-cad9\TallyJ4.Tests\bin\Debug\net10.0\TallyJ4.Tests.dll" adapterTypeName="executor://xunit/VsTestRunner3/netcore/" className="TallyJ4.Tests.IntegrationTests.ResultsControllerTests" name="GetFinal_ReturnsOnlyElectedAndExtraSections" />
    </UnitTest>
    <UnitTest name="TallyJ4.Tests.UnitTests.ReportExportServiceTests.GenerateExcelReportAsync_WithValidData_ReturnsExcelBytes" storage="c:\users\glenl\.zenflow\worktrees\jan-31-review-f-cad9\tallyj4.tests\bin\debug\net10.0\tallyj4.tests.dll" id="29f6e9ab-4da8-4b43-e112-246d08357c4a">
      <Execution id="18a01ebe-b000-4d81-91c4-3bda1624ae7c" />
      <TestMethod codeBase="C:\Users\glenl\.zenflow\worktrees\jan-31-review-f-cad9\TallyJ4.Tests\bin\Debug\net10.0\TallyJ4.Tests.dll" adapterTypeName="executor://xunit/VsTestRunner3/netcore/" className="TallyJ4.Tests.UnitTests.ReportExportServiceTests" name="GenerateExcelReportAsync_WithValidData_ReturnsExcelBytes" />
    </UnitTest>
    <UnitTest name="TallyJ4.Tests.UnitTests.TallyServiceTests.CalculateNormalElectionAsync_WithBallotsHavingZeroValidVotes_CountsBallotsButNotVotes" storage="c:\users\glenl\.zenflow\worktrees\jan-31-review-f-cad9\tallyj4.tests\bin\debug\net10.0\tallyj4.tests.dll" id="24ecd7c8-621b-c54c-3515-aa25bd8d75e4">
      <Execution id="0a3e3654-128b-4386-b31a-b526d6507410" />
      <TestMethod codeBase="C:\Users\glenl\.zenflow\worktrees\jan-31-review-f-cad9\TallyJ4.Tests\bin\Debug\net10.0\TallyJ4.Tests.dll" adapterTypeName="executor://xunit/VsTestRunner3/netcore/" className="TallyJ4.Tests.UnitTests.TallyServiceTests" name="CalculateNormalElectionAsync_WithBallotsHavingZeroValidVotes_CountsBallotsButNotVotes" />
    </UnitTest>
    <UnitTest name="TallyJ4.Tests.IntegrationTests.ResultsControllerTests.CalculateTally_WithValidElection_ReturnsOkWithResults" storage="c:\users\glenl\.zenflow\worktrees\jan-31-review-f-cad9\tallyj4.tests\bin\debug\net10.0\tallyj4.tests.dll" id="578fa457-6bcf-8222-4863-8dfad97aa187">
      <Execution id="7c00ffbb-fb93-4020-b819-e1b4bb1af5a1" />
      <TestMethod codeBase="C:\Users\glenl\.zenflow\worktrees\jan-31-review-f-cad9\TallyJ4.Tests\bin\Debug\net10.0\TallyJ4.Tests.dll" adapterTypeName="executor://xunit/VsTestRunner3/netcore/" className="TallyJ4.Tests.IntegrationTests.ResultsControllerTests" name="CalculateTally_WithValidElection_ReturnsOkWithResults" />
    </UnitTest>
    <UnitTest name="TallyJ4.Tests.IntegrationTests.ProgramStartupTests.AuthServices_AreRegistered" storage="c:\users\glenl\.zenflow\worktrees\jan-31-review-f-cad9\tallyj4.tests\bin\debug\net10.0\tallyj4.tests.dll" id="1a4d3ce3-7065-4e81-4a5e-f4e0aee0ad93">
      <Execution id="cd0347f7-5d38-42cf-808c-7e7fe78db66f" />
      <TestMethod codeBase="C:\Users\glenl\.zenflow\worktrees\jan-31-review-f-cad9\TallyJ4.Tests\bin\Debug\net10.0\TallyJ4.Tests.dll" adapterTypeName="executor://xunit/VsTestRunner3/netcore/" className="TallyJ4.Tests.IntegrationTests.ProgramStartupTests" name="AuthServices_AreRegistered" />
    </UnitTest>
    <UnitTest name="TallyJ4.Tests.UnitTests.ReportExportServiceTests.GenerateExcelReportAsync_WithNoCandidatePerformance_SkipsCandidateSheet" storage="c:\users\glenl\.zenflow\worktrees\jan-31-review-f-cad9\tallyj4.tests\bin\debug\net10.0\tallyj4.tests.dll" id="4bcb3e12-97b6-d356-b48e-8f785fa2b478">
      <Execution id="1ad69f7a-5363-40d5-80d6-f36fc10eaabf" />
      <TestMethod codeBase="C:\Users\glenl\.zenflow\worktrees\jan-31-review-f-cad9\TallyJ4.Tests\bin\Debug\net10.0\TallyJ4.Tests.dll" adapterTypeName="executor://xunit/VsTestRunner3/netcore/" className="TallyJ4.Tests.UnitTests.ReportExportServiceTests" name="GenerateExcelReportAsync_WithNoCandidatePerformance_SkipsCandidateSheet" />
    </UnitTest>
    <UnitTest name="TallyJ4.Tests.UnitTests.TallyServiceTests.CalculateNormalElectionAsync_CreateResultTieRecords_ForTiesSpanningSections" storage="c:\users\glenl\.zenflow\worktrees\jan-31-review-f-cad9\tallyj4.tests\bin\debug\net10.0\tallyj4.tests.dll" id="44d52c8e-2595-6d8d-3f41-93da2e33163c">
      <Execution id="dfe9384a-fb85-422e-801a-aa9f12b1a27e" />
      <TestMethod codeBase="C:\Users\glenl\.zenflow\worktrees\jan-31-review-f-cad9\TallyJ4.Tests\bin\Debug\net10.0\TallyJ4.Tests.dll" adapterTypeName="executor://xunit/VsTestRunner3/netcore/" className="TallyJ4.Tests.UnitTests.TallyServiceTests" name="CalculateNormalElectionAsync_CreateResultTieRecords_ForTiesSpanningSections" />
    </UnitTest>
    <UnitTest name="TallyJ4.Tests.UnitTests.ReportExportServiceTests.GeneratePdfReportAsync_WithValidData_ReturnsPdfBytes" storage="c:\users\glenl\.zenflow\worktrees\jan-31-review-f-cad9\tallyj4.tests\bin\debug\net10.0\tallyj4.tests.dll" id="845aa3d8-3453-b2d0-0a45-3167db0741ce">
      <Execution id="279624b5-5add-4ce9-a014-a20ad660a071" />
      <TestMethod codeBase="C:\Users\glenl\.zenflow\worktrees\jan-31-review-f-cad9\TallyJ4.Tests\bin\Debug\net10.0\TallyJ4.Tests.dll" adapterTypeName="executor://xunit/VsTestRunner3/netcore/" className="TallyJ4.Tests.UnitTests.ReportExportServiceTests" name="GeneratePdfReportAsync_WithValidData_ReturnsPdfBytes" />
    </UnitTest>
    <UnitTest name="TallyJ4.Tests.IntegrationTests.MigrationTests.AllMigrations_AreApplied" storage="c:\users\glenl\.zenflow\worktrees\jan-31-review-f-cad9\tallyj4.tests\bin\debug\net10.0\tallyj4.tests.dll" id="114e7b5d-c7fc-31a6-7916-11cdc2efc306">
      <Execution id="81192efb-1483-4364-8d6f-d9af97e2eb01" />
      <TestMethod codeBase="C:\Users\glenl\.zenflow\worktrees\jan-31-review-f-cad9\TallyJ4.Tests\bin\Debug\net10.0\TallyJ4.Tests.dll" adapterTypeName="executor://xunit/VsTestRunner3/netcore/" className="TallyJ4.Tests.IntegrationTests.MigrationTests" name="AllMigrations_AreApplied" />
    </UnitTest>
    <UnitTest name="TallyJ4.Tests.UnitTests.ElectionServiceTests.CreateElectionAsync_CreatesElectionSuccessfully" storage="c:\users\glenl\.zenflow\worktrees\jan-31-review-f-cad9\tallyj4.tests\bin\debug\net10.0\tallyj4.tests.dll" id="286c170e-e81c-cb45-5be1-8c34a0b64fc8">
      <Execution id="d109231a-9244-44b9-a038-81e7a24e25ca" />
      <TestMethod codeBase="C:\Users\glenl\.zenflow\worktrees\jan-31-review-f-cad9\TallyJ4.Tests\bin\Debug\net10.0\TallyJ4.Tests.dll" adapterTypeName="executor://xunit/VsTestRunner3/netcore/" className="TallyJ4.Tests.UnitTests.ElectionServiceTests" name="CreateElectionAsync_CreatesElectionSuccessfully" />
    </UnitTest>
    <UnitTest name="TallyJ4.Tests.UnitTests.TallyServiceTests.GetTallyStatisticsAsync_ReturnsCorrectStatistics" storage="c:\users\glenl\.zenflow\worktrees\jan-31-review-f-cad9\tallyj4.tests\bin\debug\net10.0\tallyj4.tests.dll" id="742ac7d3-2204-26f9-d2de-1a247b48c420">
      <Execution id="5e7c2788-6bdc-4e6f-bbd9-80821a014020" />
      <TestMethod codeBase="C:\Users\glenl\.zenflow\worktrees\jan-31-review-f-cad9\TallyJ4.Tests\bin\Debug\net10.0\TallyJ4.Tests.dll" adapterTypeName="executor://xunit/VsTestRunner3/netcore/" className="TallyJ4.Tests.UnitTests.TallyServiceTests" name="GetTallyStatisticsAsync_ReturnsCorrectStatistics" />
    </UnitTest>
    <UnitTest name="TallyJ4.Tests.UnitTests.ReportExportServiceTests.GenerateExcelReportAsync_WithFilters_PassesFiltersToTallyService" storage="c:\users\glenl\.zenflow\worktrees\jan-31-review-f-cad9\tallyj4.tests\bin\debug\net10.0\tallyj4.tests.dll" id="2cd4a633-99ca-1fa4-da91-2df1b33b0e3c">
      <Execution id="ff9242f4-b1ad-480c-b591-d8ec8f4337b1" />
      <TestMethod codeBase="C:\Users\glenl\.zenflow\worktrees\jan-31-review-f-cad9\TallyJ4.Tests\bin\Debug\net10.0\TallyJ4.Tests.dll" adapterTypeName="executor://xunit/VsTestRunner3/netcore/" className="TallyJ4.Tests.UnitTests.ReportExportServiceTests" name="GenerateExcelReportAsync_WithFilters_PassesFiltersToTallyService" />
    </UnitTest>
    <UnitTest name="TallyJ4.Tests.UnitTests.ElectionServiceTests.GetElectionByGuidAsync_WithInvalidGuid_ReturnsNull" storage="c:\users\glenl\.zenflow\worktrees\jan-31-review-f-cad9\tallyj4.tests\bin\debug\net10.0\tallyj4.tests.dll" id="ee8d5d2e-fce3-03ed-61b1-4d3681ce8647">
      <Execution id="bbb0010a-79a2-4dd1-a8b5-726b32f0dcd6" />
      <TestMethod codeBase="C:\Users\glenl\.zenflow\worktrees\jan-31-review-f-cad9\TallyJ4.Tests\bin\Debug\net10.0\TallyJ4.Tests.dll" adapterTypeName="executor://xunit/VsTestRunner3/netcore/" className="TallyJ4.Tests.UnitTests.ElectionServiceTests" name="GetElectionByGuidAsync_WithInvalidGuid_ReturnsNull" />
    </UnitTest>
    <UnitTest name="TallyJ4.Tests.UnitTests.ReportExportServiceTests.GeneratePdfReportAsync_WithNoElectedCandidates_ReturnsPdfBytes" storage="c:\users\glenl\.zenflow\worktrees\jan-31-review-f-cad9\tallyj4.tests\bin\debug\net10.0\tallyj4.tests.dll" id="94b00e65-83a4-2f22-d1e5-c9a735801339">
      <Execution id="9fa20e4c-e3cd-4bc3-984c-76ca2b55190e" />
      <TestMethod codeBase="C:\Users\glenl\.zenflow\worktrees\jan-31-review-f-cad9\TallyJ4.Tests\bin\Debug\net10.0\TallyJ4.Tests.dll" adapterTypeName="executor://xunit/VsTestRunner3/netcore/" className="TallyJ4.Tests.UnitTests.ReportExportServiceTests" name="GeneratePdfReportAsync_WithNoElectedCandidates_ReturnsPdfBytes" />
    </UnitTest>
    <UnitTest name="TallyJ4.Tests.UnitTests.TallyServiceTests.CalculateNormalElectionAsync_WithZeroBallots_ReturnsEmptyResults" storage="c:\users\glenl\.zenflow\worktrees\jan-31-review-f-cad9\tallyj4.tests\bin\debug\net10.0\tallyj4.tests.dll" id="a29b1c4b-157d-8be9-00de-573571a406ac">
      <Execution id="fb099e03-a9f9-4dd9-8cf0-ae6daa941ccc" />
      <TestMethod codeBase="C:\Users\glenl\.zenflow\worktrees\jan-31-review-f-cad9\TallyJ4.Tests\bin\Debug\net10.0\TallyJ4.Tests.dll" adapterTypeName="executor://xunit/VsTestRunner3/netcore/" className="TallyJ4.Tests.UnitTests.TallyServiceTests" name="CalculateNormalElectionAsync_WithZeroBallots_ReturnsEmptyResults" />
    </UnitTest>
    <UnitTest name="TallyJ4.Tests.IntegrationTests.MigrationTests.DatabaseConstraints_AreEnforced" storage="c:\users\glenl\.zenflow\worktrees\jan-31-review-f-cad9\tallyj4.tests\bin\debug\net10.0\tallyj4.tests.dll" id="c3260391-ef56-b228-a96f-2901e731db75">
      <Execution id="a90b4735-55b6-4769-b956-580b587eac03" />
      <TestMethod codeBase="C:\Users\glenl\.zenflow\worktrees\jan-31-review-f-cad9\TallyJ4.Tests\bin\Debug\net10.0\TallyJ4.Tests.dll" adapterTypeName="executor://xunit/VsTestRunner3/netcore/" className="TallyJ4.Tests.IntegrationTests.MigrationTests" name="DatabaseConstraints_AreEnforced" />
    </UnitTest>
    <UnitTest name="TallyJ4.Tests.IntegrationTests.ElectionsControllerTests.UpdateElection_WithValidData_ReturnsOk" storage="c:\users\glenl\.zenflow\worktrees\jan-31-review-f-cad9\tallyj4.tests\bin\debug\net10.0\tallyj4.tests.dll" id="65d97cb0-2027-c892-730e-ae101f9f9453">
      <Execution id="c6082e91-51f2-449b-9ce9-77012a8df3bf" />
      <TestMethod codeBase="C:\Users\glenl\.zenflow\worktrees\jan-31-review-f-cad9\TallyJ4.Tests\bin\Debug\net10.0\TallyJ4.Tests.dll" adapterTypeName="executor://xunit/VsTestRunner3/netcore/" className="TallyJ4.Tests.IntegrationTests.ElectionsControllerTests" name="UpdateElection_WithValidData_ReturnsOk" />
    </UnitTest>
    <UnitTest name="TallyJ4.Tests.IntegrationTests.ElectionsControllerTests.GetElections_ReturnsPaginatedResponse" storage="c:\users\glenl\.zenflow\worktrees\jan-31-review-f-cad9\tallyj4.tests\bin\debug\net10.0\tallyj4.tests.dll" id="2cfd40df-6f7c-979c-ffd9-e47833bfa714">
      <Execution id="df419b6f-38bc-44c0-b5d5-32e7157c6e50" />
      <TestMethod codeBase="C:\Users\glenl\.zenflow\worktrees\jan-31-review-f-cad9\TallyJ4.Tests\bin\Debug\net10.0\TallyJ4.Tests.dll" adapterTypeName="executor://xunit/VsTestRunner3/netcore/" className="TallyJ4.Tests.IntegrationTests.ElectionsControllerTests" name="GetElections_ReturnsPaginatedResponse" />
    </UnitTest>
    <UnitTest name="TallyJ4.Tests.UnitTests.TallyServiceTests.GetTallyResultsAsync_WithExistingResults_ReturnsResults" storage="c:\users\glenl\.zenflow\worktrees\jan-31-review-f-cad9\tallyj4.tests\bin\debug\net10.0\tallyj4.tests.dll" id="b7d58f5b-b8d0-6bed-d18f-1048043759c2">
      <Execution id="8ccef6a6-e7ea-4854-ba07-9f7014ef55b8" />
      <TestMethod codeBase="C:\Users\glenl\.zenflow\worktrees\jan-31-review-f-cad9\TallyJ4.Tests\bin\Debug\net10.0\TallyJ4.Tests.dll" adapterTypeName="executor://xunit/VsTestRunner3/netcore/" className="TallyJ4.Tests.UnitTests.TallyServiceTests" name="GetTallyResultsAsync_WithExistingResults_ReturnsResults" />
    </UnitTest>
    <UnitTest name="TallyJ4.Tests.UnitTests.ReportExportServiceTests.GeneratePdfReportAsync_WithNoLocationStatistics_ReturnsPdfBytes" storage="c:\users\glenl\.zenflow\worktrees\jan-31-review-f-cad9\tallyj4.tests\bin\debug\net10.0\tallyj4.tests.dll" id="95c7a796-29bb-3fe9-aeea-bb01ae6b007b">
      <Execution id="0f8402cc-faf8-4404-9342-14d950cac05c" />
      <TestMethod codeBase="C:\Users\glenl\.zenflow\worktrees\jan-31-review-f-cad9\TallyJ4.Tests\bin\Debug\net10.0\TallyJ4.Tests.dll" adapterTypeName="executor://xunit/VsTestRunner3/netcore/" className="TallyJ4.Tests.UnitTests.ReportExportServiceTests" name="GeneratePdfReportAsync_WithNoLocationStatistics_ReturnsPdfBytes" />
    </UnitTest>
    <UnitTest name="TallyJ4.Tests.UnitTests.ReportExportServiceTests.GenerateExcelReportAsync_WhenTallyServiceThrows_LogsErrorAndRethrows" storage="c:\users\glenl\.zenflow\worktrees\jan-31-review-f-cad9\tallyj4.tests\bin\debug\net10.0\tallyj4.tests.dll" id="ab322be2-0130-ab65-77eb-ef09de1fd0e4">
      <Execution id="31ee9392-a0c2-45e1-b0b9-20174732b974" />
      <TestMethod codeBase="C:\Users\glenl\.zenflow\worktrees\jan-31-review-f-cad9\TallyJ4.Tests\bin\Debug\net10.0\TallyJ4.Tests.dll" adapterTypeName="executor://xunit/VsTestRunner3/netcore/" className="TallyJ4.Tests.UnitTests.ReportExportServiceTests" name="GenerateExcelReportAsync_WhenTallyServiceThrows_LogsErrorAndRethrows" />
    </UnitTest>
    <UnitTest name="TallyJ4.Tests.UnitTests.TallyServiceTests.CalculateSingleNameElectionAsync_WithValidElection_CalculatesCorrectly" storage="c:\users\glenl\.zenflow\worktrees\jan-31-review-f-cad9\tallyj4.tests\bin\debug\net10.0\tallyj4.tests.dll" id="32d92e2a-fe6a-3fa4-63c8-ceed87a33409">
      <Execution id="232feae8-8b5d-4644-9b78-ff686476ecd4" />
      <TestMethod codeBase="C:\Users\glenl\.zenflow\worktrees\jan-31-review-f-cad9\TallyJ4.Tests\bin\Debug\net10.0\TallyJ4.Tests.dll" adapterTypeName="executor://xunit/VsTestRunner3/netcore/" className="TallyJ4.Tests.UnitTests.TallyServiceTests" name="CalculateSingleNameElectionAsync_WithValidElection_CalculatesCorrectly" />
    </UnitTest>
    <UnitTest name="TallyJ4.Tests.UnitTests.TallyServiceTests.CalculateNormalElectionAsync_WithValidElection_CalculatesCorrectly" storage="c:\users\glenl\.zenflow\worktrees\jan-31-review-f-cad9\tallyj4.tests\bin\debug\net10.0\tallyj4.tests.dll" id="4600f4c2-3a43-bbba-3ec5-d7ec202b252e">
      <Execution id="f67e1ca0-d9b0-4792-a78d-b5421cd9f155" />
      <TestMethod codeBase="C:\Users\glenl\.zenflow\worktrees\jan-31-review-f-cad9\TallyJ4.Tests\bin\Debug\net10.0\TallyJ4.Tests.dll" adapterTypeName="executor://xunit/VsTestRunner3/netcore/" className="TallyJ4.Tests.UnitTests.TallyServiceTests" name="CalculateNormalElectionAsync_WithValidElection_CalculatesCorrectly" />
    </UnitTest>
    <UnitTest name="TallyJ4.Tests.IntegrationTests.ProgramStartupTests.CoreServices_AreRegistered" storage="c:\users\glenl\.zenflow\worktrees\jan-31-review-f-cad9\tallyj4.tests\bin\debug\net10.0\tallyj4.tests.dll" id="90a03f54-c66f-fbb9-0815-1a3e9d254137">
      <Execution id="74de1012-17f7-4538-a8a9-e49b8cdaf73f" />
      <TestMethod codeBase="C:\Users\glenl\.zenflow\worktrees\jan-31-review-f-cad9\TallyJ4.Tests\bin\Debug\net10.0\TallyJ4.Tests.dll" adapterTypeName="executor://xunit/VsTestRunner3/netcore/" className="TallyJ4.Tests.IntegrationTests.ProgramStartupTests" name="CoreServices_AreRegistered" />
    </UnitTest>
    <UnitTest name="TallyJ4.Tests.UnitTests.ElectionServiceTests.DeleteElectionAsync_WithInvalidGuid_ReturnsFalse" storage="c:\users\glenl\.zenflow\worktrees\jan-31-review-f-cad9\tallyj4.tests\bin\debug\net10.0\tallyj4.tests.dll" id="d8499d9d-e4a9-981a-b778-51bf5588491a">
      <Execution id="11e25a8d-a1ac-4458-8410-21c9c67d0d0b" />
      <TestMethod codeBase="C:\Users\glenl\.zenflow\worktrees\jan-31-review-f-cad9\TallyJ4.Tests\bin\Debug\net10.0\TallyJ4.Tests.dll" adapterTypeName="executor://xunit/VsTestRunner3/netcore/" className="TallyJ4.Tests.UnitTests.ElectionServiceTests" name="DeleteElectionAsync_WithInvalidGuid_ReturnsFalse" />
    </UnitTest>
    <UnitTest name="TallyJ4.Tests.UnitTests.ReportExportServiceTests.GenerateExcelReportAsync_WithNoElectedCandidates_SkipsElectedSheet" storage="c:\users\glenl\.zenflow\worktrees\jan-31-review-f-cad9\tallyj4.tests\bin\debug\net10.0\tallyj4.tests.dll" id="37c019a1-49c0-e7ef-58bf-0823449554e2">
      <Execution id="ad5b56d8-cc6d-4d3e-8a42-2774e499ea9b" />
      <TestMethod codeBase="C:\Users\glenl\.zenflow\worktrees\jan-31-review-f-cad9\TallyJ4.Tests\bin\Debug\net10.0\TallyJ4.Tests.dll" adapterTypeName="executor://xunit/VsTestRunner3/netcore/" className="TallyJ4.Tests.UnitTests.ReportExportServiceTests" name="GenerateExcelReportAsync_WithNoElectedCandidates_SkipsElectedSheet" />
    </UnitTest>
    <UnitTest name="TallyJ4.Tests.IntegrationTests.MigrationTests.DatabaseSchema_IsCorrect_AfterMigrations" storage="c:\users\glenl\.zenflow\worktrees\jan-31-review-f-cad9\tallyj4.tests\bin\debug\net10.0\tallyj4.tests.dll" id="3a07348c-2a00-f2f2-0b58-1b224300277c">
      <Execution id="a7f91589-f753-4f3d-9afc-64d71dec2d94" />
      <TestMethod codeBase="C:\Users\glenl\.zenflow\worktrees\jan-31-review-f-cad9\TallyJ4.Tests\bin\Debug\net10.0\TallyJ4.Tests.dll" adapterTypeName="executor://xunit/VsTestRunner3/netcore/" className="TallyJ4.Tests.IntegrationTests.MigrationTests" name="DatabaseSchema_IsCorrect_AfterMigrations" />
    </UnitTest>
    <UnitTest name="TallyJ4.Tests.UnitTests.TallyServiceTests.CalculateNormalElectionAsync_TieSpanningElectedExtraBoundary_RequiresTieBreak" storage="c:\users\glenl\.zenflow\worktrees\jan-31-review-f-cad9\tallyj4.tests\bin\debug\net10.0\tallyj4.tests.dll" id="fef89306-7b00-dcb0-9296-c4c266e119c8">
      <Execution id="f2a64bbd-2472-46ae-80d9-03101b157fb8" />
      <TestMethod codeBase="C:\Users\glenl\.zenflow\worktrees\jan-31-review-f-cad9\TallyJ4.Tests\bin\Debug\net10.0\TallyJ4.Tests.dll" adapterTypeName="executor://xunit/VsTestRunner3/netcore/" className="TallyJ4.Tests.UnitTests.TallyServiceTests" name="CalculateNormalElectionAsync_TieSpanningElectedExtraBoundary_RequiresTieBreak" />
    </UnitTest>
    <UnitTest name="TallyJ4.Tests.IntegrationTests.MigrationTests.SeededData_IsPresent_AfterMigrations" storage="c:\users\glenl\.zenflow\worktrees\jan-31-review-f-cad9\tallyj4.tests\bin\debug\net10.0\tallyj4.tests.dll" id="030ae7bf-36b1-625b-431d-6f3668c956f8">
      <Execution id="5c1da74d-af56-44a3-93d5-2ecf673764d9" />
      <TestMethod codeBase="C:\Users\glenl\.zenflow\worktrees\jan-31-review-f-cad9\TallyJ4.Tests\bin\Debug\net10.0\TallyJ4.Tests.dll" adapterTypeName="executor://xunit/VsTestRunner3/netcore/" className="TallyJ4.Tests.IntegrationTests.MigrationTests" name="SeededData_IsPresent_AfterMigrations" />
    </UnitTest>
    <UnitTest name="TallyJ4.Tests.UnitTests.ReportExportServiceTests.GenerateExcelReportAsync_WithNoLocationStatistics_SkipsLocationSheet" storage="c:\users\glenl\.zenflow\worktrees\jan-31-review-f-cad9\tallyj4.tests\bin\debug\net10.0\tallyj4.tests.dll" id="b7469399-8fe8-f298-1363-edaa93afd14f">
      <Execution id="bfa07140-d9b9-45de-a8ec-6715ae2d1eec" />
      <TestMethod codeBase="C:\Users\glenl\.zenflow\worktrees\jan-31-review-f-cad9\TallyJ4.Tests\bin\Debug\net10.0\TallyJ4.Tests.dll" adapterTypeName="executor://xunit/VsTestRunner3/netcore/" className="TallyJ4.Tests.UnitTests.ReportExportServiceTests" name="GenerateExcelReportAsync_WithNoLocationStatistics_SkipsLocationSheet" />
    </UnitTest>
    <UnitTest name="TallyJ4.Tests.UnitTests.TallyServiceTests.CalculateNormalElectionAsync_Recalculation_ProducesIdenticalResults" storage="c:\users\glenl\.zenflow\worktrees\jan-31-review-f-cad9\tallyj4.tests\bin\debug\net10.0\tallyj4.tests.dll" id="346d471e-8b7e-3a3f-8c1d-902357b5fb18">
      <Execution id="957d7905-d0e8-40f9-9768-d278430737e7" />
      <TestMethod codeBase="C:\Users\glenl\.zenflow\worktrees\jan-31-review-f-cad9\TallyJ4.Tests\bin\Debug\net10.0\TallyJ4.Tests.dll" adapterTypeName="executor://xunit/VsTestRunner3/netcore/" className="TallyJ4.Tests.UnitTests.TallyServiceTests" name="CalculateNormalElectionAsync_Recalculation_ProducesIdenticalResults" />
    </UnitTest>
    <UnitTest name="TallyJ4.Tests.UnitTests.ReportExportServiceTests.GeneratePdfReportAsync_WithNullElectionDate_HandlesGracefully" storage="c:\users\glenl\.zenflow\worktrees\jan-31-review-f-cad9\tallyj4.tests\bin\debug\net10.0\tallyj4.tests.dll" id="75bb738d-454a-f7ca-7ab9-c502f43feb46">
      <Execution id="2d7f03a7-b758-413f-bd26-aad930d4b756" />
      <TestMethod codeBase="C:\Users\glenl\.zenflow\worktrees\jan-31-review-f-cad9\TallyJ4.Tests\bin\Debug\net10.0\TallyJ4.Tests.dll" adapterTypeName="executor://xunit/VsTestRunner3/netcore/" className="TallyJ4.Tests.UnitTests.ReportExportServiceTests" name="GeneratePdfReportAsync_WithNullElectionDate_HandlesGracefully" />
    </UnitTest>
    <UnitTest name="TallyJ4.Tests.IntegrationTests.ElectionsControllerTests.DeleteElection_WithValidGuid_ReturnsNoContent" storage="c:\users\glenl\.zenflow\worktrees\jan-31-review-f-cad9\tallyj4.tests\bin\debug\net10.0\tallyj4.tests.dll" id="04e188a0-d689-7c39-5121-f1df8365a180">
      <Execution id="e64d1998-0131-4b7c-8939-671dd46f7454" />
      <TestMethod codeBase="C:\Users\glenl\.zenflow\worktrees\jan-31-review-f-cad9\TallyJ4.Tests\bin\Debug\net10.0\TallyJ4.Tests.dll" adapterTypeName="executor://xunit/VsTestRunner3/netcore/" className="TallyJ4.Tests.IntegrationTests.ElectionsControllerTests" name="DeleteElection_WithValidGuid_ReturnsNoContent" />
    </UnitTest>
    <UnitTest name="TallyJ4.Tests.IntegrationTests.ResultsControllerTests.GetResults_WithExistingResults_ReturnsOk" storage="c:\users\glenl\.zenflow\worktrees\jan-31-review-f-cad9\tallyj4.tests\bin\debug\net10.0\tallyj4.tests.dll" id="bf992fa7-7df6-3d94-eeba-86d695993006">
      <Execution id="6a1c7c67-c039-497b-b653-a470c5c46282" />
      <TestMethod codeBase="C:\Users\glenl\.zenflow\worktrees\jan-31-review-f-cad9\TallyJ4.Tests\bin\Debug\net10.0\TallyJ4.Tests.dll" adapterTypeName="executor://xunit/VsTestRunner3/netcore/" className="TallyJ4.Tests.IntegrationTests.ResultsControllerTests" name="GetResults_WithExistingResults_ReturnsOk" />
    </UnitTest>
    <UnitTest name="TallyJ4.Tests.UnitTests.TallyServiceTests.CalculateNormalElectionAsync_WithInvalidElectionGuid_ThrowsArgumentException" storage="c:\users\glenl\.zenflow\worktrees\jan-31-review-f-cad9\tallyj4.tests\bin\debug\net10.0\tallyj4.tests.dll" id="141744b6-6144-ddbd-9d6a-a613c507243a">
      <Execution id="e8fc948e-ad45-4108-8a7f-6eca1982bfed" />
      <TestMethod codeBase="C:\Users\glenl\.zenflow\worktrees\jan-31-review-f-cad9\TallyJ4.Tests\bin\Debug\net10.0\TallyJ4.Tests.dll" adapterTypeName="executor://xunit/VsTestRunner3/netcore/" className="TallyJ4.Tests.UnitTests.TallyServiceTests" name="CalculateNormalElectionAsync_WithInvalidElectionGuid_ThrowsArgumentException" />
    </UnitTest>
    <UnitTest name="TallyJ4.Tests.UnitTests.ElectionServiceTests.GetElectionsAsync_WithStatusFilter_ReturnsFilteredResults" storage="c:\users\glenl\.zenflow\worktrees\jan-31-review-f-cad9\tallyj4.tests\bin\debug\net10.0\tallyj4.tests.dll" id="e4000839-4f47-15dd-6ce1-14c268e04edb">
      <Execution id="bc8402c8-6951-4114-976c-2ab5ab4d48e7" />
      <TestMethod codeBase="C:\Users\glenl\.zenflow\worktrees\jan-31-review-f-cad9\TallyJ4.Tests\bin\Debug\net10.0\TallyJ4.Tests.dll" adapterTypeName="executor://xunit/VsTestRunner3/netcore/" className="TallyJ4.Tests.UnitTests.ElectionServiceTests" name="GetElectionsAsync_WithStatusFilter_ReturnsFilteredResults" />
    </UnitTest>
    <UnitTest name="TallyJ4.Tests.IntegrationTests.ElectionsControllerTests.GetElections_WithoutAuth_ReturnsUnauthorized" storage="c:\users\glenl\.zenflow\worktrees\jan-31-review-f-cad9\tallyj4.tests\bin\debug\net10.0\tallyj4.tests.dll" id="255cb713-9ac4-5f68-75dc-96d03a3324b0">
      <Execution id="49b132f8-c844-4e4c-a744-841c3a0d5a29" />
      <TestMethod codeBase="C:\Users\glenl\.zenflow\worktrees\jan-31-review-f-cad9\TallyJ4.Tests\bin\Debug\net10.0\TallyJ4.Tests.dll" adapterTypeName="executor://xunit/VsTestRunner3/netcore/" className="TallyJ4.Tests.IntegrationTests.ElectionsControllerTests" name="GetElections_WithoutAuth_ReturnsUnauthorized" />
    </UnitTest>
    <UnitTest name="TallyJ4.Tests.UnitTests.TallyServiceTests.CalculateNormalElectionAsync_DetectsTies" storage="c:\users\glenl\.zenflow\worktrees\jan-31-review-f-cad9\tallyj4.tests\bin\debug\net10.0\tallyj4.tests.dll" id="c2437f95-383f-c0b1-1216-f50ba0abf699">
      <Execution id="bef50d9d-b73e-4aed-83a0-968638642db2" />
      <TestMethod codeBase="C:\Users\glenl\.zenflow\worktrees\jan-31-review-f-cad9\TallyJ4.Tests\bin\Debug\net10.0\TallyJ4.Tests.dll" adapterTypeName="executor://xunit/VsTestRunner3/netcore/" className="TallyJ4.Tests.UnitTests.TallyServiceTests" name="CalculateNormalElectionAsync_DetectsTies" />
    </UnitTest>
    <UnitTest name="TallyJ4.Tests.IntegrationTests.ProgramStartupTests.Swagger_IsAvailableInDevelopment" storage="c:\users\glenl\.zenflow\worktrees\jan-31-review-f-cad9\tallyj4.tests\bin\debug\net10.0\tallyj4.tests.dll" id="bee952ea-b258-a603-a7ec-8e7a465ba659">
      <Execution id="63b0ebc8-c396-475f-a5a6-ec220f47adab" />
      <TestMethod codeBase="C:\Users\glenl\.zenflow\worktrees\jan-31-review-f-cad9\TallyJ4.Tests\bin\Debug\net10.0\TallyJ4.Tests.dll" adapterTypeName="executor://xunit/VsTestRunner3/netcore/" className="TallyJ4.Tests.IntegrationTests.ProgramStartupTests" name="Swagger_IsAvailableInDevelopment" />
    </UnitTest>
    <UnitTest name="TallyJ4.Tests.IntegrationTests.ProgramStartupTests.Application_StartsSuccessfully" storage="c:\users\glenl\.zenflow\worktrees\jan-31-review-f-cad9\tallyj4.tests\bin\debug\net10.0\tallyj4.tests.dll" id="ebd17d41-92c9-6c18-1fc8-7512d979a448">
      <Execution id="f3fa2028-cd02-4627-8297-2f83200a55e4" />
      <TestMethod codeBase="C:\Users\glenl\.zenflow\worktrees\jan-31-review-f-cad9\TallyJ4.Tests\bin\Debug\net10.0\TallyJ4.Tests.dll" adapterTypeName="executor://xunit/VsTestRunner3/netcore/" className="TallyJ4.Tests.IntegrationTests.ProgramStartupTests" name="Application_StartsSuccessfully" />
    </UnitTest>
    <UnitTest name="TallyJ4.Tests.IntegrationTests.MigrationTests.SeededElections_ArePresent_AfterMigrations" storage="c:\users\glenl\.zenflow\worktrees\jan-31-review-f-cad9\tallyj4.tests\bin\debug\net10.0\tallyj4.tests.dll" id="2fd4fc4d-53ea-c581-0514-6f0938e88f76">
      <Execution id="6f6d295f-a9e9-436f-8d36-252ada788926" />
      <TestMethod codeBase="C:\Users\glenl\.zenflow\worktrees\jan-31-review-f-cad9\TallyJ4.Tests\bin\Debug\net10.0\TallyJ4.Tests.dll" adapterTypeName="executor://xunit/VsTestRunner3/netcore/" className="TallyJ4.Tests.IntegrationTests.MigrationTests" name="SeededElections_ArePresent_AfterMigrations" />
    </UnitTest>
    <UnitTest name="TallyJ4.Tests.UnitTests.ElectionServiceTests.GetElectionByGuidAsync_WithValidGuid_ReturnsElection" storage="c:\users\glenl\.zenflow\worktrees\jan-31-review-f-cad9\tallyj4.tests\bin\debug\net10.0\tallyj4.tests.dll" id="27a0c488-c92a-bc31-603b-b6f7d075b73e">
      <Execution id="aef62f03-a59b-4ac5-aab4-d110f5b2428d" />
      <TestMethod codeBase="C:\Users\glenl\.zenflow\worktrees\jan-31-review-f-cad9\TallyJ4.Tests\bin\Debug\net10.0\TallyJ4.Tests.dll" adapterTypeName="executor://xunit/VsTestRunner3/netcore/" className="TallyJ4.Tests.UnitTests.ElectionServiceTests" name="GetElectionByGuidAsync_WithValidGuid_ReturnsElection" />
    </UnitTest>
    <UnitTest name="TallyJ4.Tests.IntegrationTests.ElectionsControllerTests.CreateElection_WithInvalidData_ReturnsBadRequest" storage="c:\users\glenl\.zenflow\worktrees\jan-31-review-f-cad9\tallyj4.tests\bin\debug\net10.0\tallyj4.tests.dll" id="4a58d15d-47db-3dc9-9881-aacc5743a5e9">
      <Execution id="18ba4103-35ee-4114-95ca-4416e5b0b907" />
      <TestMethod codeBase="C:\Users\glenl\.zenflow\worktrees\jan-31-review-f-cad9\TallyJ4.Tests\bin\Debug\net10.0\TallyJ4.Tests.dll" adapterTypeName="executor://xunit/VsTestRunner3/netcore/" className="TallyJ4.Tests.IntegrationTests.ElectionsControllerTests" name="CreateElection_WithInvalidData_ReturnsBadRequest" />
    </UnitTest>
    <UnitTest name="TallyJ4.Tests.UnitTests.TallyServiceTests.CalculateNormalElectionAsync_TieSpanningExtraOtherBoundary_RequiresTieBreak" storage="c:\users\glenl\.zenflow\worktrees\jan-31-review-f-cad9\tallyj4.tests\bin\debug\net10.0\tallyj4.tests.dll" id="e5012204-85dc-bd11-5af0-fff8e9a4539a">
      <Execution id="d1c297d0-e94d-47fd-ad28-b9f498911c97" />
      <TestMethod codeBase="C:\Users\glenl\.zenflow\worktrees\jan-31-review-f-cad9\TallyJ4.Tests\bin\Debug\net10.0\TallyJ4.Tests.dll" adapterTypeName="executor://xunit/VsTestRunner3/netcore/" className="TallyJ4.Tests.UnitTests.TallyServiceTests" name="CalculateNormalElectionAsync_TieSpanningExtraOtherBoundary_RequiresTieBreak" />
    </UnitTest>
    <UnitTest name="TallyJ4.Tests.IntegrationTests.MigrationTests.Database_CanBeCreated_AndMigrated" storage="c:\users\glenl\.zenflow\worktrees\jan-31-review-f-cad9\tallyj4.tests\bin\debug\net10.0\tallyj4.tests.dll" id="9444e398-63e7-ffcd-a7a7-311eb6f564a3">
      <Execution id="0b70ab83-0a53-491d-95fc-3ae81ba24849" />
      <TestMethod codeBase="C:\Users\glenl\.zenflow\worktrees\jan-31-review-f-cad9\TallyJ4.Tests\bin\Debug\net10.0\TallyJ4.Tests.dll" adapterTypeName="executor://xunit/VsTestRunner3/netcore/" className="TallyJ4.Tests.IntegrationTests.MigrationTests" name="Database_CanBeCreated_AndMigrated" />
    </UnitTest>
    <UnitTest name="TallyJ4.Tests.IntegrationTests.ProgramStartupTests.ProtectedEndpoint_RequiresAuthorization" storage="c:\users\glenl\.zenflow\worktrees\jan-31-review-f-cad9\tallyj4.tests\bin\debug\net10.0\tallyj4.tests.dll" id="8395a5cc-5807-928a-cc20-5780b1d6de5b">
      <Execution id="f9ef581f-39a5-408f-8207-258b79b4ff63" />
      <TestMethod codeBase="C:\Users\glenl\.zenflow\worktrees\jan-31-review-f-cad9\TallyJ4.Tests\bin\Debug\net10.0\TallyJ4.Tests.dll" adapterTypeName="executor://xunit/VsTestRunner3/netcore/" className="TallyJ4.Tests.IntegrationTests.ProgramStartupTests" name="ProtectedEndpoint_RequiresAuthorization" />
    </UnitTest>
    <UnitTest name="TallyJ4.Tests.UnitTests.TallyServiceTests.CalculateNormalElectionAsync_WithSingleCandidate_CompletesSuccessfully" storage="c:\users\glenl\.zenflow\worktrees\jan-31-review-f-cad9\tallyj4.tests\bin\debug\net10.0\tallyj4.tests.dll" id="f6089778-f529-ec1e-4243-353b38df744b">
      <Execution id="ec224c13-4bb4-4a30-afdd-e5489e8be29c" />
      <TestMethod codeBase="C:\Users\glenl\.zenflow\worktrees\jan-31-review-f-cad9\TallyJ4.Tests\bin\Debug\net10.0\TallyJ4.Tests.dll" adapterTypeName="executor://xunit/VsTestRunner3/netcore/" className="TallyJ4.Tests.UnitTests.TallyServiceTests" name="CalculateNormalElectionAsync_WithSingleCandidate_CompletesSuccessfully" />
    </UnitTest>
    <UnitTest name="TallyJ4.Tests.IntegrationTests.ResultsControllerTests.CalculateTally_WithInvalidElectionGuid_ReturnsNotFound" storage="c:\users\glenl\.zenflow\worktrees\jan-31-review-f-cad9\tallyj4.tests\bin\debug\net10.0\tallyj4.tests.dll" id="38ec3025-c43e-a6b6-3e3b-e55c0e72fcf4">
      <Execution id="15842cb2-7aae-4eb5-89e1-5757a1abe086" />
      <TestMethod codeBase="C:\Users\glenl\.zenflow\worktrees\jan-31-review-f-cad9\TallyJ4.Tests\bin\Debug\net10.0\TallyJ4.Tests.dll" adapterTypeName="executor://xunit/VsTestRunner3/netcore/" className="TallyJ4.Tests.IntegrationTests.ResultsControllerTests" name="CalculateTally_WithInvalidElectionGuid_ReturnsNotFound" />
    </UnitTest>
    <UnitTest name="TallyJ4.Tests.UnitTests.ReportExportServiceTests.GeneratePdfReportAsync_WhenTallyServiceThrows_LogsErrorAndRethrows" storage="c:\users\glenl\.zenflow\worktrees\jan-31-review-f-cad9\tallyj4.tests\bin\debug\net10.0\tallyj4.tests.dll" id="7e312530-aeca-fb83-4318-6b40e6e67b8e">
      <Execution id="e7087a33-f22b-4108-9d80-2d502e24d302" />
      <TestMethod codeBase="C:\Users\glenl\.zenflow\worktrees\jan-31-review-f-cad9\TallyJ4.Tests\bin\Debug\net10.0\TallyJ4.Tests.dll" adapterTypeName="executor://xunit/VsTestRunner3/netcore/" className="TallyJ4.Tests.UnitTests.ReportExportServiceTests" name="GeneratePdfReportAsync_WhenTallyServiceThrows_LogsErrorAndRethrows" />
    </UnitTest>
    <UnitTest name="TallyJ4.Tests.UnitTests.ElectionServiceTests.GetElectionsAsync_ReturnsPaginatedResults" storage="c:\users\glenl\.zenflow\worktrees\jan-31-review-f-cad9\tallyj4.tests\bin\debug\net10.0\tallyj4.tests.dll" id="8d25c5c5-903c-cc04-77c1-0e3c753e1bcf">
      <Execution id="6eb2394c-a800-4a10-a9e6-ae93d528a2b6" />
      <TestMethod codeBase="C:\Users\glenl\.zenflow\worktrees\jan-31-review-f-cad9\TallyJ4.Tests\bin\Debug\net10.0\TallyJ4.Tests.dll" adapterTypeName="executor://xunit/VsTestRunner3/netcore/" className="TallyJ4.Tests.UnitTests.ElectionServiceTests" name="GetElectionsAsync_ReturnsPaginatedResults" />
    </UnitTest>
    <UnitTest name="TallyJ4.Tests.IntegrationTests.ElectionsControllerTests.GetElectionById_WithValidGuid_ReturnsElection" storage="c:\users\glenl\.zenflow\worktrees\jan-31-review-f-cad9\tallyj4.tests\bin\debug\net10.0\tallyj4.tests.dll" id="97a919cc-3e17-870b-eace-7694cf75cc1e">
      <Execution id="56db8086-49a3-40de-9c1d-c9112bed4cca" />
      <TestMethod codeBase="C:\Users\glenl\.zenflow\worktrees\jan-31-review-f-cad9\TallyJ4.Tests\bin\Debug\net10.0\TallyJ4.Tests.dll" adapterTypeName="executor://xunit/VsTestRunner3/netcore/" className="TallyJ4.Tests.IntegrationTests.ElectionsControllerTests" name="GetElectionById_WithValidGuid_ReturnsElection" />
    </UnitTest>
[...]
VALUES (i.[CloseToNext], i.[CloseToPrev], i.[ElectionGuid], i.[ForceShowInOther], i.[IsTieResolved], i.[IsTied], i.[PersonGuid], i.[Rank], i.[RankInExtra], i.[Section], i.[TieBreakCount], i.[TieBreakGroup], i.[TieBreakRequired], i.[VoteCount])&#xD;
OUTPUT INSERTED.[_RowId], i._Position; Microsoft.EntityFrameworkCore.Database.Command&#xD;
[17:01:19 INF] [] Completed vote count: 10 ballots processed, 30 valid votes TallyJ4.Services.TallyService&#xD;
[17:01:19 INF] [] Finalizing results and detecting ties TallyJ4.Services.TallyService&#xD;
[17:01:19 INF] [] Finalized 3 results, 1 tie groups TallyJ4.Services.TallyService&#xD;
[17:01:19 INF] [] Finalizing summaries TallyJ4.Services.TallyService&#xD;
[17:01:19 INF] [] Executed DbCommand (0ms) [Parameters=[@TargetElection_ElectionGuid='aeaca793-0f15-498b-9fef-fb34c8b6706b'], CommandType='Text', CommandTimeout='30']&#xD;
SELECT TOP(1) [r].[_RowId], [r].[BallotsNeedingReview], [r].[BallotsReceived], [r].[CalledInBallots], [r].[Custom1Ballots], [r].[Custom2Ballots], [r].[Custom3Ballots], [r].[DroppedOffBallots], [r].[ElectionGuid], [r].[ImportedBallots], [r].[InPersonBallots], [r].[MailedInBallots], [r].[NumEligibleToVote], [r].[NumVoters], [r].[OnlineBallots], [r].[ResultType], [r].[SpoiledBallots], [r].[SpoiledManualBallots], [r].[SpoiledVotes], [r].[TotalVotes], [r].[UseOnReports]&#xD;
FROM [ResultSummaries] AS [r]&#xD;
WHERE [r].[ElectionGuid] = @TargetElection_ElectionGuid Microsoft.EntityFrameworkCore.Database.Command&#xD;
[17:01:19 INF] [] Saving results to database TallyJ4.Services.TallyService&#xD;
[17:01:19 INF] [] Executed DbCommand (4ms) [Parameters=[@p0='0' (Nullable = true), @p1='10' (Nullable = true), @p2=NULL (DbType = Int32), @p3=NULL (DbType = Int32), @p4=NULL (DbType = Int32), @p5=NULL (DbType = Int32), @p6=NULL (DbType = Int32), @p7='aeaca793-0f15-498b-9fef-fb34c8b6706b', @p8=NULL (DbType = Int32), @p9=NULL (DbType = Int32), @p10=NULL (DbType = Int32), @p11=NULL (DbType = Int32), @p12=NULL (DbType = Int32), @p13=NULL (DbType = Int32), @p14='N' (Nullable = false) (Size = 1) (DbType = AnsiStringFixedLength), @p15='0' (Nullable = true), @p16=NULL (DbType = Int32), @p17='0' (Nullable = true), @p18='30' (Nullable = true), @p19='True' (Nullable = true), @p24='10', @p20='True' (Nullable = true), @p21='1', @p22='E' (Nullable = false) (Size = 1) (DbType = AnsiStringFixedLength), @p23='1' (Nullable = true), @p29='11', @p25='True' (Nullable = true), @p26='1', @p27='E' (Nullable = false) (Size = 1) (DbType = AnsiStringFixedLength), @p28='1' (Nullable = true), @p34='12', @p30='True' (Nullable = true), @p31='1', @p32='E' (Nullable = false) (Size = 1) (DbType = AnsiStringFixedLength), @p33='1' (Nullable = true)], CommandType='Text', CommandTimeout='30']&#xD;
SET NOCOUNT ON;&#xD;
INSERT INTO [ResultSummaries] ([BallotsNeedingReview], [BallotsReceived], [CalledInBallots], [Custom1Ballots], [Custom2Ballots], [Custom3Ballots], [DroppedOffBallots], [ElectionGuid], [ImportedBallots], [InPersonBallots], [MailedInBallots], [NumEligibleToVote], [NumVoters], [OnlineBallots], [ResultType], [SpoiledBallots], [SpoiledManualBallots], [SpoiledVotes], [TotalVotes], [UseOnReports])&#xD;
OUTPUT INSERTED.[_RowId]&#xD;
VALUES (@p0, @p1, @p2, @p3, @p4, @p5, @p6, @p7, @p8, @p9, @p10, @p11, @p12, @p13, @p14, @p15, @p16, @p17, @p18, @p19);&#xD;
UPDATE [Results] SET [IsTied] = @p20, [Rank] = @p21, [Section] = @p22, [TieBreakGroup] = @p23&#xD;
OUTPUT 1&#xD;
WHERE [_RowId] = @p24;&#xD;
UPDATE [Results] SET [IsTied] = @p25, [Rank] = @p26, [Section] = @p27, [TieBreakGroup] = @p28&#xD;
OUTPUT 1&#xD;
WHERE [_RowId] = @p29;&#xD;
UPDATE [Results] SET [IsTied] = @p30, [Rank] = @p31, [Section] = @p32, [TieBreakGroup] = @p33&#xD;
OUTPUT 1&#xD;
WHERE [_RowId] = @p34; Microsoft.EntityFrameworkCore.Database.Command&#xD;
[17:01:19 INF] [] Results saved successfully TallyJ4.Services.TallyService&#xD;
[17:01:19 INF] [] Tally calculation transaction committed successfully for election aeaca793-0f15-498b-9fef-fb34c8b6706b TallyJ4.Services.TallyService&#xD;
[17:01:19 INF] [] Executed DbCommand (2ms) [Parameters=[@electionGuid='aeaca793-0f15-498b-9fef-fb34c8b6706b'], CommandType='Text', CommandTimeout='30']&#xD;
SELECT COALESCE(SUM(COALESCE([r].[VoteCount], 0)), 0)&#xD;
FROM [Results] AS [r]&#xD;
WHERE [r].[ElectionGuid] = @electionGuid Microsoft.EntityFrameworkCore.Database.Command&#xD;
[17:01:19 INF] [] Sent tallyComplete notification to group Analyzeaeaca793-0f15-498b-9fef-fb34c8b6706b TallyJ4.Services.SignalRNotificationService&#xD;
[17:01:19 INF] [] Executed DbCommand (0ms) [Parameters=[@electionGuid='aeaca793-0f15-498b-9fef-fb34c8b6706b'], CommandType='Text', CommandTimeout='30']&#xD;
SELECT TOP(1) [e].[_RowId], [e].[CanReceive], [e].[CanVote], [e].[Convenor], [e].[CustomMethods], [e].[DateOfElection], [e].[ElectionGuid], [e].[ElectionMode], [e].[ElectionPasscode], [e].[ElectionType], [e].[EmailFromAddress], [e].[EmailFromName], [e].[EmailSubject], [e].[EmailText], [e].[Flags], [e].[HidePreBallotPages], [e].[LastEnvNum], [e].[LinkedElectionGuid], [e].[LinkedElectionKind], [e].[ListForPublic], [e].[ListedForPublicAsOf], [e].[MaskVotingMethod], [e].[Name], [e].[NumberExtra], [e].[NumberToElect], [e].[OnlineAnnounced], [e].[OnlineCloseIsEstimate], [e].[OnlineSelectionProcess], [e].[OnlineWhenClose], [e].[OnlineWhenOpen], [e].[OwnerLoginId], [e].[_RowVersion], [e].[ShowAsTest], [e].[ShowFullReport], [e].[SmsText], [e].[TallyStatus], [e].[UseCallInButton], [e].[VotingMethods]&#xD;
FROM [Elections] AS [e]&#xD;
WHERE [e].[ElectionGuid] = @electionGuid Microsoft.EntityFrameworkCore.Database.Command&#xD;
[17:01:19 INF] [] Executed DbCommand (4ms) [Parameters=[@electionGuid='aeaca793-0f15-498b-9fef-fb34c8b6706b'], CommandType='Text', CommandTimeout='30']&#xD;
SELECT [r].[_RowId], [r].[CloseToNext], [r].[CloseToPrev], [r].[ElectionGuid], [r].[ForceShowInOther], [r].[IsTieResolved], [r].[IsTied], [r].[PersonGuid], [r].[Rank], [r].[RankInExtra], [r].[Section], [r].[TieBreakCount], [r].[TieBreakGroup], [r].[TieBreakRequired], [r].[VoteCount], [p].[_RowId], [p].[AgeGroup], [p].[Area], [p].[BahaiId], [p].[CanReceiveVotes], [p].[CanVote], [p].[CombinedInfo], [p].[CombinedInfoAtStart], [p].[CombinedSoundCodes], [p].[ElectionGuid], [p].[Email], [p].[EnvNum], [p].[FirstName], [p].[Flags], [p].[_FullName], [p].[_FullNameFL], [p].[HasOnlineBallot], [p].[IneligibleReasonGuid], [p].[KioskCode], [p].[LastName], [p].[OtherInfo], [p].[OtherLastNames], [p].[OtherNames], [p].[PersonGuid], [p].[Phone], [p].[RegistrationTime], [p].[_RowVersion], [p].[_RowVersionInt], [p].[Teller1], [p].[Teller2], [p].[UnitName], [p].[VotingLocationGuid], [p].[VotingMethod]&#xD;
FROM [Results] AS [r]&#xD;
INNER JOIN [People] AS [p] ON [r].[PersonGuid] = [p].[PersonGuid]&#xD;
WHERE [r].[ElectionGuid] = @electionGuid&#xD;
ORDER BY [r].[Rank] Microsoft.EntityFrameworkCore.Database.Command&#xD;
[17:01:19 INF] [] Executed DbCommand (0ms) [Parameters=[@electionGuid='aeaca793-0f15-498b-9fef-fb34c8b6706b'], CommandType='Text', CommandTimeout='30']&#xD;
SELECT TOP(1) [e].[_RowId], [e].[CanReceive], [e].[CanVote], [e].[Convenor], [e].[CustomMethods], [e].[DateOfElection], [e].[ElectionGuid], [e].[ElectionMode], [e].[ElectionPasscode], [e].[ElectionType], [e].[EmailFromAddress], [e].[EmailFromName], [e].[EmailSubject], [e].[EmailText], [e].[Flags], [e].[HidePreBallotPages], [e].[LastEnvNum], [e].[LinkedElectionGuid], [e].[LinkedElectionKind], [e].[ListForPublic], [e].[ListedForPublicAsOf], [e].[MaskVotingMethod], [e].[Name], [e].[NumberExtra], [e].[NumberToElect], [e].[OnlineAnnounced], [e].[OnlineCloseIsEstimate], [e].[OnlineSelectionProcess], [e].[OnlineWhenClose], [e].[OnlineWhenOpen], [e].[OwnerLoginId], [e].[_RowVersion], [e].[ShowAsTest], [e].[ShowFullReport], [e].[SmsText], [e].[TallyStatus], [e].[UseCallInButton], [e].[VotingMethods]&#xD;
FROM [Elections] AS [e]&#xD;
WHERE [e].[ElectionGuid] = @electionGuid Microsoft.EntityFrameworkCore.Database.Command&#xD;
[17:01:19 INF] [] Executed DbCommand (1ms) [Parameters=[@electionGuid='aeaca793-0f15-498b-9fef-fb34c8b6706b'], CommandType='Text', CommandTimeout='30']&#xD;
SELECT TOP(1) [r].[_RowId], [r].[BallotsNeedingReview], [r].[BallotsReceived], [r].[CalledInBallots], [r].[Custom1Ballots], [r].[Custom2Ballots], [r].[Custom3Ballots], [r].[DroppedOffBallots], [r].[ElectionGuid], [r].[ImportedBallots], [r].[InPersonBallots], [r].[MailedInBallots], [r].[NumEligibleToVote], [r].[NumVoters], [r].[OnlineBallots], [r].[ResultType], [r].[SpoiledBallots], [r].[SpoiledManualBallots], [r].[SpoiledVotes], [r].[TotalVotes], [r].[UseOnReports]&#xD;
FROM [ResultSummaries] AS [r]&#xD;
WHERE [r].[ElectionGuid] = @electionGuid Microsoft.EntityFrameworkCore.Database.Command&#xD;
[17:01:19 INF] [] Executed DbCommand (3ms) [Parameters=[@electionGuid='aeaca793-0f15-498b-9fef-fb34c8b6706b'], CommandType='Text', CommandTimeout='30']&#xD;
SELECT COUNT(*)&#xD;
FROM [People] AS [p]&#xD;
WHERE [p].[ElectionGuid] = @electionGuid AND [p].[CanVote] = CAST(1 AS bit) Microsoft.EntityFrameworkCore.Database.Command&#xD;
[17:01:19 INF] [] Executed DbCommand (2ms) [Parameters=[@electionGuid='aeaca793-0f15-498b-9fef-fb34c8b6706b'], CommandType='Text', CommandTimeout='30']&#xD;
SELECT COUNT(*)&#xD;
FROM [People] AS [p]&#xD;
WHERE [p].[ElectionGuid] = @electionGuid AND [p].[CanReceiveVotes] = CAST(1 AS bit) Microsoft.EntityFrameworkCore.Database.Command&#xD;
[17:01:19 INF] [] Completed tally calculation for election aeaca793-0f15-498b-9fef-fb34c8b6706b TallyJ4.Services.TallyService&#xD;
[17:01:19 INF] [] Tally calculation completed for election aeaca793-0f15-498b-9fef-fb34c8b6706b TallyJ4.Controllers.ResultsController&#xD;
[17:01:19 INF] [] Executing OkObjectResult, writing value of type 'TallyJ4.DTOs.Results.TallyResultDto'. Microsoft.AspNetCore.Mvc.Infrastructure.ObjectResultExecutor&#xD;
[17:01:19 INF] [] Executed action TallyJ4.Controllers.ResultsController.CalculateTally (TallyJ4) in 55.912ms Microsoft.AspNetCore.Mvc.Infrastructure.ControllerActionInvoker&#xD;
[17:01:19 INF] [] Executed endpoint 'TallyJ4.Controllers.ResultsController.CalculateTally (TallyJ4)' Microsoft.AspNetCore.Routing.EndpointMiddleware&#xD;
[17:01:19 INF] [] Request finished HTTP/1.1 POST http://localhost/api/results/election/aeaca793-0f15-498b-9fef-fb34c8b6706b/calculate - 200 null application/json; charset=utf-8 57.4959ms Microsoft.AspNetCore.Hosting.Diagnostics&#xD;
[17:01:20 INF] [] Executed DbCommand (2ms) [Parameters=[@normalizedEmail='ADMIN@TALLYJ.COM' (Size = 256)], CommandType='Text', CommandTimeout='30']&#xD;
SELECT TOP(2) [a].[Id], [a].[AccessFailedCount], [a].[AuthMethod], [a].[ConcurrencyStamp], [a].[Email], [a].[EmailConfirmed], [a].[GoogleId], [a].[LockoutEnabled], [a].[LockoutEnd], [a].[NormalizedEmail], [a].[NormalizedUserName], [a].[PasswordHash], [a].[PasswordResetExpiry], [a].[PasswordResetToken], [a].[PhoneNumber], [a].[PhoneNumberConfirmed], [a].[SecurityStamp], [a].[TwoFactorEnabled], [a].[UserName]&#xD;
FROM [AspNetUsers] AS [a]&#xD;
WHERE [a].[NormalizedEmail] = @normalizedEmail Microsoft.EntityFrameworkCore.Database.Command&#xD;
[17:01:20 INF] [] Request starting HTTP/1.1 POST http://localhost/api/auth/login - application/json; charset=utf-8 51 Microsoft.AspNetCore.Hosting.Diagnostics&#xD;
[17:01:20 INF] [] JWT Message received - Header: False, HasBearer: False, TokenLength: 0, ActualHeader: '' &#xD;
[17:01:20 INF] [] Executing endpoint 'TallyJ4.Backend.Controllers.AuthController.Login (TallyJ4)' Microsoft.AspNetCore.Routing.EndpointMiddleware&#xD;
[17:01:20 INF] [] Route matched with {action = "Login", controller = "Auth"}. Executing controller action with signature System.Threading.Tasks.Task`1[Microsoft.AspNetCore.Mvc.IActionResult] Login(TallyJ4.Application.DTOs.Auth.LoginRequest) on controller TallyJ4.Backend.Controllers.AuthController (TallyJ4). Microsoft.AspNetCore.Mvc.Infrastructure.ControllerActionInvoker&#xD;
[17:01:20 INF] [] Executed DbCommand (2ms) [Parameters=[@normalizedEmail='ADMIN@TALLYJ.COM' (Size = 256)], CommandType='Text', CommandTimeout='30']&#xD;
SELECT TOP(2) [a].[Id], [a].[AccessFailedCount], [a].[AuthMethod], [a].[ConcurrencyStamp], [a].[Email], [a].[EmailConfirmed], [a].[GoogleId], [a].[LockoutEnabled], [a].[LockoutEnd], [a].[NormalizedEmail], [a].[NormalizedUserName], [a].[PasswordHash], [a].[PasswordResetExpiry], [a].[PasswordResetToken], [a].[PhoneNumber], [a].[PhoneNumberConfirmed], [a].[SecurityStamp], [a].[TwoFactorEnabled], [a].[UserName]&#xD;
FROM [AspNetUsers] AS [a]&#xD;
WHERE [a].[NormalizedEmail] = @normalizedEmail Microsoft.EntityFrameworkCore.Database.Command&#xD;
[17:01:20 INF] [] Executed DbCommand (3ms) [Parameters=[@p0='2026-02-01T00:01:20.1166763Z', @p1='2026-03-03T00:01:20.1166752Z', @p2='False', @p3=NULL (Size = 4000), @p4=NULL (Size = 4000), @p5='ooJA/EOQZC98jCJbv+QUN57aRAnldfpLGoIAYdxykjo=' (Nullable = false) (Size = 200), @p6='364395d9-c48d-4f0f-8f8b-eefbf76bc7fc' (Nullable = false) (Size = 450)], CommandType='Text', CommandTimeout='30']&#xD;
SET IMPLICIT_TRANSACTIONS OFF;&#xD;
SET NOCOUNT ON;&#xD;
INSERT INTO [RefreshToken] ([CreatedAt], [ExpiresAt], [IsRevoked], [ReplacedByToken], [RevokedReason], [Token], [UserId])&#xD;
OUTPUT INSERTED.[_RowId], INSERTED.[_RowVersion]&#xD;
VALUES (@p0, @p1, @p2, @p3, @p4, @p5, @p6); Microsoft.EntityFrameworkCore.Database.Command&#xD;
[17:01:20 INF] [] Executing OkObjectResult, writing value of type 'TallyJ4.Application.DTOs.Auth.AuthResponse'. Microsoft.AspNetCore.Mvc.Infrastructure.ObjectResultExecutor&#xD;
[17:01:20 INF] [] Executed action TallyJ4.Backend.Controllers.AuthController.Login (TallyJ4) in 69.2222ms Microsoft.AspNetCore.Mvc.Infrastructure.ControllerActionInvoker&#xD;
[17:01:20 INF] [] Executed endpoint 'TallyJ4.Backend.Controllers.AuthController.Login (TallyJ4)' Microsoft.AspNetCore.Routing.EndpointMiddleware&#xD;
[17:01:20 INF] [] Request finished HTTP/1.1 POST http://localhost/api/auth/login - 200 null application/json; charset=utf-8 70.1242ms Microsoft.AspNetCore.Hosting.Diagnostics&#xD;
[TEST] Got auth token: eyJhbGciOiJIUzI1NiIsInR5cCI6IkpXVCJ9.eyJzdWIiOiIzN...&#xD;
[TEST] SetAuthToken called with token length: 355, starts with 'eyJ': True&#xD;
[TEST] Client.DefaultRequestHeaders.Authorization set to: Bearer eyJhbGciOiJIUzI1NiIsInR5cCI6IkpXVCJ9.eyJzdWIiOiIzNjQzOTVkOS1jNDhkLTRmMGYtOGY4Yi1lZWZiZjc2YmM3ZmMiLCJlbWFpbCI6ImFkbWluQHRhbGx5ai5jb20iLCJhdXRoTWV0aG9kIjoiTG9jYWwiLCJqdGkiOiJkYzM3ZWNhMi1iMmUyLTRlNjMtYmUxYS1mMDA5ZTc4YzM1NzUiLCJleHAiOjE3Njk5MDc2ODAsImlzcyI6IlRhbGx5SjRUZXN0QVBJIiwiYXVkIjoiVGFsbHlKNFRlc3RDbGllbnQifQ.XvfLGOC-tkaGxOQfZTtFcHUPSri-PIi5wxi45fJ7duU&#xD;
[17:01:20 INF] [] Request starting HTTP/1.1 POST http://localhost/api/results/election/673ab79e-4745-4b30-ae8b-2f1911aa045f/calculate - null null Microsoft.AspNetCore.Hosting.Diagnostics&#xD;
[17:01:20 INF] [] JWT Message received - Header: True, HasBearer: True, TokenLength: 355, ActualHeader: 'Bearer eyJhbGciOiJIUzI1NiIsInR5cCI6IkpXVCJ9.eyJzdWIiOiIzNjQzOTVkOS1jNDhkLTRmMGYtOGY4Yi1lZWZiZjc2YmM3...' &#xD;
[17:01:20 INF] [] JWT Token validated successfully for user: 364395d9-c48d-4f0f-8f8b-eefbf76bc7fc &#xD;
[17:01:20 INF] [] Executing endpoint 'TallyJ4.Controllers.ResultsController.CalculateTally (TallyJ4)' Microsoft.AspNetCore.Routing.EndpointMiddleware&#xD;
[17:01:20 INF] [] Route matched with {action = "CalculateTally", controller = "Results"}. Executing controller action with signature System.Threading.Tasks.Task`1[Microsoft.AspNetCore.Mvc.ActionResult`1[TallyJ4.DTOs.Results.TallyResultDto]] CalculateTally(System.Guid, System.String) on controller TallyJ4.Controllers.ResultsController (TallyJ4). Microsoft.AspNetCore.Mvc.Infrastructure.ControllerActionInvoker&#xD;
[17:01:20 INF] [] Starting tally calculation for election 673ab79e-4745-4b30-ae8b-2f1911aa045f, type: normal TallyJ4.Controllers.ResultsController&#xD;
[17:01:20 INF] [] Starting normal election tally calculation for election 673ab79e-4745-4b30-ae8b-2f1911aa045f TallyJ4.Services.TallyService&#xD;
[17:01:20 INF] [] Executed DbCommand (3ms) [Parameters=[@electionGuid='673ab79e-4745-4b30-ae8b-2f1911aa045f'], CommandType='Text', CommandTimeout='30']&#xD;
SELECT TOP(1) [e].[_RowId], [e].[CanReceive], [e].[CanVote], [e].[Convenor], [e].[CustomMethods], [e].[DateOfElection], [e].[ElectionGuid], [e].[ElectionMode], [e].[ElectionPasscode], [e].[ElectionType], [e].[EmailFromAddress], [e].[EmailFromName], [e].[EmailSubject], [e].[EmailText], [e].[Flags], [e].[HidePreBallotPages], [e].[LastEnvNum], [e].[LinkedElectionGuid], [e].[LinkedElectionKind], [e].[ListForPublic], [e].[ListedForPublicAsOf], [e].[MaskVotingMethod], [e].[Name], [e].[NumberExtra], [e].[NumberToElect], [e].[OnlineAnnounced], [e].[OnlineCloseIsEstimate], [e].[OnlineSelectionProcess], [e].[OnlineWhenClose], [e].[OnlineWhenOpen], [e].[OwnerLoginId], [e].[_RowVersion], [e].[ShowAsTest], [e].[ShowFullReport], [e].[SmsText], [e].[TallyStatus], [e].[UseCallInButton], [e].[VotingMethods]&#xD;
FROM [Elections] AS [e]&#xD;
WHERE [e].[ElectionGuid] = @electionGuid Microsoft.EntityFrameworkCore.Database.Command&#xD;
[17:01:20 WRN] [] Election 673ab79e-4745-4b30-ae8b-2f1911aa045f not found TallyJ4.Controllers.ResultsController&#xD;
System.ArgumentException: Election 673ab79e-4745-4b30-ae8b-2f1911aa045f not found&#xD;
   at TallyJ4.Services.TallyService.CalculateNormalElectionAsync(Guid electionGuid) in C:\Users\glenl\.zenflow\worktrees\jan-31-review-f-cad9\backend\Services\TallyService.cs:line 57&#xD;
   at TallyJ4.Controllers.ResultsController.CalculateTally(Guid electionGuid, String electionType) in C:\Users\glenl\.zenflow\worktrees\jan-31-review-f-cad9\backend\Controllers\ResultsController.cs:line 61&#xD;
[17:01:20 INF] [] Executing NotFoundObjectResult, writing value of type '&lt;&gt;f__AnonymousType2`1[[System.String, System.Private.CoreLib, Version=10.0.0.0, Culture=neutral, PublicKeyToken=7cec85d7bea7798e]]'. Microsoft.AspNetCore.Mvc.Infrastructure.ObjectResultExecutor&#xD;
[17:01:20 INF] [] Executed action TallyJ4.Controllers.ResultsController.CalculateTally (TallyJ4) in 8.3206ms Microsoft.AspNetCore.Mvc.Infrastructure.ControllerActionInvoker&#xD;
[17:01:20 INF] [] Executed endpoint 'TallyJ4.Controllers.ResultsController.CalculateTally (TallyJ4)' Microsoft.AspNetCore.Routing.EndpointMiddleware&#xD;
[17:01:20 INF] [] Request finished HTTP/1.1 POST http://localhost/api/results/election/673ab79e-4745-4b30-ae8b-2f1911aa045f/calculate - 404 null application/json; charset=utf-8 21.3465ms Microsoft.AspNetCore.Hosting.Diagnostics&#xD;
[17:01:20 INF] [] Request starting HTTP/1.1 POST http://localhost/api/results/election/2d26d584-c88e-4820-87b6-613df7b5ed50/calculate - null null Microsoft.AspNetCore.Hosting.Diagnostics&#xD;
[17:01:20 INF] [] JWT Message received - Header: False, HasBearer: False, TokenLength: 0, ActualHeader: '' &#xD;
[17:01:20 INF] [] Authorization failed. These requirements were not met:&#xD;
DenyAnonymousAuthorizationRequirement: Requires an authenticated user. Microsoft.AspNetCore.Authorization.DefaultAuthorizationService&#xD;
[17:01:20 WRN] [] JWT Challenge initiated - Error: null, ErrorDescription: null, AuthFailure: null &#xD;
[17:01:20 INF] [] AuthenticationScheme: Bearer was challenged. Microsoft.AspNetCore.Authentication.JwtBearer.JwtBearerHandler&#xD;
[17:01:20 INF] [] Request finished HTTP/1.1 POST http://localhost/api/results/election/2d26d584-c88e-4820-87b6-613df7b5ed50/calculate - 401 null null 0.9031ms Microsoft.AspNetCore.Hosting.Diagnostics&#xD;
[xUnit.net 00:00:07.29]   Finished:    TallyJ4.Tests&#xD;
</StdOut>
    </Output>
    <RunInfos>
      <RunInfo computerName="GLEN16" outcome="Error" timestamp="2026-01-31T17:01:17.9291420-07:00">
        <Text>[xUnit.net 00:00:05.07]     TallyJ4.Tests.IntegrationTests.ProgramStartupTests.Application_StartsSuccessfully [FAIL]</Text>
      </RunInfo>
    </RunInfos>
  </ResultSummary>
</TestRun>